{"/Users/deepikazende/Projects/hcc-backend/index.js": {"path":"/Users/deepikazende/Projects/hcc-backend/index.js","statementMap":{"0":{"start":{"line":6,"column":12},"end":{"line":6,"column":21}},"1":{"start":{"line":8,"column":0},"end":{"line":8,"column":15}},"2":{"start":{"line":9,"column":0},"end":{"line":9,"column":22}},"3":{"start":{"line":10,"column":0},"end":{"line":10,"column":23}},"4":{"start":{"line":12,"column":13},"end":{"line":12,"column":37}},"5":{"start":{"line":13,"column":15},"end":{"line":15,"column":1}},"6":{"start":{"line":14,"column":4},"end":{"line":14,"column":46}}},"fnMap":{"0":{"name":"(anonymous_0)","decl":{"start":{"line":13,"column":32},"end":{"line":13,"column":33}},"loc":{"start":{"line":14,"column":4},"end":{"line":14,"column":46}},"line":14}},"branchMap":{"0":{"loc":{"start":{"line":12,"column":13},"end":{"line":12,"column":37}},"type":"binary-expr","locations":[{"start":{"line":12,"column":13},"end":{"line":12,"column":29}},{"start":{"line":12,"column":33},"end":{"line":12,"column":37}}],"line":12}},"s":{"0":1,"1":1,"2":1,"3":1,"4":1,"5":1,"6":1},"f":{"0":1},"b":{"0":[1,1]},"_coverageSchema":"1a1c01bbd47fc00a2c39e90264f33305004495a9","hash":"9437fb631681c0ee7ae5de649c3f4d7eb30fe41c"}
,"/Users/deepikazende/Projects/hcc-backend/middleware/admin.js": {"path":"/Users/deepikazende/Projects/hcc-backend/middleware/admin.js","statementMap":{"0":{"start":{"line":5,"column":4},"end":{"line":5,"column":50}},"1":{"start":{"line":5,"column":36},"end":{"line":5,"column":50}},"2":{"start":{"line":10,"column":4},"end":{"line":11,"column":53}},"3":{"start":{"line":11,"column":8},"end":{"line":11,"column":53}},"4":{"start":{"line":13,"column":4},"end":{"line":13,"column":11}}},"fnMap":{"0":{"name":"admin","decl":{"start":{"line":4,"column":16},"end":{"line":4,"column":21}},"loc":{"start":{"line":4,"column":38},"end":{"line":14,"column":1}},"line":4}},"branchMap":{"0":{"loc":{"start":{"line":5,"column":4},"end":{"line":5,"column":50}},"type":"if","locations":[{"start":{"line":5,"column":4},"end":{"line":5,"column":50}},{"start":{},"end":{}}],"line":5},"1":{"loc":{"start":{"line":10,"column":4},"end":{"line":11,"column":53}},"type":"if","locations":[{"start":{"line":10,"column":4},"end":{"line":11,"column":53}},{"start":{},"end":{}}],"line":10}},"s":{"0":1,"1":0,"2":1,"3":0,"4":1},"f":{"0":1},"b":{"0":[0,1],"1":[0,1]},"_coverageSchema":"1a1c01bbd47fc00a2c39e90264f33305004495a9","hash":"31737d61eee15fdc86444ac69995f0f9c6b1ae2b"}
,"/Users/deepikazende/Projects/hcc-backend/middleware/auth.js": {"path":"/Users/deepikazende/Projects/hcc-backend/middleware/auth.js","statementMap":{"0":{"start":{"line":5,"column":4},"end":{"line":5,"column":50}},"1":{"start":{"line":5,"column":36},"end":{"line":5,"column":50}},"2":{"start":{"line":7,"column":18},"end":{"line":7,"column":44}},"3":{"start":{"line":8,"column":4},"end":{"line":9,"column":73}},"4":{"start":{"line":9,"column":8},"end":{"line":9,"column":73}},"5":{"start":{"line":11,"column":4},"end":{"line":17,"column":5}},"6":{"start":{"line":12,"column":24},"end":{"line":12,"column":70}},"7":{"start":{"line":13,"column":8},"end":{"line":13,"column":30}},"8":{"start":{"line":14,"column":8},"end":{"line":14,"column":15}},"9":{"start":{"line":16,"column":8},"end":{"line":16,"column":47}}},"fnMap":{"0":{"name":"auth","decl":{"start":{"line":4,"column":16},"end":{"line":4,"column":20}},"loc":{"start":{"line":4,"column":37},"end":{"line":18,"column":1}},"line":4}},"branchMap":{"0":{"loc":{"start":{"line":5,"column":4},"end":{"line":5,"column":50}},"type":"if","locations":[{"start":{"line":5,"column":4},"end":{"line":5,"column":50}},{"start":{},"end":{}}],"line":5},"1":{"loc":{"start":{"line":8,"column":4},"end":{"line":9,"column":73}},"type":"if","locations":[{"start":{"line":8,"column":4},"end":{"line":9,"column":73}},{"start":{},"end":{}}],"line":8}},"s":{"0":5,"1":0,"2":5,"3":5,"4":1,"5":4,"6":4,"7":3,"8":3,"9":1},"f":{"0":5},"b":{"0":[0,5],"1":[1,4]},"_coverageSchema":"1a1c01bbd47fc00a2c39e90264f33305004495a9","hash":"96bbf5c6ce1e4ef264e267308a72fc54abef40ab"}
,"/Users/deepikazende/Projects/hcc-backend/middleware/checkAccess.js": {"path":"/Users/deepikazende/Projects/hcc-backend/middleware/checkAccess.js","statementMap":{"0":{"start":{"line":1,"column":27},"end":{"line":26,"column":1}},"1":{"start":{"line":2,"column":4},"end":{"line":25,"column":6}},"2":{"start":{"line":3,"column":8},"end":{"line":5,"column":9}},"3":{"start":{"line":4,"column":12},"end":{"line":4,"column":26}},"4":{"start":{"line":8,"column":20},"end":{"line":8,"column":55}},"5":{"start":{"line":9,"column":8},"end":{"line":11,"column":9}},"6":{"start":{"line":10,"column":12},"end":{"line":10,"column":62}},"7":{"start":{"line":13,"column":8},"end":{"line":18,"column":9}},"8":{"start":{"line":14,"column":12},"end":{"line":15,"column":31}},"9":{"start":{"line":14,"column":31},"end":{"line":14,"column":61}},"10":{"start":{"line":15,"column":17},"end":{"line":15,"column":31}},"11":{"start":{"line":17,"column":12},"end":{"line":17,"column":31}},"12":{"start":{"line":20,"column":8},"end":{"line":22,"column":9}},"13":{"start":{"line":21,"column":12},"end":{"line":21,"column":57}},"14":{"start":{"line":24,"column":8},"end":{"line":24,"column":15}}},"fnMap":{"0":{"name":"(anonymous_0)","decl":{"start":{"line":1,"column":27},"end":{"line":1,"column":28}},"loc":{"start":{"line":1,"column":77},"end":{"line":26,"column":1}},"line":1},"1":{"name":"(anonymous_1)","decl":{"start":{"line":2,"column":11},"end":{"line":2,"column":12}},"loc":{"start":{"line":2,"column":37},"end":{"line":25,"column":5}},"line":2}},"branchMap":{"0":{"loc":{"start":{"line":3,"column":8},"end":{"line":5,"column":9}},"type":"if","locations":[{"start":{"line":3,"column":8},"end":{"line":5,"column":9}},{"start":{},"end":{}}],"line":3},"1":{"loc":{"start":{"line":9,"column":8},"end":{"line":11,"column":9}},"type":"if","locations":[{"start":{"line":9,"column":8},"end":{"line":11,"column":9}},{"start":{},"end":{}}],"line":9},"2":{"loc":{"start":{"line":13,"column":8},"end":{"line":18,"column":9}},"type":"if","locations":[{"start":{"line":13,"column":8},"end":{"line":18,"column":9}},{"start":{"line":16,"column":15},"end":{"line":18,"column":9}}],"line":13},"3":{"loc":{"start":{"line":14,"column":12},"end":{"line":15,"column":31}},"type":"if","locations":[{"start":{"line":14,"column":12},"end":{"line":15,"column":31}},{"start":{"line":15,"column":17},"end":{"line":15,"column":31}}],"line":14},"4":{"loc":{"start":{"line":20,"column":8},"end":{"line":22,"column":9}},"type":"if","locations":[{"start":{"line":20,"column":8},"end":{"line":22,"column":9}},{"start":{},"end":{}}],"line":20}},"s":{"0":1,"1":5,"2":0,"3":0,"4":0,"5":0,"6":0,"7":0,"8":0,"9":0,"10":0,"11":0,"12":0,"13":0,"14":0},"f":{"0":5,"1":0},"b":{"0":[0,0],"1":[0,0],"2":[0,0],"3":[0,0],"4":[0,0]},"_coverageSchema":"1a1c01bbd47fc00a2c39e90264f33305004495a9","hash":"c50d4a27a8165932fbd3d38564e9f572e3333441"}
,"/Users/deepikazende/Projects/hcc-backend/middleware/checkOwner.js": {"path":"/Users/deepikazende/Projects/hcc-backend/middleware/checkOwner.js","statementMap":{"0":{"start":{"line":1,"column":26},"end":{"line":17,"column":1}},"1":{"start":{"line":2,"column":4},"end":{"line":16,"column":6}},"2":{"start":{"line":3,"column":8},"end":{"line":5,"column":9}},"3":{"start":{"line":4,"column":12},"end":{"line":4,"column":26}},"4":{"start":{"line":7,"column":20},"end":{"line":7,"column":55}},"5":{"start":{"line":8,"column":8},"end":{"line":10,"column":9}},"6":{"start":{"line":9,"column":12},"end":{"line":9,"column":62}},"7":{"start":{"line":12,"column":8},"end":{"line":14,"column":9}},"8":{"start":{"line":13,"column":12},"end":{"line":13,"column":57}},"9":{"start":{"line":15,"column":8},"end":{"line":15,"column":15}}},"fnMap":{"0":{"name":"(anonymous_0)","decl":{"start":{"line":1,"column":26},"end":{"line":1,"column":27}},"loc":{"start":{"line":1,"column":63},"end":{"line":17,"column":1}},"line":1},"1":{"name":"(anonymous_1)","decl":{"start":{"line":2,"column":11},"end":{"line":2,"column":12}},"loc":{"start":{"line":2,"column":37},"end":{"line":16,"column":5}},"line":2}},"branchMap":{"0":{"loc":{"start":{"line":3,"column":8},"end":{"line":5,"column":9}},"type":"if","locations":[{"start":{"line":3,"column":8},"end":{"line":5,"column":9}},{"start":{},"end":{}}],"line":3},"1":{"loc":{"start":{"line":8,"column":8},"end":{"line":10,"column":9}},"type":"if","locations":[{"start":{"line":8,"column":8},"end":{"line":10,"column":9}},{"start":{},"end":{}}],"line":8},"2":{"loc":{"start":{"line":12,"column":8},"end":{"line":14,"column":9}},"type":"if","locations":[{"start":{"line":12,"column":8},"end":{"line":14,"column":9}},{"start":{},"end":{}}],"line":12}},"s":{"0":1,"1":7,"2":0,"3":0,"4":0,"5":0,"6":0,"7":0,"8":0,"9":0},"f":{"0":7,"1":0},"b":{"0":[0,0],"1":[0,0],"2":[0,0]},"_coverageSchema":"1a1c01bbd47fc00a2c39e90264f33305004495a9","hash":"75a4e549e85a0ba86d2ac0d9a3a9916ef0126d06"}
,"/Users/deepikazende/Projects/hcc-backend/middleware/error.js": {"path":"/Users/deepikazende/Projects/hcc-backend/middleware/error.js","statementMap":{"0":{"start":{"line":4,"column":2},"end":{"line":4,"column":33}},"1":{"start":{"line":6,"column":2},"end":{"line":6,"column":49}}},"fnMap":{"0":{"name":"error","decl":{"start":{"line":3,"column":16},"end":{"line":3,"column":21}},"loc":{"start":{"line":3,"column":43},"end":{"line":7,"column":1}},"line":3}},"branchMap":{},"s":{"0":0,"1":0},"f":{"0":0},"b":{},"_coverageSchema":"1a1c01bbd47fc00a2c39e90264f33305004495a9","hash":"21d053ee27527c0317fab9186d04c5b874dfbd53"}
,"/Users/deepikazende/Projects/hcc-backend/middleware/hospital.js": {"path":"/Users/deepikazende/Projects/hcc-backend/middleware/hospital.js","statementMap":{"0":{"start":{"line":5,"column":4},"end":{"line":5,"column":50}},"1":{"start":{"line":5,"column":36},"end":{"line":5,"column":50}},"2":{"start":{"line":10,"column":4},"end":{"line":11,"column":53}},"3":{"start":{"line":11,"column":8},"end":{"line":11,"column":53}},"4":{"start":{"line":13,"column":4},"end":{"line":13,"column":11}}},"fnMap":{"0":{"name":"doctor","decl":{"start":{"line":4,"column":16},"end":{"line":4,"column":22}},"loc":{"start":{"line":4,"column":39},"end":{"line":14,"column":1}},"line":4}},"branchMap":{"0":{"loc":{"start":{"line":5,"column":4},"end":{"line":5,"column":50}},"type":"if","locations":[{"start":{"line":5,"column":4},"end":{"line":5,"column":50}},{"start":{},"end":{}}],"line":5},"1":{"loc":{"start":{"line":10,"column":4},"end":{"line":11,"column":53}},"type":"if","locations":[{"start":{"line":10,"column":4},"end":{"line":11,"column":53}},{"start":{},"end":{}}],"line":10}},"s":{"0":0,"1":0,"2":0,"3":0,"4":0},"f":{"0":0},"b":{"0":[0,0],"1":[0,0]},"_coverageSchema":"1a1c01bbd47fc00a2c39e90264f33305004495a9","hash":"156d2a22104239603218dbd3c3612bf4c49ca990"}
,"/Users/deepikazende/Projects/hcc-backend/middleware/validate.js": {"path":"/Users/deepikazende/Projects/hcc-backend/middleware/validate.js","statementMap":{"0":{"start":{"line":3,"column":28},"end":{"line":12,"column":1}},"1":{"start":{"line":4,"column":4},"end":{"line":11,"column":6}},"2":{"start":{"line":5,"column":26},"end":{"line":5,"column":57}},"3":{"start":{"line":6,"column":8},"end":{"line":9,"column":9}},"4":{"start":{"line":7,"column":12},"end":{"line":8,"column":56}},"5":{"start":{"line":10,"column":8},"end":{"line":10,"column":15}},"6":{"start":{"line":14,"column":37},"end":{"line":29,"column":1}},"7":{"start":{"line":15,"column":4},"end":{"line":28,"column":6}},"8":{"start":{"line":16,"column":8},"end":{"line":26,"column":9}},"9":{"start":{"line":17,"column":12},"end":{"line":23,"column":13}},"10":{"start":{"line":18,"column":16},"end":{"line":22,"column":17}},"11":{"start":{"line":19,"column":20},"end":{"line":19,"column":59}},"12":{"start":{"line":21,"column":20},"end":{"line":21,"column":70}},"13":{"start":{"line":25,"column":12},"end":{"line":25,"column":53}},"14":{"start":{"line":27,"column":8},"end":{"line":27,"column":15}}},"fnMap":{"0":{"name":"(anonymous_0)","decl":{"start":{"line":3,"column":28},"end":{"line":3,"column":29}},"loc":{"start":{"line":3,"column":46},"end":{"line":12,"column":1}},"line":3},"1":{"name":"(anonymous_1)","decl":{"start":{"line":4,"column":11},"end":{"line":4,"column":12}},"loc":{"start":{"line":4,"column":31},"end":{"line":11,"column":5}},"line":4},"2":{"name":"(anonymous_2)","decl":{"start":{"line":14,"column":37},"end":{"line":14,"column":38}},"loc":{"start":{"line":14,"column":49},"end":{"line":29,"column":1}},"line":14},"3":{"name":"(anonymous_3)","decl":{"start":{"line":15,"column":11},"end":{"line":15,"column":12}},"loc":{"start":{"line":15,"column":31},"end":{"line":28,"column":5}},"line":15}},"branchMap":{"0":{"loc":{"start":{"line":6,"column":8},"end":{"line":9,"column":9}},"type":"if","locations":[{"start":{"line":6,"column":8},"end":{"line":9,"column":9}},{"start":{},"end":{}}],"line":6},"1":{"loc":{"start":{"line":18,"column":16},"end":{"line":22,"column":17}},"type":"if","locations":[{"start":{"line":18,"column":16},"end":{"line":22,"column":17}},{"start":{"line":20,"column":23},"end":{"line":22,"column":17}}],"line":18}},"s":{"0":1,"1":17,"2":6,"3":6,"4":2,"5":4,"6":1,"7":7,"8":0,"9":0,"10":0,"11":0,"12":0,"13":0,"14":0},"f":{"0":17,"1":6,"2":7,"3":0},"b":{"0":[2,4],"1":[0,0]},"_coverageSchema":"1a1c01bbd47fc00a2c39e90264f33305004495a9","hash":"a4ecbb596cb6c4f3f225d351c34c32ecaf894350"}
,"/Users/deepikazende/Projects/hcc-backend/middleware/validateObjectId.js": {"path":"/Users/deepikazende/Projects/hcc-backend/middleware/validateObjectId.js","statementMap":{"0":{"start":{"line":4,"column":4},"end":{"line":6,"column":5}},"1":{"start":{"line":5,"column":8},"end":{"line":5,"column":50}},"2":{"start":{"line":8,"column":4},"end":{"line":8,"column":11}}},"fnMap":{"0":{"name":"(anonymous_0)","decl":{"start":{"line":3,"column":15},"end":{"line":3,"column":16}},"loc":{"start":{"line":3,"column":41},"end":{"line":9,"column":1}},"line":3}},"branchMap":{"0":{"loc":{"start":{"line":4,"column":4},"end":{"line":6,"column":5}},"type":"if","locations":[{"start":{"line":4,"column":4},"end":{"line":6,"column":5}},{"start":{},"end":{}}],"line":4}},"s":{"0":0,"1":0,"2":0},"f":{"0":0},"b":{"0":[0,0]},"_coverageSchema":"1a1c01bbd47fc00a2c39e90264f33305004495a9","hash":"7a478d27ee7c31fbb157b688349acde4200f10c6"}
,"/Users/deepikazende/Projects/hcc-backend/models/accountModel.js": {"path":"/Users/deepikazende/Projects/hcc-backend/models/accountModel.js","statementMap":{"0":{"start":{"line":8,"column":26},"end":{"line":16,"column":1}},"1":{"start":{"line":18,"column":21},"end":{"line":22,"column":1}},"2":{"start":{"line":24,"column":29},"end":{"line":34,"column":1}},"3":{"start":{"line":36,"column":17},"end":{"line":66,"column":2}},"4":{"start":{"line":54,"column":12},"end":{"line":54,"column":54}},"5":{"start":{"line":62,"column":16},"end":{"line":62,"column":54}},"6":{"start":{"line":68,"column":0},"end":{"line":83,"column":2}},"7":{"start":{"line":69,"column":15},"end":{"line":73,"column":5}},"8":{"start":{"line":74,"column":4},"end":{"line":75,"column":75}},"9":{"start":{"line":74,"column":44},"end":{"line":74,"column":74}},"10":{"start":{"line":75,"column":9},"end":{"line":75,"column":75}},"11":{"start":{"line":75,"column":45},"end":{"line":75,"column":75}},"12":{"start":{"line":77,"column":20},"end":{"line":77,"column":22}},"13":{"start":{"line":78,"column":4},"end":{"line":78,"column":49}},"14":{"start":{"line":78,"column":19},"end":{"line":78,"column":49}},"15":{"start":{"line":80,"column":18},"end":{"line":80,"column":70}},"16":{"start":{"line":82,"column":4},"end":{"line":82,"column":17}},"17":{"start":{"line":85,"column":23},"end":{"line":85,"column":49}}},"fnMap":{"0":{"name":"(anonymous_0)","decl":{"start":{"line":53,"column":18},"end":{"line":53,"column":19}},"loc":{"start":{"line":53,"column":30},"end":{"line":55,"column":9}},"line":53},"1":{"name":"(anonymous_1)","decl":{"start":{"line":61,"column":22},"end":{"line":61,"column":23}},"loc":{"start":{"line":61,"column":34},"end":{"line":63,"column":13}},"line":61},"2":{"name":"(anonymous_2)","decl":{"start":{"line":68,"column":37},"end":{"line":68,"column":38}},"loc":{"start":{"line":68,"column":58},"end":{"line":83,"column":1}},"line":68}},"branchMap":{"0":{"loc":{"start":{"line":74,"column":4},"end":{"line":75,"column":75}},"type":"if","locations":[{"start":{"line":74,"column":4},"end":{"line":75,"column":75}},{"start":{"line":75,"column":9},"end":{"line":75,"column":75}}],"line":74},"1":{"loc":{"start":{"line":75,"column":9},"end":{"line":75,"column":75}},"type":"if","locations":[{"start":{"line":75,"column":9},"end":{"line":75,"column":75}},{"start":{},"end":{}}],"line":75},"2":{"loc":{"start":{"line":78,"column":4},"end":{"line":78,"column":49}},"type":"if","locations":[{"start":{"line":78,"column":4},"end":{"line":78,"column":49}},{"start":{},"end":{}}],"line":78}},"s":{"0":2,"1":2,"2":2,"3":2,"4":5,"5":0,"6":2,"7":6,"8":6,"9":2,"10":4,"11":1,"12":6,"13":6,"14":0,"15":6,"16":6,"17":2},"f":{"0":5,"1":0,"2":6},"b":{"0":[2,4],"1":[1,3],"2":[0,6]},"_coverageSchema":"1a1c01bbd47fc00a2c39e90264f33305004495a9","hash":"6a51fa52190743a6898daf9f578570c85d4cd85b"}
,"/Users/deepikazende/Projects/hcc-backend/models/appointmentModel.js": {"path":"/Users/deepikazende/Projects/hcc-backend/models/appointmentModel.js","statementMap":{"0":{"start":{"line":6,"column":33},"end":{"line":23,"column":1}},"1":{"start":{"line":25,"column":39},"end":{"line":25,"column":68}},"2":{"start":{"line":27,"column":26},"end":{"line":36,"column":1}},"3":{"start":{"line":38,"column":39},"end":{"line":38,"column":68}},"4":{"start":{"line":40,"column":30},"end":{"line":47,"column":1}},"5":{"start":{"line":49,"column":43},"end":{"line":49,"column":76}},"6":{"start":{"line":51,"column":36},"end":{"line":58,"column":1}},"7":{"start":{"line":60,"column":49},"end":{"line":62,"column":1}},"8":{"start":{"line":64,"column":17},"end":{"line":80,"column":2}},"9":{"start":{"line":82,"column":27},"end":{"line":82,"column":57}}},"fnMap":{},"branchMap":{},"s":{"0":1,"1":1,"2":1,"3":1,"4":1,"5":1,"6":1,"7":1,"8":1,"9":1},"f":{},"b":{},"_coverageSchema":"1a1c01bbd47fc00a2c39e90264f33305004495a9","hash":"db6fc1404e118e5a8ba1ec3ed4844a5e6043f127"}
,"/Users/deepikazende/Projects/hcc-backend/models/authmodel.js": {"path":"/Users/deepikazende/Projects/hcc-backend/models/authmodel.js","statementMap":{"0":{"start":{"line":3,"column":19},"end":{"line":6,"column":1}},"1":{"start":{"line":7,"column":32},"end":{"line":7,"column":54}}},"fnMap":{},"branchMap":{},"s":{"0":1,"1":1},"f":{},"b":{},"_coverageSchema":"1a1c01bbd47fc00a2c39e90264f33305004495a9","hash":"3a21ff6694a1b38f21017bf52f0508c777969cad"}
,"/Users/deepikazende/Projects/hcc-backend/models/doctorModel.js": {"path":"/Users/deepikazende/Projects/hcc-backend/models/doctorModel.js","statementMap":{"0":{"start":{"line":5,"column":28},"end":{"line":15,"column":1}},"1":{"start":{"line":17,"column":34},"end":{"line":17,"column":58}},"2":{"start":{"line":19,"column":17},"end":{"line":39,"column":2}},"3":{"start":{"line":41,"column":22},"end":{"line":41,"column":47}}},"fnMap":{},"branchMap":{},"s":{"0":1,"1":1,"2":1,"3":1},"f":{},"b":{},"_coverageSchema":"1a1c01bbd47fc00a2c39e90264f33305004495a9","hash":"f125ceb2761c201eca15aa485f0c5d3eb6a830a3"}
,"/Users/deepikazende/Projects/hcc-backend/models/hospitalModel.js": {"path":"/Users/deepikazende/Projects/hcc-backend/models/hospitalModel.js","statementMap":{"0":{"start":{"line":4,"column":30},"end":{"line":6,"column":1}},"1":{"start":{"line":8,"column":36},"end":{"line":8,"column":62}},"2":{"start":{"line":10,"column":17},"end":{"line":13,"column":2}},"3":{"start":{"line":15,"column":24},"end":{"line":15,"column":51}}},"fnMap":{},"branchMap":{},"s":{"0":1,"1":1,"2":1,"3":1},"f":{},"b":{},"_coverageSchema":"1a1c01bbd47fc00a2c39e90264f33305004495a9","hash":"68edfe96e1ee2433cb285e0873abeaf29741e821"}
,"/Users/deepikazende/Projects/hcc-backend/models/medicalRecordModel.js": {"path":"/Users/deepikazende/Projects/hcc-backend/models/medicalRecordModel.js","statementMap":{"0":{"start":{"line":8,"column":35},"end":{"line":49,"column":1}},"1":{"start":{"line":50,"column":41},"end":{"line":50,"column":72}},"2":{"start":{"line":52,"column":17},"end":{"line":99,"column":2}},"3":{"start":{"line":79,"column":16},"end":{"line":79,"column":38}},"4":{"start":{"line":94,"column":12},"end":{"line":94,"column":34}},"5":{"start":{"line":101,"column":29},"end":{"line":101,"column":61}}},"fnMap":{"0":{"name":"(anonymous_0)","decl":{"start":{"line":78,"column":12},"end":{"line":78,"column":13}},"loc":{"start":{"line":78,"column":27},"end":{"line":80,"column":13}},"line":78},"1":{"name":"(anonymous_1)","decl":{"start":{"line":93,"column":18},"end":{"line":93,"column":19}},"loc":{"start":{"line":93,"column":30},"end":{"line":95,"column":9}},"line":93}},"branchMap":{},"s":{"0":1,"1":1,"2":1,"3":0,"4":0,"5":1},"f":{"0":0,"1":0},"b":{},"_coverageSchema":"1a1c01bbd47fc00a2c39e90264f33305004495a9","hash":"1af4e361a68dd0a5d1729958b7dd652062306ff5"}
,"/Users/deepikazende/Projects/hcc-backend/models/medicationModel.js": {"path":"/Users/deepikazende/Projects/hcc-backend/models/medicationModel.js","statementMap":{"0":{"start":{"line":4,"column":32},"end":{"line":6,"column":1}},"1":{"start":{"line":8,"column":38},"end":{"line":8,"column":66}},"2":{"start":{"line":10,"column":17},"end":{"line":12,"column":2}},"3":{"start":{"line":14,"column":26},"end":{"line":14,"column":55}}},"fnMap":{},"branchMap":{},"s":{"0":1,"1":1,"2":1,"3":1},"f":{},"b":{},"_coverageSchema":"1a1c01bbd47fc00a2c39e90264f33305004495a9","hash":"88c92571c3b18b297f5652299c0e9e4d6a3b50c4"}
,"/Users/deepikazende/Projects/hcc-backend/models/prescriptionModel.js": {"path":"/Users/deepikazende/Projects/hcc-backend/models/prescriptionModel.js","statementMap":{"0":{"start":{"line":8,"column":34},"end":{"line":42,"column":1}},"1":{"start":{"line":43,"column":40},"end":{"line":43,"column":70}},"2":{"start":{"line":45,"column":17},"end":{"line":98,"column":2}},"3":{"start":{"line":100,"column":28},"end":{"line":100,"column":59}}},"fnMap":{},"branchMap":{},"s":{"0":1,"1":1,"2":1,"3":1},"f":{},"b":{},"_coverageSchema":"1a1c01bbd47fc00a2c39e90264f33305004495a9","hash":"8c0f05a778bd2aa2d6847ec992594ffc7a427e1b"}
,"/Users/deepikazende/Projects/hcc-backend/models/profileModel.js": {"path":"/Users/deepikazende/Projects/hcc-backend/models/profileModel.js","statementMap":{"0":{"start":{"line":6,"column":29},"end":{"line":14,"column":1}},"1":{"start":{"line":15,"column":35},"end":{"line":15,"column":60}},"2":{"start":{"line":17,"column":17},"end":{"line":30,"column":2}},"3":{"start":{"line":32,"column":23},"end":{"line":32,"column":49}}},"fnMap":{},"branchMap":{},"s":{"0":1,"1":1,"2":1,"3":1},"f":{},"b":{},"_coverageSchema":"1a1c01bbd47fc00a2c39e90264f33305004495a9","hash":"23757d048f816e63c76b83e4c9288f035971852f"}
,"/Users/deepikazende/Projects/hcc-backend/models/recordTypeModel.js": {"path":"/Users/deepikazende/Projects/hcc-backend/models/recordTypeModel.js","statementMap":{"0":{"start":{"line":4,"column":32},"end":{"line":6,"column":1}},"1":{"start":{"line":8,"column":38},"end":{"line":8,"column":66}},"2":{"start":{"line":10,"column":17},"end":{"line":12,"column":2}},"3":{"start":{"line":14,"column":26},"end":{"line":14,"column":55}}},"fnMap":{},"branchMap":{},"s":{"0":1,"1":1,"2":1,"3":1},"f":{},"b":{},"_coverageSchema":"1a1c01bbd47fc00a2c39e90264f33305004495a9","hash":"d9dd94a879eeeebe18770f9d5e1a951cc1009fb2"}
,"/Users/deepikazende/Projects/hcc-backend/models/specializationModel.js": {"path":"/Users/deepikazende/Projects/hcc-backend/models/specializationModel.js","statementMap":{"0":{"start":{"line":4,"column":36},"end":{"line":6,"column":1}},"1":{"start":{"line":8,"column":42},"end":{"line":8,"column":74}},"2":{"start":{"line":10,"column":17},"end":{"line":12,"column":2}},"3":{"start":{"line":14,"column":30},"end":{"line":14,"column":63}}},"fnMap":{},"branchMap":{},"s":{"0":1,"1":1,"2":1,"3":1},"f":{},"b":{},"_coverageSchema":"1a1c01bbd47fc00a2c39e90264f33305004495a9","hash":"19418d641955aabcc5422e0fa5e81b4cfa855756"}
,"/Users/deepikazende/Projects/hcc-backend/routes/accountsRoutes.js": {"path":"/Users/deepikazende/Projects/hcc-backend/routes/accountsRoutes.js","statementMap":{"0":{"start":{"line":12,"column":15},"end":{"line":12,"column":31}},"1":{"start":{"line":14,"column":0},"end":{"line":23,"column":3}},"2":{"start":{"line":15,"column":20},"end":{"line":17,"column":29}},"3":{"start":{"line":18,"column":4},"end":{"line":20,"column":5}},"4":{"start":{"line":19,"column":8},"end":{"line":19,"column":57}},"5":{"start":{"line":21,"column":4},"end":{"line":21,"column":71}},"6":{"start":{"line":21,"column":47},"end":{"line":21,"column":71}},"7":{"start":{"line":22,"column":4},"end":{"line":22,"column":22}},"8":{"start":{"line":25,"column":0},"end":{"line":28,"column":3}},"9":{"start":{"line":26,"column":21},"end":{"line":26,"column":61}},"10":{"start":{"line":27,"column":4},"end":{"line":27,"column":23}},"11":{"start":{"line":30,"column":0},"end":{"line":55,"column":2}},"12":{"start":{"line":34,"column":22},"end":{"line":34,"column":70}},"13":{"start":{"line":35,"column":8},"end":{"line":35,"column":80}},"14":{"start":{"line":35,"column":21},"end":{"line":35,"column":80}},"15":{"start":{"line":37,"column":21},"end":{"line":37,"column":45}},"16":{"start":{"line":38,"column":25},"end":{"line":38,"column":67}},"17":{"start":{"line":39,"column":8},"end":{"line":42,"column":11}},"18":{"start":{"line":44,"column":8},"end":{"line":48,"column":9}},"19":{"start":{"line":45,"column":12},"end":{"line":45,"column":33}},"20":{"start":{"line":47,"column":12},"end":{"line":47,"column":79}},"21":{"start":{"line":47,"column":41},"end":{"line":47,"column":79}},"22":{"start":{"line":49,"column":22},"end":{"line":49,"column":49}},"23":{"start":{"line":50,"column":8},"end":{"line":53,"column":68}},"24":{"start":{"line":57,"column":0},"end":{"line":107,"column":2}},"25":{"start":{"line":74,"column":22},"end":{"line":74,"column":70}},"26":{"start":{"line":75,"column":8},"end":{"line":75,"column":80}},"27":{"start":{"line":75,"column":21},"end":{"line":75,"column":80}},"28":{"start":{"line":77,"column":21},"end":{"line":77,"column":45}},"29":{"start":{"line":78,"column":25},"end":{"line":78,"column":67}},"30":{"start":{"line":80,"column":27},"end":{"line":83,"column":9}},"31":{"start":{"line":85,"column":8},"end":{"line":92,"column":9}},"32":{"start":{"line":86,"column":12},"end":{"line":87,"column":71}},"33":{"start":{"line":87,"column":16},"end":{"line":87,"column":71}},"34":{"start":{"line":89,"column":27},"end":{"line":89,"column":71}},"35":{"start":{"line":90,"column":12},"end":{"line":90,"column":77}},"36":{"start":{"line":90,"column":27},"end":{"line":90,"column":77}},"37":{"start":{"line":91,"column":12},"end":{"line":91,"column":47}},"38":{"start":{"line":94,"column":8},"end":{"line":94,"column":42}},"39":{"start":{"line":96,"column":8},"end":{"line":100,"column":9}},"40":{"start":{"line":97,"column":12},"end":{"line":97,"column":33}},"41":{"start":{"line":99,"column":12},"end":{"line":99,"column":79}},"42":{"start":{"line":99,"column":41},"end":{"line":99,"column":79}},"43":{"start":{"line":101,"column":22},"end":{"line":101,"column":49}},"44":{"start":{"line":102,"column":8},"end":{"line":105,"column":68}},"45":{"start":{"line":109,"column":0},"end":{"line":150,"column":2}},"46":{"start":{"line":117,"column":8},"end":{"line":119,"column":9}},"47":{"start":{"line":118,"column":12},"end":{"line":118,"column":62}},"48":{"start":{"line":121,"column":22},"end":{"line":121,"column":70}},"49":{"start":{"line":122,"column":8},"end":{"line":122,"column":69}},"50":{"start":{"line":122,"column":22},"end":{"line":122,"column":69}},"51":{"start":{"line":124,"column":8},"end":{"line":126,"column":9}},"52":{"start":{"line":125,"column":12},"end":{"line":125,"column":69}},"53":{"start":{"line":127,"column":8},"end":{"line":129,"column":9}},"54":{"start":{"line":128,"column":12},"end":{"line":128,"column":69}},"55":{"start":{"line":131,"column":22},"end":{"line":134,"column":9}},"56":{"start":{"line":136,"column":8},"end":{"line":136,"column":68}},"57":{"start":{"line":136,"column":20},"end":{"line":136,"column":68}},"58":{"start":{"line":138,"column":21},"end":{"line":138,"column":45}},"59":{"start":{"line":139,"column":8},"end":{"line":139,"column":71}},"60":{"start":{"line":141,"column":8},"end":{"line":145,"column":10}},"61":{"start":{"line":146,"column":8},"end":{"line":146,"column":72}},"62":{"start":{"line":146,"column":22},"end":{"line":146,"column":72}},"63":{"start":{"line":148,"column":8},"end":{"line":148,"column":67}},"64":{"start":{"line":152,"column":0},"end":{"line":174,"column":2}},"65":{"start":{"line":156,"column":22},"end":{"line":156,"column":61}},"66":{"start":{"line":157,"column":8},"end":{"line":157,"column":71}},"67":{"start":{"line":157,"column":22},"end":{"line":157,"column":71}},"68":{"start":{"line":159,"column":8},"end":{"line":161,"column":9}},"69":{"start":{"line":160,"column":12},"end":{"line":160,"column":69}},"70":{"start":{"line":162,"column":21},"end":{"line":162,"column":45}},"71":{"start":{"line":163,"column":8},"end":{"line":163,"column":71}},"72":{"start":{"line":165,"column":8},"end":{"line":169,"column":10}},"73":{"start":{"line":170,"column":8},"end":{"line":170,"column":72}},"74":{"start":{"line":170,"column":22},"end":{"line":170,"column":72}},"75":{"start":{"line":172,"column":8},"end":{"line":172,"column":67}},"76":{"start":{"line":176,"column":0},"end":{"line":183,"column":3}},"77":{"start":{"line":177,"column":20},"end":{"line":179,"column":5}},"78":{"start":{"line":180,"column":4},"end":{"line":180,"column":68}},"79":{"start":{"line":180,"column":18},"end":{"line":180,"column":68}},"80":{"start":{"line":182,"column":4},"end":{"line":182,"column":22}}},"fnMap":{"0":{"name":"(anonymous_0)","decl":{"start":{"line":14,"column":24},"end":{"line":14,"column":25}},"loc":{"start":{"line":14,"column":44},"end":{"line":23,"column":1}},"line":14},"1":{"name":"(anonymous_1)","decl":{"start":{"line":25,"column":31},"end":{"line":25,"column":32}},"loc":{"start":{"line":25,"column":51},"end":{"line":28,"column":1}},"line":25},"2":{"name":"(anonymous_2)","decl":{"start":{"line":33,"column":4},"end":{"line":33,"column":5}},"loc":{"start":{"line":33,"column":24},"end":{"line":54,"column":5}},"line":33},"3":{"name":"(anonymous_3)","decl":{"start":{"line":73,"column":4},"end":{"line":73,"column":5}},"loc":{"start":{"line":73,"column":24},"end":{"line":106,"column":5}},"line":73},"4":{"name":"(anonymous_4)","decl":{"start":{"line":116,"column":4},"end":{"line":116,"column":5}},"loc":{"start":{"line":116,"column":24},"end":{"line":149,"column":5}},"line":116},"5":{"name":"(anonymous_5)","decl":{"start":{"line":155,"column":4},"end":{"line":155,"column":5}},"loc":{"start":{"line":155,"column":24},"end":{"line":173,"column":5}},"line":155},"6":{"name":"(anonymous_6)","decl":{"start":{"line":176,"column":55},"end":{"line":176,"column":56}},"loc":{"start":{"line":176,"column":75},"end":{"line":183,"column":1}},"line":176}},"branchMap":{"0":{"loc":{"start":{"line":18,"column":4},"end":{"line":20,"column":5}},"type":"if","locations":[{"start":{"line":18,"column":4},"end":{"line":20,"column":5}},{"start":{},"end":{}}],"line":18},"1":{"loc":{"start":{"line":21,"column":4},"end":{"line":21,"column":71}},"type":"if","locations":[{"start":{"line":21,"column":4},"end":{"line":21,"column":71}},{"start":{},"end":{}}],"line":21},"2":{"loc":{"start":{"line":35,"column":8},"end":{"line":35,"column":80}},"type":"if","locations":[{"start":{"line":35,"column":8},"end":{"line":35,"column":80}},{"start":{},"end":{}}],"line":35},"3":{"loc":{"start":{"line":75,"column":8},"end":{"line":75,"column":80}},"type":"if","locations":[{"start":{"line":75,"column":8},"end":{"line":75,"column":80}},{"start":{},"end":{}}],"line":75},"4":{"loc":{"start":{"line":85,"column":8},"end":{"line":92,"column":9}},"type":"if","locations":[{"start":{"line":85,"column":8},"end":{"line":92,"column":9}},{"start":{},"end":{}}],"line":85},"5":{"loc":{"start":{"line":86,"column":12},"end":{"line":87,"column":71}},"type":"if","locations":[{"start":{"line":86,"column":12},"end":{"line":87,"column":71}},{"start":{},"end":{}}],"line":86},"6":{"loc":{"start":{"line":90,"column":12},"end":{"line":90,"column":77}},"type":"if","locations":[{"start":{"line":90,"column":12},"end":{"line":90,"column":77}},{"start":{},"end":{}}],"line":90},"7":{"loc":{"start":{"line":117,"column":8},"end":{"line":119,"column":9}},"type":"if","locations":[{"start":{"line":117,"column":8},"end":{"line":119,"column":9}},{"start":{},"end":{}}],"line":117},"8":{"loc":{"start":{"line":122,"column":8},"end":{"line":122,"column":69}},"type":"if","locations":[{"start":{"line":122,"column":8},"end":{"line":122,"column":69}},{"start":{},"end":{}}],"line":122},"9":{"loc":{"start":{"line":124,"column":8},"end":{"line":126,"column":9}},"type":"if","locations":[{"start":{"line":124,"column":8},"end":{"line":126,"column":9}},{"start":{},"end":{}}],"line":124},"10":{"loc":{"start":{"line":127,"column":8},"end":{"line":129,"column":9}},"type":"if","locations":[{"start":{"line":127,"column":8},"end":{"line":129,"column":9}},{"start":{},"end":{}}],"line":127},"11":{"loc":{"start":{"line":136,"column":8},"end":{"line":136,"column":68}},"type":"if","locations":[{"start":{"line":136,"column":8},"end":{"line":136,"column":68}},{"start":{},"end":{}}],"line":136},"12":{"loc":{"start":{"line":146,"column":8},"end":{"line":146,"column":72}},"type":"if","locations":[{"start":{"line":146,"column":8},"end":{"line":146,"column":72}},{"start":{},"end":{}}],"line":146},"13":{"loc":{"start":{"line":157,"column":8},"end":{"line":157,"column":71}},"type":"if","locations":[{"start":{"line":157,"column":8},"end":{"line":157,"column":71}},{"start":{},"end":{}}],"line":157},"14":{"loc":{"start":{"line":159,"column":8},"end":{"line":161,"column":9}},"type":"if","locations":[{"start":{"line":159,"column":8},"end":{"line":161,"column":9}},{"start":{},"end":{}}],"line":159},"15":{"loc":{"start":{"line":170,"column":8},"end":{"line":170,"column":72}},"type":"if","locations":[{"start":{"line":170,"column":8},"end":{"line":170,"column":72}},{"start":{},"end":{}}],"line":170},"16":{"loc":{"start":{"line":180,"column":4},"end":{"line":180,"column":68}},"type":"if","locations":[{"start":{"line":180,"column":4},"end":{"line":180,"column":68}},{"start":{},"end":{}}],"line":180}},"s":{"0":1,"1":1,"2":0,"3":0,"4":0,"5":0,"6":0,"7":0,"8":1,"9":0,"10":0,"11":1,"12":0,"13":0,"14":0,"15":0,"16":0,"17":0,"18":0,"19":0,"20":0,"21":0,"22":0,"23":0,"24":1,"25":0,"26":0,"27":0,"28":0,"29":0,"30":0,"31":0,"32":0,"33":0,"34":0,"35":0,"36":0,"37":0,"38":0,"39":0,"40":0,"41":0,"42":0,"43":0,"44":0,"45":1,"46":0,"47":0,"48":0,"49":0,"50":0,"51":0,"52":0,"53":0,"54":0,"55":0,"56":0,"57":0,"58":0,"59":0,"60":0,"61":0,"62":0,"63":0,"64":1,"65":0,"66":0,"67":0,"68":0,"69":0,"70":0,"71":0,"72":0,"73":0,"74":0,"75":0,"76":1,"77":0,"78":0,"79":0,"80":0},"f":{"0":0,"1":0,"2":0,"3":0,"4":0,"5":0,"6":0},"b":{"0":[0,0],"1":[0,0],"2":[0,0],"3":[0,0],"4":[0,0],"5":[0,0],"6":[0,0],"7":[0,0],"8":[0,0],"9":[0,0],"10":[0,0],"11":[0,0],"12":[0,0],"13":[0,0],"14":[0,0],"15":[0,0],"16":[0,0]},"_coverageSchema":"1a1c01bbd47fc00a2c39e90264f33305004495a9","hash":"f4daa17b2a5694fc0bf61382a9402b58ee231432"}
,"/Users/deepikazende/Projects/hcc-backend/routes/appointmentsRoutes.js": {"path":"/Users/deepikazende/Projects/hcc-backend/routes/appointmentsRoutes.js","statementMap":{"0":{"start":{"line":23,"column":15},"end":{"line":23,"column":31}},"1":{"start":{"line":25,"column":0},"end":{"line":58,"column":3}},"2":{"start":{"line":26,"column":19},"end":{"line":26,"column":51}},"3":{"start":{"line":27,"column":4},"end":{"line":30,"column":6}},"4":{"start":{"line":29,"column":19},"end":{"line":29,"column":30}},"5":{"start":{"line":31,"column":18},"end":{"line":31,"column":38}},"6":{"start":{"line":33,"column":4},"end":{"line":47,"column":5}},"7":{"start":{"line":35,"column":12},"end":{"line":35,"column":55}},"8":{"start":{"line":36,"column":12},"end":{"line":36,"column":18}},"9":{"start":{"line":38,"column":12},"end":{"line":39,"column":72}},"10":{"start":{"line":39,"column":16},"end":{"line":39,"column":72}},"11":{"start":{"line":40,"column":12},"end":{"line":40,"column":44}},"12":{"start":{"line":41,"column":12},"end":{"line":41,"column":35}},"13":{"start":{"line":42,"column":12},"end":{"line":42,"column":18}},"14":{"start":{"line":44,"column":12},"end":{"line":44,"column":18}},"15":{"start":{"line":46,"column":12},"end":{"line":46,"column":61}},"16":{"start":{"line":49,"column":15},"end":{"line":49,"column":44}},"17":{"start":{"line":50,"column":4},"end":{"line":50,"column":22}},"18":{"start":{"line":52,"column":25},"end":{"line":52,"column":54}},"19":{"start":{"line":53,"column":4},"end":{"line":57,"column":6}},"20":{"start":{"line":55,"column":41},"end":{"line":55,"column":79}},"21":{"start":{"line":60,"column":0},"end":{"line":81,"column":3}},"22":{"start":{"line":61,"column":19},"end":{"line":61,"column":51}},"23":{"start":{"line":62,"column":4},"end":{"line":65,"column":6}},"24":{"start":{"line":64,"column":19},"end":{"line":64,"column":30}},"25":{"start":{"line":66,"column":18},"end":{"line":66,"column":38}},"26":{"start":{"line":67,"column":4},"end":{"line":67,"column":30}},"27":{"start":{"line":69,"column":4},"end":{"line":70,"column":51}},"28":{"start":{"line":70,"column":8},"end":{"line":70,"column":51}},"29":{"start":{"line":72,"column":15},"end":{"line":72,"column":44}},"30":{"start":{"line":73,"column":4},"end":{"line":73,"column":22}},"31":{"start":{"line":75,"column":25},"end":{"line":75,"column":54}},"32":{"start":{"line":76,"column":4},"end":{"line":80,"column":6}},"33":{"start":{"line":78,"column":41},"end":{"line":78,"column":79}},"34":{"start":{"line":92,"column":0},"end":{"line":131,"column":2}},"35":{"start":{"line":96,"column":33},"end":{"line":96,"column":48}},"36":{"start":{"line":97,"column":8},"end":{"line":110,"column":9}},"37":{"start":{"line":98,"column":12},"end":{"line":102,"column":13}},"38":{"start":{"line":99,"column":16},"end":{"line":101,"column":64}},"39":{"start":{"line":104,"column":27},"end":{"line":104,"column":78}},"40":{"start":{"line":105,"column":12},"end":{"line":105,"column":75}},"41":{"start":{"line":105,"column":25},"end":{"line":105,"column":75}},"42":{"start":{"line":106,"column":12},"end":{"line":107,"column":65}},"43":{"start":{"line":107,"column":16},"end":{"line":107,"column":65}},"44":{"start":{"line":109,"column":12},"end":{"line":109,"column":44}},"45":{"start":{"line":112,"column":22},"end":{"line":112,"column":48}},"46":{"start":{"line":113,"column":20},"end":{"line":113,"column":44}},"47":{"start":{"line":114,"column":29},"end":{"line":114,"column":31}},"48":{"start":{"line":116,"column":8},"end":{"line":127,"column":9}},"49":{"start":{"line":117,"column":23},"end":{"line":117,"column":28}},"50":{"start":{"line":121,"column":12},"end":{"line":126,"column":14}},"51":{"start":{"line":129,"column":8},"end":{"line":129,"column":43}},"52":{"start":{"line":133,"column":0},"end":{"line":168,"column":2}},"53":{"start":{"line":146,"column":24},"end":{"line":146,"column":66}},"54":{"start":{"line":147,"column":8},"end":{"line":147,"column":71}},"55":{"start":{"line":147,"column":22},"end":{"line":147,"column":71}},"56":{"start":{"line":148,"column":25},"end":{"line":148,"column":69}},"57":{"start":{"line":149,"column":8},"end":{"line":149,"column":73}},"58":{"start":{"line":149,"column":23},"end":{"line":149,"column":73}},"59":{"start":{"line":151,"column":26},"end":{"line":151,"column":67}},"60":{"start":{"line":152,"column":8},"end":{"line":152,"column":69}},"61":{"start":{"line":152,"column":26},"end":{"line":152,"column":69}},"62":{"start":{"line":154,"column":8},"end":{"line":157,"column":66}},"63":{"start":{"line":155,"column":12},"end":{"line":157,"column":66}},"64":{"start":{"line":159,"column":8},"end":{"line":159,"column":42}},"65":{"start":{"line":160,"column":8},"end":{"line":160,"column":40}},"66":{"start":{"line":161,"column":8},"end":{"line":161,"column":33}},"67":{"start":{"line":163,"column":8},"end":{"line":163,"column":51}},"68":{"start":{"line":164,"column":8},"end":{"line":164,"column":29}},"69":{"start":{"line":166,"column":8},"end":{"line":166,"column":30}},"70":{"start":{"line":170,"column":0},"end":{"line":231,"column":2}},"71":{"start":{"line":185,"column":25},"end":{"line":185,"column":69}},"72":{"start":{"line":186,"column":8},"end":{"line":186,"column":73}},"73":{"start":{"line":186,"column":23},"end":{"line":186,"column":73}},"74":{"start":{"line":188,"column":29},"end":{"line":190,"column":9}},"75":{"start":{"line":191,"column":8},"end":{"line":191,"column":80}},"76":{"start":{"line":191,"column":29},"end":{"line":191,"column":80}},"77":{"start":{"line":193,"column":26},"end":{"line":193,"column":67}},"78":{"start":{"line":194,"column":8},"end":{"line":194,"column":69}},"79":{"start":{"line":194,"column":26},"end":{"line":194,"column":69}},"80":{"start":{"line":196,"column":8},"end":{"line":203,"column":9}},"81":{"start":{"line":200,"column":12},"end":{"line":202,"column":77}},"82":{"start":{"line":205,"column":8},"end":{"line":206,"column":79}},"83":{"start":{"line":206,"column":12},"end":{"line":206,"column":79}},"84":{"start":{"line":208,"column":8},"end":{"line":211,"column":70}},"85":{"start":{"line":209,"column":12},"end":{"line":211,"column":70}},"86":{"start":{"line":213,"column":24},"end":{"line":213,"column":67}},"87":{"start":{"line":214,"column":8},"end":{"line":217,"column":10}},"88":{"start":{"line":218,"column":8},"end":{"line":218,"column":54}},"89":{"start":{"line":219,"column":8},"end":{"line":219,"column":29}},"90":{"start":{"line":221,"column":8},"end":{"line":221,"column":60}},"91":{"start":{"line":222,"column":8},"end":{"line":222,"column":43}},"92":{"start":{"line":223,"column":8},"end":{"line":223,"column":36}},"93":{"start":{"line":225,"column":8},"end":{"line":225,"column":40}},"94":{"start":{"line":226,"column":8},"end":{"line":226,"column":41}},"95":{"start":{"line":227,"column":8},"end":{"line":227,"column":33}},"96":{"start":{"line":229,"column":8},"end":{"line":229,"column":33}},"97":{"start":{"line":233,"column":0},"end":{"line":281,"column":2}},"98":{"start":{"line":251,"column":28},"end":{"line":251,"column":69}},"99":{"start":{"line":252,"column":8},"end":{"line":252,"column":69}},"100":{"start":{"line":252,"column":26},"end":{"line":252,"column":69}},"101":{"start":{"line":254,"column":8},"end":{"line":257,"column":66}},"102":{"start":{"line":255,"column":12},"end":{"line":257,"column":66}},"103":{"start":{"line":259,"column":8},"end":{"line":262,"column":64}},"104":{"start":{"line":260,"column":12},"end":{"line":262,"column":64}},"105":{"start":{"line":264,"column":8},"end":{"line":264,"column":37}},"106":{"start":{"line":265,"column":8},"end":{"line":265,"column":33}},"107":{"start":{"line":267,"column":8},"end":{"line":270,"column":18}},"108":{"start":{"line":272,"column":24},"end":{"line":272,"column":71}},"109":{"start":{"line":273,"column":8},"end":{"line":276,"column":10}},"110":{"start":{"line":277,"column":8},"end":{"line":277,"column":29}},"111":{"start":{"line":279,"column":8},"end":{"line":279,"column":30}},"112":{"start":{"line":283,"column":0},"end":{"line":295,"column":3}},"113":{"start":{"line":284,"column":24},"end":{"line":284,"column":74}},"114":{"start":{"line":285,"column":4},"end":{"line":285,"column":72}},"115":{"start":{"line":285,"column":22},"end":{"line":285,"column":72}},"116":{"start":{"line":287,"column":20},"end":{"line":287,"column":67}},"117":{"start":{"line":288,"column":4},"end":{"line":291,"column":6}},"118":{"start":{"line":292,"column":4},"end":{"line":292,"column":25}},"119":{"start":{"line":294,"column":4},"end":{"line":294,"column":26}}},"fnMap":{"0":{"name":"(anonymous_0)","decl":{"start":{"line":25,"column":32},"end":{"line":25,"column":33}},"loc":{"start":{"line":25,"column":52},"end":{"line":58,"column":1}},"line":25},"1":{"name":"(anonymous_1)","decl":{"start":{"line":29,"column":8},"end":{"line":29,"column":9}},"loc":{"start":{"line":29,"column":19},"end":{"line":29,"column":30}},"line":29},"2":{"name":"(anonymous_2)","decl":{"start":{"line":55,"column":34},"end":{"line":55,"column":35}},"loc":{"start":{"line":55,"column":41},"end":{"line":55,"column":79}},"line":55},"3":{"name":"(anonymous_3)","decl":{"start":{"line":60,"column":31},"end":{"line":60,"column":32}},"loc":{"start":{"line":60,"column":51},"end":{"line":81,"column":1}},"line":60},"4":{"name":"(anonymous_4)","decl":{"start":{"line":64,"column":8},"end":{"line":64,"column":9}},"loc":{"start":{"line":64,"column":19},"end":{"line":64,"column":30}},"line":64},"5":{"name":"(anonymous_5)","decl":{"start":{"line":78,"column":34},"end":{"line":78,"column":35}},"loc":{"start":{"line":78,"column":41},"end":{"line":78,"column":79}},"line":78},"6":{"name":"(anonymous_6)","decl":{"start":{"line":95,"column":4},"end":{"line":95,"column":5}},"loc":{"start":{"line":95,"column":24},"end":{"line":130,"column":5}},"line":95},"7":{"name":"(anonymous_7)","decl":{"start":{"line":145,"column":4},"end":{"line":145,"column":5}},"loc":{"start":{"line":145,"column":24},"end":{"line":167,"column":5}},"line":145},"8":{"name":"(anonymous_8)","decl":{"start":{"line":184,"column":4},"end":{"line":184,"column":5}},"loc":{"start":{"line":184,"column":24},"end":{"line":230,"column":5}},"line":184},"9":{"name":"(anonymous_9)","decl":{"start":{"line":250,"column":4},"end":{"line":250,"column":5}},"loc":{"start":{"line":250,"column":24},"end":{"line":280,"column":5}},"line":250},"10":{"name":"(anonymous_10)","decl":{"start":{"line":283,"column":55},"end":{"line":283,"column":56}},"loc":{"start":{"line":283,"column":75},"end":{"line":295,"column":1}},"line":283}},"branchMap":{"0":{"loc":{"start":{"line":33,"column":4},"end":{"line":47,"column":5}},"type":"switch","locations":[{"start":{"line":34,"column":8},"end":{"line":36,"column":18}},{"start":{"line":37,"column":8},"end":{"line":42,"column":18}},{"start":{"line":43,"column":8},"end":{"line":44,"column":18}},{"start":{"line":45,"column":8},"end":{"line":46,"column":61}}],"line":33},"1":{"loc":{"start":{"line":38,"column":12},"end":{"line":39,"column":72}},"type":"if","locations":[{"start":{"line":38,"column":12},"end":{"line":39,"column":72}},{"start":{},"end":{}}],"line":38},"2":{"loc":{"start":{"line":49,"column":15},"end":{"line":49,"column":44}},"type":"cond-expr","locations":[{"start":{"line":49,"column":28},"end":{"line":49,"column":32}},{"start":{"line":49,"column":35},"end":{"line":49,"column":44}}],"line":49},"3":{"loc":{"start":{"line":54,"column":8},"end":{"line":56,"column":26}},"type":"cond-expr","locations":[{"start":{"line":55,"column":14},"end":{"line":55,"column":80}},{"start":{"line":56,"column":14},"end":{"line":56,"column":26}}],"line":54},"4":{"loc":{"start":{"line":69,"column":4},"end":{"line":70,"column":51}},"type":"if","locations":[{"start":{"line":69,"column":4},"end":{"line":70,"column":51}},{"start":{},"end":{}}],"line":69},"5":{"loc":{"start":{"line":72,"column":15},"end":{"line":72,"column":44}},"type":"cond-expr","locations":[{"start":{"line":72,"column":28},"end":{"line":72,"column":32}},{"start":{"line":72,"column":35},"end":{"line":72,"column":44}}],"line":72},"6":{"loc":{"start":{"line":77,"column":8},"end":{"line":79,"column":26}},"type":"cond-expr","locations":[{"start":{"line":78,"column":14},"end":{"line":78,"column":80}},{"start":{"line":79,"column":14},"end":{"line":79,"column":26}}],"line":77},"7":{"loc":{"start":{"line":97,"column":8},"end":{"line":110,"column":9}},"type":"if","locations":[{"start":{"line":97,"column":8},"end":{"line":110,"column":9}},{"start":{},"end":{}}],"line":97},"8":{"loc":{"start":{"line":98,"column":12},"end":{"line":102,"column":13}},"type":"if","locations":[{"start":{"line":98,"column":12},"end":{"line":102,"column":13}},{"start":{},"end":{}}],"line":98},"9":{"loc":{"start":{"line":105,"column":12},"end":{"line":105,"column":75}},"type":"if","locations":[{"start":{"line":105,"column":12},"end":{"line":105,"column":75}},{"start":{},"end":{}}],"line":105},"10":{"loc":{"start":{"line":106,"column":12},"end":{"line":107,"column":65}},"type":"if","locations":[{"start":{"line":106,"column":12},"end":{"line":107,"column":65}},{"start":{},"end":{}}],"line":106},"11":{"loc":{"start":{"line":147,"column":8},"end":{"line":147,"column":71}},"type":"if","locations":[{"start":{"line":147,"column":8},"end":{"line":147,"column":71}},{"start":{},"end":{}}],"line":147},"12":{"loc":{"start":{"line":149,"column":8},"end":{"line":149,"column":73}},"type":"if","locations":[{"start":{"line":149,"column":8},"end":{"line":149,"column":73}},{"start":{},"end":{}}],"line":149},"13":{"loc":{"start":{"line":152,"column":8},"end":{"line":152,"column":69}},"type":"if","locations":[{"start":{"line":152,"column":8},"end":{"line":152,"column":69}},{"start":{},"end":{}}],"line":152},"14":{"loc":{"start":{"line":154,"column":8},"end":{"line":157,"column":66}},"type":"if","locations":[{"start":{"line":154,"column":8},"end":{"line":157,"column":66}},{"start":{},"end":{}}],"line":154},"15":{"loc":{"start":{"line":186,"column":8},"end":{"line":186,"column":73}},"type":"if","locations":[{"start":{"line":186,"column":8},"end":{"line":186,"column":73}},{"start":{},"end":{}}],"line":186},"16":{"loc":{"start":{"line":191,"column":8},"end":{"line":191,"column":80}},"type":"if","locations":[{"start":{"line":191,"column":8},"end":{"line":191,"column":80}},{"start":{},"end":{}}],"line":191},"17":{"loc":{"start":{"line":194,"column":8},"end":{"line":194,"column":69}},"type":"if","locations":[{"start":{"line":194,"column":8},"end":{"line":194,"column":69}},{"start":{},"end":{}}],"line":194},"18":{"loc":{"start":{"line":196,"column":8},"end":{"line":203,"column":9}},"type":"if","locations":[{"start":{"line":196,"column":8},"end":{"line":203,"column":9}},{"start":{},"end":{}}],"line":196},"19":{"loc":{"start":{"line":205,"column":8},"end":{"line":206,"column":79}},"type":"if","locations":[{"start":{"line":205,"column":8},"end":{"line":206,"column":79}},{"start":{},"end":{}}],"line":205},"20":{"loc":{"start":{"line":208,"column":8},"end":{"line":211,"column":70}},"type":"if","locations":[{"start":{"line":208,"column":8},"end":{"line":211,"column":70}},{"start":{},"end":{}}],"line":208},"21":{"loc":{"start":{"line":252,"column":8},"end":{"line":252,"column":69}},"type":"if","locations":[{"start":{"line":252,"column":8},"end":{"line":252,"column":69}},{"start":{},"end":{}}],"line":252},"22":{"loc":{"start":{"line":254,"column":8},"end":{"line":257,"column":66}},"type":"if","locations":[{"start":{"line":254,"column":8},"end":{"line":257,"column":66}},{"start":{},"end":{}}],"line":254},"23":{"loc":{"start":{"line":259,"column":8},"end":{"line":262,"column":64}},"type":"if","locations":[{"start":{"line":259,"column":8},"end":{"line":262,"column":64}},{"start":{},"end":{}}],"line":259},"24":{"loc":{"start":{"line":285,"column":4},"end":{"line":285,"column":72}},"type":"if","locations":[{"start":{"line":285,"column":4},"end":{"line":285,"column":72}},{"start":{},"end":{}}],"line":285}},"s":{"0":1,"1":1,"2":0,"3":0,"4":0,"5":0,"6":0,"7":0,"8":0,"9":0,"10":0,"11":0,"12":0,"13":0,"14":0,"15":0,"16":0,"17":0,"18":0,"19":0,"20":0,"21":1,"22":0,"23":0,"24":0,"25":0,"26":0,"27":0,"28":0,"29":0,"30":0,"31":0,"32":0,"33":0,"34":1,"35":0,"36":0,"37":0,"38":0,"39":0,"40":0,"41":0,"42":0,"43":0,"44":0,"45":0,"46":0,"47":0,"48":0,"49":0,"50":0,"51":0,"52":1,"53":0,"54":0,"55":0,"56":0,"57":0,"58":0,"59":0,"60":0,"61":0,"62":0,"63":0,"64":0,"65":0,"66":0,"67":0,"68":0,"69":0,"70":1,"71":0,"72":0,"73":0,"74":0,"75":0,"76":0,"77":0,"78":0,"79":0,"80":0,"81":0,"82":0,"83":0,"84":0,"85":0,"86":0,"87":0,"88":0,"89":0,"90":0,"91":0,"92":0,"93":0,"94":0,"95":0,"96":0,"97":1,"98":0,"99":0,"100":0,"101":0,"102":0,"103":0,"104":0,"105":0,"106":0,"107":0,"108":0,"109":0,"110":0,"111":0,"112":1,"113":0,"114":0,"115":0,"116":0,"117":0,"118":0,"119":0},"f":{"0":0,"1":0,"2":0,"3":0,"4":0,"5":0,"6":0,"7":0,"8":0,"9":0,"10":0},"b":{"0":[0,0,0,0],"1":[0,0],"2":[0,0],"3":[0,0],"4":[0,0],"5":[0,0],"6":[0,0],"7":[0,0],"8":[0,0],"9":[0,0],"10":[0,0],"11":[0,0],"12":[0,0],"13":[0,0],"14":[0,0],"15":[0,0],"16":[0,0],"17":[0,0],"18":[0,0],"19":[0,0],"20":[0,0],"21":[0,0],"22":[0,0],"23":[0,0],"24":[0,0]},"_coverageSchema":"1a1c01bbd47fc00a2c39e90264f33305004495a9","hash":"bd98289c7f7f9c2f82235db84f3178e60aedc40c"}
,"/Users/deepikazende/Projects/hcc-backend/routes/authRoutes.js": {"path":"/Users/deepikazende/Projects/hcc-backend/routes/authRoutes.js","statementMap":{"0":{"start":{"line":7,"column":15},"end":{"line":7,"column":31}},"1":{"start":{"line":9,"column":0},"end":{"line":22,"column":3}},"2":{"start":{"line":10,"column":20},"end":{"line":10,"column":68}},"3":{"start":{"line":11,"column":4},"end":{"line":11,"column":75}},"4":{"start":{"line":11,"column":18},"end":{"line":11,"column":75}},"5":{"start":{"line":13,"column":26},"end":{"line":16,"column":5}},"6":{"start":{"line":17,"column":4},"end":{"line":18,"column":65}},"7":{"start":{"line":18,"column":8},"end":{"line":18,"column":65}},"8":{"start":{"line":20,"column":18},"end":{"line":20,"column":45}},"9":{"start":{"line":21,"column":4},"end":{"line":21,"column":24}}},"fnMap":{"0":{"name":"(anonymous_0)","decl":{"start":{"line":9,"column":54},"end":{"line":9,"column":55}},"loc":{"start":{"line":9,"column":74},"end":{"line":22,"column":1}},"line":9}},"branchMap":{"0":{"loc":{"start":{"line":11,"column":4},"end":{"line":11,"column":75}},"type":"if","locations":[{"start":{"line":11,"column":4},"end":{"line":11,"column":75}},{"start":{},"end":{}}],"line":11},"1":{"loc":{"start":{"line":17,"column":4},"end":{"line":18,"column":65}},"type":"if","locations":[{"start":{"line":17,"column":4},"end":{"line":18,"column":65}},{"start":{},"end":{}}],"line":17}},"s":{"0":1,"1":1,"2":3,"3":3,"4":1,"5":2,"6":2,"7":1,"8":1,"9":1},"f":{"0":3},"b":{"0":[1,2],"1":[1,1]},"_coverageSchema":"1a1c01bbd47fc00a2c39e90264f33305004495a9","hash":"faa006625bb0806972213a08513aeac153847d90"}
,"/Users/deepikazende/Projects/hcc-backend/routes/doctorsRoutes.js": {"path":"/Users/deepikazende/Projects/hcc-backend/routes/doctorsRoutes.js","statementMap":{"0":{"start":{"line":14,"column":15},"end":{"line":14,"column":31}},"1":{"start":{"line":16,"column":0},"end":{"line":26,"column":3}},"2":{"start":{"line":17,"column":19},"end":{"line":17,"column":51}},"3":{"start":{"line":18,"column":4},"end":{"line":21,"column":6}},"4":{"start":{"line":20,"column":19},"end":{"line":20,"column":30}},"5":{"start":{"line":22,"column":18},"end":{"line":22,"column":38}},"6":{"start":{"line":24,"column":20},"end":{"line":24,"column":44}},"7":{"start":{"line":25,"column":4},"end":{"line":25,"column":22}},"8":{"start":{"line":28,"column":0},"end":{"line":32,"column":3}},"9":{"start":{"line":29,"column":19},"end":{"line":29,"column":55}},"10":{"start":{"line":30,"column":4},"end":{"line":30,"column":67}},"11":{"start":{"line":30,"column":17},"end":{"line":30,"column":67}},"12":{"start":{"line":31,"column":4},"end":{"line":31,"column":21}},"13":{"start":{"line":34,"column":0},"end":{"line":59,"column":2}},"14":{"start":{"line":38,"column":25},"end":{"line":38,"column":69}},"15":{"start":{"line":39,"column":8},"end":{"line":39,"column":73}},"16":{"start":{"line":39,"column":23},"end":{"line":39,"column":73}},"17":{"start":{"line":41,"column":31},"end":{"line":43,"column":9}},"18":{"start":{"line":44,"column":8},"end":{"line":45,"column":68}},"19":{"start":{"line":45,"column":12},"end":{"line":45,"column":68}},"20":{"start":{"line":47,"column":21},"end":{"line":51,"column":10}},"21":{"start":{"line":52,"column":8},"end":{"line":52,"column":28}},"22":{"start":{"line":54,"column":8},"end":{"line":54,"column":42}},"23":{"start":{"line":55,"column":8},"end":{"line":55,"column":30}},"24":{"start":{"line":57,"column":8},"end":{"line":57,"column":37}},"25":{"start":{"line":61,"column":0},"end":{"line":105,"column":2}},"26":{"start":{"line":65,"column":21},"end":{"line":65,"column":57}},"27":{"start":{"line":66,"column":8},"end":{"line":66,"column":71}},"28":{"start":{"line":66,"column":21},"end":{"line":66,"column":71}},"29":{"start":{"line":68,"column":27},"end":{"line":68,"column":42}},"30":{"start":{"line":70,"column":8},"end":{"line":87,"column":9}},"31":{"start":{"line":71,"column":32},"end":{"line":71,"column":76}},"32":{"start":{"line":72,"column":12},"end":{"line":72,"column":80}},"33":{"start":{"line":72,"column":30},"end":{"line":72,"column":80}},"34":{"start":{"line":73,"column":12},"end":{"line":73,"column":48}},"35":{"start":{"line":74,"column":12},"end":{"line":74,"column":39}},"36":{"start":{"line":76,"column":32},"end":{"line":76,"column":67}},"37":{"start":{"line":78,"column":12},"end":{"line":86,"column":13}},"38":{"start":{"line":79,"column":16},"end":{"line":82,"column":18}},"39":{"start":{"line":83,"column":16},"end":{"line":83,"column":53}},"40":{"start":{"line":84,"column":16},"end":{"line":84,"column":41}},"41":{"start":{"line":85,"column":16},"end":{"line":85,"column":41}},"42":{"start":{"line":88,"column":8},"end":{"line":96,"column":9}},"43":{"start":{"line":89,"column":35},"end":{"line":91,"column":13}},"44":{"start":{"line":92,"column":12},"end":{"line":93,"column":72}},"45":{"start":{"line":93,"column":16},"end":{"line":93,"column":72}},"46":{"start":{"line":94,"column":12},"end":{"line":94,"column":57}},"47":{"start":{"line":95,"column":12},"end":{"line":95,"column":45}},"48":{"start":{"line":98,"column":8},"end":{"line":102,"column":10}},"49":{"start":{"line":103,"column":8},"end":{"line":103,"column":25}},"50":{"start":{"line":107,"column":0},"end":{"line":111,"column":3}},"51":{"start":{"line":108,"column":19},"end":{"line":108,"column":64}},"52":{"start":{"line":109,"column":4},"end":{"line":109,"column":67}},"53":{"start":{"line":109,"column":17},"end":{"line":109,"column":67}},"54":{"start":{"line":110,"column":4},"end":{"line":110,"column":21}}},"fnMap":{"0":{"name":"(anonymous_0)","decl":{"start":{"line":16,"column":16},"end":{"line":16,"column":17}},"loc":{"start":{"line":16,"column":36},"end":{"line":26,"column":1}},"line":16},"1":{"name":"(anonymous_1)","decl":{"start":{"line":20,"column":8},"end":{"line":20,"column":9}},"loc":{"start":{"line":20,"column":19},"end":{"line":20,"column":30}},"line":20},"2":{"name":"(anonymous_2)","decl":{"start":{"line":28,"column":45},"end":{"line":28,"column":46}},"loc":{"start":{"line":28,"column":65},"end":{"line":32,"column":1}},"line":28},"3":{"name":"(anonymous_3)","decl":{"start":{"line":37,"column":4},"end":{"line":37,"column":5}},"loc":{"start":{"line":37,"column":24},"end":{"line":58,"column":5}},"line":37},"4":{"name":"(anonymous_4)","decl":{"start":{"line":64,"column":4},"end":{"line":64,"column":5}},"loc":{"start":{"line":64,"column":24},"end":{"line":104,"column":5}},"line":64},"5":{"name":"(anonymous_5)","decl":{"start":{"line":107,"column":55},"end":{"line":107,"column":56}},"loc":{"start":{"line":107,"column":75},"end":{"line":111,"column":1}},"line":107}},"branchMap":{"0":{"loc":{"start":{"line":30,"column":4},"end":{"line":30,"column":67}},"type":"if","locations":[{"start":{"line":30,"column":4},"end":{"line":30,"column":67}},{"start":{},"end":{}}],"line":30},"1":{"loc":{"start":{"line":39,"column":8},"end":{"line":39,"column":73}},"type":"if","locations":[{"start":{"line":39,"column":8},"end":{"line":39,"column":73}},{"start":{},"end":{}}],"line":39},"2":{"loc":{"start":{"line":44,"column":8},"end":{"line":45,"column":68}},"type":"if","locations":[{"start":{"line":44,"column":8},"end":{"line":45,"column":68}},{"start":{},"end":{}}],"line":44},"3":{"loc":{"start":{"line":66,"column":8},"end":{"line":66,"column":71}},"type":"if","locations":[{"start":{"line":66,"column":8},"end":{"line":66,"column":71}},{"start":{},"end":{}}],"line":66},"4":{"loc":{"start":{"line":70,"column":8},"end":{"line":87,"column":9}},"type":"if","locations":[{"start":{"line":70,"column":8},"end":{"line":87,"column":9}},{"start":{},"end":{}}],"line":70},"5":{"loc":{"start":{"line":72,"column":12},"end":{"line":72,"column":80}},"type":"if","locations":[{"start":{"line":72,"column":12},"end":{"line":72,"column":80}},{"start":{},"end":{}}],"line":72},"6":{"loc":{"start":{"line":78,"column":12},"end":{"line":86,"column":13}},"type":"if","locations":[{"start":{"line":78,"column":12},"end":{"line":86,"column":13}},{"start":{},"end":{}}],"line":78},"7":{"loc":{"start":{"line":88,"column":8},"end":{"line":96,"column":9}},"type":"if","locations":[{"start":{"line":88,"column":8},"end":{"line":96,"column":9}},{"start":{},"end":{}}],"line":88},"8":{"loc":{"start":{"line":92,"column":12},"end":{"line":93,"column":72}},"type":"if","locations":[{"start":{"line":92,"column":12},"end":{"line":93,"column":72}},{"start":{},"end":{}}],"line":92},"9":{"loc":{"start":{"line":109,"column":4},"end":{"line":109,"column":67}},"type":"if","locations":[{"start":{"line":109,"column":4},"end":{"line":109,"column":67}},{"start":{},"end":{}}],"line":109}},"s":{"0":1,"1":1,"2":0,"3":0,"4":0,"5":0,"6":0,"7":0,"8":1,"9":0,"10":0,"11":0,"12":0,"13":1,"14":0,"15":0,"16":0,"17":0,"18":0,"19":0,"20":0,"21":0,"22":0,"23":0,"24":0,"25":1,"26":0,"27":0,"28":0,"29":0,"30":0,"31":0,"32":0,"33":0,"34":0,"35":0,"36":0,"37":0,"38":0,"39":0,"40":0,"41":0,"42":0,"43":0,"44":0,"45":0,"46":0,"47":0,"48":0,"49":0,"50":1,"51":0,"52":0,"53":0,"54":0},"f":{"0":0,"1":0,"2":0,"3":0,"4":0,"5":0},"b":{"0":[0,0],"1":[0,0],"2":[0,0],"3":[0,0],"4":[0,0],"5":[0,0],"6":[0,0],"7":[0,0],"8":[0,0],"9":[0,0]},"_coverageSchema":"1a1c01bbd47fc00a2c39e90264f33305004495a9","hash":"d55b14c780da13cfe037881fa890d06aeae9ef5a"}
,"/Users/deepikazende/Projects/hcc-backend/routes/hospitalsRoutes.js": {"path":"/Users/deepikazende/Projects/hcc-backend/routes/hospitalsRoutes.js","statementMap":{"0":{"start":{"line":12,"column":15},"end":{"line":12,"column":31}},"1":{"start":{"line":14,"column":0},"end":{"line":17,"column":3}},"2":{"start":{"line":15,"column":22},"end":{"line":15,"column":43}},"3":{"start":{"line":16,"column":4},"end":{"line":16,"column":24}},"4":{"start":{"line":19,"column":0},"end":{"line":23,"column":3}},"5":{"start":{"line":20,"column":21},"end":{"line":20,"column":59}},"6":{"start":{"line":21,"column":4},"end":{"line":21,"column":69}},"7":{"start":{"line":21,"column":19},"end":{"line":21,"column":69}},"8":{"start":{"line":22,"column":4},"end":{"line":22,"column":23}},"9":{"start":{"line":25,"column":0},"end":{"line":36,"column":2}},"10":{"start":{"line":29,"column":23},"end":{"line":29,"column":70}},"11":{"start":{"line":30,"column":8},"end":{"line":30,"column":77}},"12":{"start":{"line":30,"column":22},"end":{"line":30,"column":77}},"13":{"start":{"line":32,"column":8},"end":{"line":32,"column":57}},"14":{"start":{"line":33,"column":8},"end":{"line":33,"column":30}},"15":{"start":{"line":34,"column":8},"end":{"line":34,"column":39}},"16":{"start":{"line":38,"column":0},"end":{"line":58,"column":2}},"17":{"start":{"line":47,"column":23},"end":{"line":47,"column":70}},"18":{"start":{"line":48,"column":8},"end":{"line":48,"column":77}},"19":{"start":{"line":48,"column":22},"end":{"line":48,"column":77}},"20":{"start":{"line":50,"column":8},"end":{"line":54,"column":10}},"21":{"start":{"line":55,"column":8},"end":{"line":55,"column":73}},"22":{"start":{"line":55,"column":23},"end":{"line":55,"column":73}},"23":{"start":{"line":56,"column":8},"end":{"line":56,"column":27}},"24":{"start":{"line":60,"column":0},"end":{"line":64,"column":3}},"25":{"start":{"line":61,"column":21},"end":{"line":61,"column":68}},"26":{"start":{"line":62,"column":4},"end":{"line":62,"column":69}},"27":{"start":{"line":62,"column":19},"end":{"line":62,"column":69}},"28":{"start":{"line":63,"column":4},"end":{"line":63,"column":23}}},"fnMap":{"0":{"name":"(anonymous_0)","decl":{"start":{"line":14,"column":16},"end":{"line":14,"column":17}},"loc":{"start":{"line":14,"column":36},"end":{"line":17,"column":1}},"line":14},"1":{"name":"(anonymous_1)","decl":{"start":{"line":19,"column":37},"end":{"line":19,"column":38}},"loc":{"start":{"line":19,"column":57},"end":{"line":23,"column":1}},"line":19},"2":{"name":"(anonymous_2)","decl":{"start":{"line":28,"column":4},"end":{"line":28,"column":5}},"loc":{"start":{"line":28,"column":24},"end":{"line":35,"column":5}},"line":28},"3":{"name":"(anonymous_3)","decl":{"start":{"line":46,"column":4},"end":{"line":46,"column":5}},"loc":{"start":{"line":46,"column":24},"end":{"line":57,"column":5}},"line":46},"4":{"name":"(anonymous_4)","decl":{"start":{"line":60,"column":55},"end":{"line":60,"column":56}},"loc":{"start":{"line":60,"column":75},"end":{"line":64,"column":1}},"line":60}},"branchMap":{"0":{"loc":{"start":{"line":21,"column":4},"end":{"line":21,"column":69}},"type":"if","locations":[{"start":{"line":21,"column":4},"end":{"line":21,"column":69}},{"start":{},"end":{}}],"line":21},"1":{"loc":{"start":{"line":30,"column":8},"end":{"line":30,"column":77}},"type":"if","locations":[{"start":{"line":30,"column":8},"end":{"line":30,"column":77}},{"start":{},"end":{}}],"line":30},"2":{"loc":{"start":{"line":48,"column":8},"end":{"line":48,"column":77}},"type":"if","locations":[{"start":{"line":48,"column":8},"end":{"line":48,"column":77}},{"start":{},"end":{}}],"line":48},"3":{"loc":{"start":{"line":55,"column":8},"end":{"line":55,"column":73}},"type":"if","locations":[{"start":{"line":55,"column":8},"end":{"line":55,"column":73}},{"start":{},"end":{}}],"line":55},"4":{"loc":{"start":{"line":62,"column":4},"end":{"line":62,"column":69}},"type":"if","locations":[{"start":{"line":62,"column":4},"end":{"line":62,"column":69}},{"start":{},"end":{}}],"line":62}},"s":{"0":1,"1":1,"2":0,"3":0,"4":1,"5":0,"6":0,"7":0,"8":0,"9":1,"10":1,"11":1,"12":0,"13":1,"14":1,"15":1,"16":1,"17":0,"18":0,"19":0,"20":0,"21":0,"22":0,"23":0,"24":1,"25":0,"26":0,"27":0,"28":0},"f":{"0":0,"1":0,"2":1,"3":0,"4":0},"b":{"0":[0,0],"1":[0,1],"2":[0,0],"3":[0,0],"4":[0,0]},"_coverageSchema":"1a1c01bbd47fc00a2c39e90264f33305004495a9","hash":"1ff8b6ac562814dbaa96cea0420519bb2b2228fa"}
,"/Users/deepikazende/Projects/hcc-backend/routes/medicalRecordsRoutes.js": {"path":"/Users/deepikazende/Projects/hcc-backend/routes/medicalRecordsRoutes.js","statementMap":{"0":{"start":{"line":19,"column":15},"end":{"line":19,"column":31}},"1":{"start":{"line":21,"column":0},"end":{"line":38,"column":3}},"2":{"start":{"line":22,"column":19},"end":{"line":22,"column":51}},"3":{"start":{"line":23,"column":4},"end":{"line":26,"column":6}},"4":{"start":{"line":25,"column":19},"end":{"line":25,"column":30}},"5":{"start":{"line":27,"column":18},"end":{"line":27,"column":38}},"6":{"start":{"line":29,"column":4},"end":{"line":35,"column":5}},"7":{"start":{"line":30,"column":8},"end":{"line":31,"column":68}},"8":{"start":{"line":31,"column":12},"end":{"line":31,"column":68}},"9":{"start":{"line":33,"column":8},"end":{"line":34,"column":42}},"10":{"start":{"line":34,"column":12},"end":{"line":34,"column":42}},"11":{"start":{"line":36,"column":27},"end":{"line":36,"column":58}},"12":{"start":{"line":37,"column":4},"end":{"line":37,"column":29}},"13":{"start":{"line":49,"column":0},"end":{"line":103,"column":2}},"14":{"start":{"line":53,"column":8},"end":{"line":56,"column":9}},"15":{"start":{"line":54,"column":12},"end":{"line":55,"column":61}},"16":{"start":{"line":55,"column":16},"end":{"line":55,"column":61}},"17":{"start":{"line":58,"column":24},"end":{"line":58,"column":66}},"18":{"start":{"line":59,"column":8},"end":{"line":59,"column":71}},"19":{"start":{"line":59,"column":22},"end":{"line":59,"column":71}},"20":{"start":{"line":61,"column":23},"end":{"line":61,"column":63}},"21":{"start":{"line":62,"column":8},"end":{"line":62,"column":69}},"22":{"start":{"line":62,"column":21},"end":{"line":62,"column":69}},"23":{"start":{"line":64,"column":25},"end":{"line":64,"column":69}},"24":{"start":{"line":65,"column":8},"end":{"line":65,"column":73}},"25":{"start":{"line":65,"column":23},"end":{"line":65,"column":73}},"26":{"start":{"line":73,"column":8},"end":{"line":73,"column":68}},"27":{"start":{"line":75,"column":28},"end":{"line":77,"column":10}},"28":{"start":{"line":78,"column":8},"end":{"line":79,"column":72}},"29":{"start":{"line":79,"column":12},"end":{"line":79,"column":72}},"30":{"start":{"line":81,"column":18},"end":{"line":81,"column":59}},"31":{"start":{"line":83,"column":8},"end":{"line":95,"column":11}},"32":{"start":{"line":96,"column":8},"end":{"line":96,"column":35}},"33":{"start":{"line":98,"column":8},"end":{"line":98,"column":55}},"34":{"start":{"line":99,"column":8},"end":{"line":99,"column":29}},"35":{"start":{"line":101,"column":8},"end":{"line":101,"column":44}},"36":{"start":{"line":105,"column":0},"end":{"line":161,"column":2}},"37":{"start":{"line":122,"column":21},"end":{"line":122,"column":73}},"38":{"start":{"line":124,"column":8},"end":{"line":129,"column":9}},"39":{"start":{"line":125,"column":31},"end":{"line":125,"column":79}},"40":{"start":{"line":126,"column":12},"end":{"line":127,"column":68}},"41":{"start":{"line":127,"column":16},"end":{"line":127,"column":68}},"42":{"start":{"line":128,"column":12},"end":{"line":128,"column":43}},"43":{"start":{"line":130,"column":8},"end":{"line":137,"column":9}},"44":{"start":{"line":131,"column":35},"end":{"line":133,"column":13}},"45":{"start":{"line":134,"column":12},"end":{"line":135,"column":72}},"46":{"start":{"line":135,"column":16},"end":{"line":135,"column":72}},"47":{"start":{"line":136,"column":12},"end":{"line":136,"column":51}},"48":{"start":{"line":139,"column":28},"end":{"line":145,"column":9}},"49":{"start":{"line":146,"column":8},"end":{"line":146,"column":71}},"50":{"start":{"line":146,"column":28},"end":{"line":146,"column":71}},"51":{"start":{"line":148,"column":8},"end":{"line":157,"column":9}},"52":{"start":{"line":149,"column":20},"end":{"line":149,"column":55}},"53":{"start":{"line":150,"column":12},"end":{"line":150,"column":25}},"54":{"start":{"line":151,"column":12},"end":{"line":151,"column":79}},"55":{"start":{"line":152,"column":23},"end":{"line":154,"column":14}},"56":{"start":{"line":155,"column":12},"end":{"line":155,"column":80}},"57":{"start":{"line":155,"column":20},"end":{"line":155,"column":80}},"58":{"start":{"line":156,"column":12},"end":{"line":156,"column":39}},"59":{"start":{"line":159,"column":8},"end":{"line":159,"column":32}},"60":{"start":{"line":163,"column":0},"end":{"line":185,"column":2}},"61":{"start":{"line":171,"column":30},"end":{"line":173,"column":9}},"62":{"start":{"line":174,"column":8},"end":{"line":174,"column":78}},"63":{"start":{"line":174,"column":28},"end":{"line":174,"column":78}},"64":{"start":{"line":176,"column":24},"end":{"line":176,"column":71}},"65":{"start":{"line":177,"column":8},"end":{"line":180,"column":10}},"66":{"start":{"line":181,"column":8},"end":{"line":181,"column":29}},"67":{"start":{"line":183,"column":8},"end":{"line":183,"column":32}}},"fnMap":{"0":{"name":"(anonymous_0)","decl":{"start":{"line":21,"column":22},"end":{"line":21,"column":23}},"loc":{"start":{"line":21,"column":42},"end":{"line":38,"column":1}},"line":21},"1":{"name":"(anonymous_1)","decl":{"start":{"line":25,"column":8},"end":{"line":25,"column":9}},"loc":{"start":{"line":25,"column":19},"end":{"line":25,"column":30}},"line":25},"2":{"name":"(anonymous_2)","decl":{"start":{"line":52,"column":4},"end":{"line":52,"column":5}},"loc":{"start":{"line":52,"column":24},"end":{"line":102,"column":5}},"line":52},"3":{"name":"(anonymous_3)","decl":{"start":{"line":121,"column":4},"end":{"line":121,"column":5}},"loc":{"start":{"line":121,"column":24},"end":{"line":160,"column":5}},"line":121},"4":{"name":"(anonymous_4)","decl":{"start":{"line":170,"column":4},"end":{"line":170,"column":5}},"loc":{"start":{"line":170,"column":24},"end":{"line":184,"column":5}},"line":170}},"branchMap":{"0":{"loc":{"start":{"line":29,"column":4},"end":{"line":35,"column":5}},"type":"if","locations":[{"start":{"line":29,"column":4},"end":{"line":35,"column":5}},{"start":{},"end":{}}],"line":29},"1":{"loc":{"start":{"line":30,"column":8},"end":{"line":31,"column":68}},"type":"if","locations":[{"start":{"line":30,"column":8},"end":{"line":31,"column":68}},{"start":{},"end":{}}],"line":30},"2":{"loc":{"start":{"line":33,"column":8},"end":{"line":34,"column":42}},"type":"if","locations":[{"start":{"line":33,"column":8},"end":{"line":34,"column":42}},{"start":{},"end":{}}],"line":33},"3":{"loc":{"start":{"line":53,"column":8},"end":{"line":56,"column":9}},"type":"if","locations":[{"start":{"line":53,"column":8},"end":{"line":56,"column":9}},{"start":{},"end":{}}],"line":53},"4":{"loc":{"start":{"line":54,"column":12},"end":{"line":55,"column":61}},"type":"if","locations":[{"start":{"line":54,"column":12},"end":{"line":55,"column":61}},{"start":{},"end":{}}],"line":54},"5":{"loc":{"start":{"line":59,"column":8},"end":{"line":59,"column":71}},"type":"if","locations":[{"start":{"line":59,"column":8},"end":{"line":59,"column":71}},{"start":{},"end":{}}],"line":59},"6":{"loc":{"start":{"line":62,"column":8},"end":{"line":62,"column":69}},"type":"if","locations":[{"start":{"line":62,"column":8},"end":{"line":62,"column":69}},{"start":{},"end":{}}],"line":62},"7":{"loc":{"start":{"line":65,"column":8},"end":{"line":65,"column":73}},"type":"if","locations":[{"start":{"line":65,"column":8},"end":{"line":65,"column":73}},{"start":{},"end":{}}],"line":65},"8":{"loc":{"start":{"line":78,"column":8},"end":{"line":79,"column":72}},"type":"if","locations":[{"start":{"line":78,"column":8},"end":{"line":79,"column":72}},{"start":{},"end":{}}],"line":78},"9":{"loc":{"start":{"line":81,"column":18},"end":{"line":81,"column":59}},"type":"binary-expr","locations":[{"start":{"line":81,"column":18},"end":{"line":81,"column":38}},{"start":{"line":81,"column":42},"end":{"line":81,"column":59}}],"line":81},"10":{"loc":{"start":{"line":124,"column":8},"end":{"line":129,"column":9}},"type":"if","locations":[{"start":{"line":124,"column":8},"end":{"line":129,"column":9}},{"start":{},"end":{}}],"line":124},"11":{"loc":{"start":{"line":126,"column":12},"end":{"line":127,"column":68}},"type":"if","locations":[{"start":{"line":126,"column":12},"end":{"line":127,"column":68}},{"start":{},"end":{}}],"line":126},"12":{"loc":{"start":{"line":130,"column":8},"end":{"line":137,"column":9}},"type":"if","locations":[{"start":{"line":130,"column":8},"end":{"line":137,"column":9}},{"start":{},"end":{}}],"line":130},"13":{"loc":{"start":{"line":134,"column":12},"end":{"line":135,"column":72}},"type":"if","locations":[{"start":{"line":134,"column":12},"end":{"line":135,"column":72}},{"start":{},"end":{}}],"line":134},"14":{"loc":{"start":{"line":146,"column":8},"end":{"line":146,"column":71}},"type":"if","locations":[{"start":{"line":146,"column":8},"end":{"line":146,"column":71}},{"start":{},"end":{}}],"line":146},"15":{"loc":{"start":{"line":148,"column":8},"end":{"line":157,"column":9}},"type":"if","locations":[{"start":{"line":148,"column":8},"end":{"line":157,"column":9}},{"start":{},"end":{}}],"line":148},"16":{"loc":{"start":{"line":155,"column":12},"end":{"line":155,"column":80}},"type":"if","locations":[{"start":{"line":155,"column":12},"end":{"line":155,"column":80}},{"start":{},"end":{}}],"line":155},"17":{"loc":{"start":{"line":174,"column":8},"end":{"line":174,"column":78}},"type":"if","locations":[{"start":{"line":174,"column":8},"end":{"line":174,"column":78}},{"start":{},"end":{}}],"line":174}},"s":{"0":1,"1":1,"2":0,"3":0,"4":0,"5":0,"6":0,"7":0,"8":0,"9":0,"10":0,"11":0,"12":0,"13":1,"14":0,"15":0,"16":0,"17":0,"18":0,"19":0,"20":0,"21":0,"22":0,"23":0,"24":0,"25":0,"26":0,"27":0,"28":0,"29":0,"30":0,"31":0,"32":0,"33":0,"34":0,"35":0,"36":1,"37":0,"38":0,"39":0,"40":0,"41":0,"42":0,"43":0,"44":0,"45":0,"46":0,"47":0,"48":0,"49":0,"50":0,"51":0,"52":0,"53":0,"54":0,"55":0,"56":0,"57":0,"58":0,"59":0,"60":1,"61":0,"62":0,"63":0,"64":0,"65":0,"66":0,"67":0},"f":{"0":0,"1":0,"2":0,"3":0,"4":0},"b":{"0":[0,0],"1":[0,0],"2":[0,0],"3":[0,0],"4":[0,0],"5":[0,0],"6":[0,0],"7":[0,0],"8":[0,0],"9":[0,0],"10":[0,0],"11":[0,0],"12":[0,0],"13":[0,0],"14":[0,0],"15":[0,0],"16":[0,0],"17":[0,0]},"_coverageSchema":"1a1c01bbd47fc00a2c39e90264f33305004495a9","hash":"6d98fc200afc530b0625a4c637f44a97906cf578"}
,"/Users/deepikazende/Projects/hcc-backend/routes/medicationsRoutes.js": {"path":"/Users/deepikazende/Projects/hcc-backend/routes/medicationsRoutes.js","statementMap":{"0":{"start":{"line":11,"column":15},"end":{"line":11,"column":31}},"1":{"start":{"line":13,"column":0},"end":{"line":16,"column":3}},"2":{"start":{"line":14,"column":24},"end":{"line":14,"column":60}},"3":{"start":{"line":15,"column":4},"end":{"line":15,"column":26}},"4":{"start":{"line":18,"column":0},"end":{"line":22,"column":3}},"5":{"start":{"line":19,"column":23},"end":{"line":19,"column":63}},"6":{"start":{"line":20,"column":4},"end":{"line":20,"column":71}},"7":{"start":{"line":20,"column":21},"end":{"line":20,"column":71}},"8":{"start":{"line":21,"column":4},"end":{"line":21,"column":25}},"9":{"start":{"line":24,"column":0},"end":{"line":36,"column":2}},"10":{"start":{"line":28,"column":25},"end":{"line":28,"column":74}},"11":{"start":{"line":29,"column":8},"end":{"line":30,"column":69}},"12":{"start":{"line":30,"column":12},"end":{"line":30,"column":69}},"13":{"start":{"line":32,"column":8},"end":{"line":32,"column":61}},"14":{"start":{"line":33,"column":8},"end":{"line":33,"column":32}},"15":{"start":{"line":34,"column":8},"end":{"line":34,"column":41}},"16":{"start":{"line":38,"column":0},"end":{"line":54,"column":2}},"17":{"start":{"line":42,"column":25},"end":{"line":42,"column":74}},"18":{"start":{"line":43,"column":8},"end":{"line":44,"column":69}},"19":{"start":{"line":44,"column":12},"end":{"line":44,"column":69}},"20":{"start":{"line":46,"column":8},"end":{"line":50,"column":10}},"21":{"start":{"line":51,"column":8},"end":{"line":51,"column":75}},"22":{"start":{"line":51,"column":25},"end":{"line":51,"column":75}},"23":{"start":{"line":52,"column":8},"end":{"line":52,"column":29}},"24":{"start":{"line":56,"column":0},"end":{"line":60,"column":3}},"25":{"start":{"line":57,"column":23},"end":{"line":57,"column":72}},"26":{"start":{"line":58,"column":4},"end":{"line":58,"column":71}},"27":{"start":{"line":58,"column":21},"end":{"line":58,"column":71}},"28":{"start":{"line":59,"column":4},"end":{"line":59,"column":25}}},"fnMap":{"0":{"name":"(anonymous_0)","decl":{"start":{"line":13,"column":16},"end":{"line":13,"column":17}},"loc":{"start":{"line":13,"column":36},"end":{"line":16,"column":1}},"line":13},"1":{"name":"(anonymous_1)","decl":{"start":{"line":18,"column":37},"end":{"line":18,"column":38}},"loc":{"start":{"line":18,"column":57},"end":{"line":22,"column":1}},"line":18},"2":{"name":"(anonymous_2)","decl":{"start":{"line":27,"column":4},"end":{"line":27,"column":5}},"loc":{"start":{"line":27,"column":24},"end":{"line":35,"column":5}},"line":27},"3":{"name":"(anonymous_3)","decl":{"start":{"line":41,"column":4},"end":{"line":41,"column":5}},"loc":{"start":{"line":41,"column":24},"end":{"line":53,"column":5}},"line":41},"4":{"name":"(anonymous_4)","decl":{"start":{"line":56,"column":56},"end":{"line":56,"column":57}},"loc":{"start":{"line":56,"column":76},"end":{"line":60,"column":1}},"line":56}},"branchMap":{"0":{"loc":{"start":{"line":20,"column":4},"end":{"line":20,"column":71}},"type":"if","locations":[{"start":{"line":20,"column":4},"end":{"line":20,"column":71}},{"start":{},"end":{}}],"line":20},"1":{"loc":{"start":{"line":29,"column":8},"en
[...]
ne":74,"column":78}}],"line":74},"9":{"loc":{"start":{"line":78,"column":8},"end":{"line":88,"column":9}},"type":"if","locations":[{"start":{"line":78,"column":8},"end":{"line":88,"column":9}},{"start":{},"end":{}}],"line":78},"10":{"loc":{"start":{"line":81,"column":16},"end":{"line":82,"column":72}},"type":"if","locations":[{"start":{"line":81,"column":16},"end":{"line":82,"column":72}},{"start":{},"end":{}}],"line":81},"11":{"loc":{"start":{"line":136,"column":8},"end":{"line":143,"column":9}},"type":"if","locations":[{"start":{"line":136,"column":8},"end":{"line":143,"column":9}},{"start":{},"end":{}}],"line":136},"12":{"loc":{"start":{"line":140,"column":12},"end":{"line":141,"column":72}},"type":"if","locations":[{"start":{"line":140,"column":12},"end":{"line":141,"column":72}},{"start":{},"end":{}}],"line":140},"13":{"loc":{"start":{"line":152,"column":8},"end":{"line":152,"column":70}},"type":"if","locations":[{"start":{"line":152,"column":8},"end":{"line":152,"column":70}},{"start":{},"end":{}}],"line":152},"14":{"loc":{"start":{"line":154,"column":8},"end":{"line":163,"column":9}},"type":"if","locations":[{"start":{"line":154,"column":8},"end":{"line":163,"column":9}},{"start":{},"end":{}}],"line":154},"15":{"loc":{"start":{"line":161,"column":12},"end":{"line":161,"column":80}},"type":"if","locations":[{"start":{"line":161,"column":12},"end":{"line":161,"column":80}},{"start":{},"end":{}}],"line":161},"16":{"loc":{"start":{"line":180,"column":8},"end":{"line":180,"column":77}},"type":"if","locations":[{"start":{"line":180,"column":8},"end":{"line":180,"column":77}},{"start":{},"end":{}}],"line":180}},"s":{"0":1,"1":1,"2":0,"3":0,"4":0,"5":0,"6":0,"7":0,"8":0,"9":0,"10":0,"11":0,"12":0,"13":1,"14":0,"15":0,"16":0,"17":0,"18":0,"19":0,"20":0,"21":0,"22":0,"23":0,"24":0,"25":0,"26":0,"27":0,"28":0,"29":0,"30":0,"31":0,"32":0,"33":0,"34":0,"35":0,"36":0,"37":0,"38":0,"39":0,"40":1,"41":0,"42":0,"43":0,"44":0,"45":0,"46":0,"47":0,"48":0,"49":0,"50":0,"51":0,"52":0,"53":0,"54":0,"55":0,"56":0,"57":0,"58":0,"59":1,"60":0,"61":0,"62":0,"63":0,"64":0,"65":0,"66":0},"f":{"0":0,"1":0,"2":0,"3":0,"4":0},"b":{"0":[0,0],"1":[0,0],"2":[0,0],"3":[0,0],"4":[0,0],"5":[0,0],"6":[0,0],"7":[0,0],"8":[0,0],"9":[0,0],"10":[0,0],"11":[0,0],"12":[0,0],"13":[0,0],"14":[0,0],"15":[0,0],"16":[0,0]},"_coverageSchema":"1a1c01bbd47fc00a2c39e90264f33305004495a9","hash":"2e34bdbbf5c0fcb595c59e31a5ee18a2628394dd"}
,"/Users/deepikazende/Projects/hcc-backend/routes/profilesRoutes.js": {"path":"/Users/deepikazende/Projects/hcc-backend/routes/profilesRoutes.js","statementMap":{"0":{"start":{"line":15,"column":15},"end":{"line":15,"column":31}},"1":{"start":{"line":17,"column":0},"end":{"line":20,"column":3}},"2":{"start":{"line":18,"column":21},"end":{"line":18,"column":41}},"3":{"start":{"line":19,"column":4},"end":{"line":19,"column":23}},"4":{"start":{"line":22,"column":0},"end":{"line":30,"column":2}},"5":{"start":{"line":26,"column":24},"end":{"line":26,"column":61}},"6":{"start":{"line":27,"column":8},"end":{"line":27,"column":72}},"7":{"start":{"line":27,"column":22},"end":{"line":27,"column":72}},"8":{"start":{"line":28,"column":8},"end":{"line":28,"column":26}},"9":{"start":{"line":32,"column":0},"end":{"line":46,"column":2}},"10":{"start":{"line":36,"column":24},"end":{"line":36,"column":66}},"11":{"start":{"line":37,"column":8},"end":{"line":37,"column":72}},"12":{"start":{"line":37,"column":22},"end":{"line":37,"column":72}},"13":{"start":{"line":39,"column":24},"end":{"line":39,"column":58}},"14":{"start":{"line":41,"column":8},"end":{"line":41,"column":43}},"15":{"start":{"line":42,"column":8},"end":{"line":42,"column":29}},"16":{"start":{"line":44,"column":8},"end":{"line":44,"column":38}},"17":{"start":{"line":48,"column":0},"end":{"line":67,"column":2}},"18":{"start":{"line":57,"column":24},"end":{"line":63,"column":9}},"19":{"start":{"line":64,"column":8},"end":{"line":64,"column":72}},"20":{"start":{"line":64,"column":22},"end":{"line":64,"column":72}},"21":{"start":{"line":65,"column":8},"end":{"line":65,"column":26}},"22":{"start":{"line":69,"column":0},"end":{"line":82,"column":2}},"23":{"start":{"line":73,"column":24},"end":{"line":73,"column":70}},"24":{"start":{"line":74,"column":8},"end":{"line":74,"column":72}},"25":{"start":{"line":74,"column":22},"end":{"line":74,"column":72}},"26":{"start":{"line":76,"column":24},"end":{"line":76,"column":65}},"27":{"start":{"line":77,"column":8},"end":{"line":77,"column":74}},"28":{"start":{"line":78,"column":8},"end":{"line":78,"column":29}},"29":{"start":{"line":80,"column":8},"end":{"line":80,"column":26}}},"fnMap":{"0":{"name":"(anonymous_0)","decl":{"start":{"line":17,"column":31},"end":{"line":17,"column":32}},"loc":{"start":{"line":17,"column":51},"end":{"line":20,"column":1}},"line":17},"1":{"name":"(anonymous_1)","decl":{"start":{"line":25,"column":4},"end":{"line":25,"column":5}},"loc":{"start":{"line":25,"column":24},"end":{"line":29,"column":5}},"line":25},"2":{"name":"(anonymous_2)","decl":{"start":{"line":35,"column":4},"end":{"line":35,"column":5}},"loc":{"start":{"line":35,"column":24},"end":{"line":45,"column":5}},"line":35},"3":{"name":"(anonymous_3)","decl":{"start":{"line":56,"column":4},"end":{"line":56,"column":5}},"loc":{"start":{"line":56,"column":24},"end":{"line":66,"column":5}},"line":56},"4":{"name":"(anonymous_4)","decl":{"start":{"line":72,"column":4},"end":{"line":72,"column":5}},"loc":{"start":{"line":72,"column":24},"end":{"line":81,"column":5}},"line":72}},"branchMap":{"0":{"loc":{"start":{"line":27,"column":8},"end":{"line":27,"column":72}},"type":"if","locations":[{"start":{"line":27,"column":8},"end":{"line":27,"column":72}},{"start":{},"end":{}}],"line":27},"1":{"loc":{"start":{"line":37,"column":8},"end":{"line":37,"column":72}},"type":"if","locations":[{"start":{"line":37,"column":8},"end":{"line":37,"column":72}},{"start":{},"end":{}}],"line":37},"2":{"loc":{"start":{"line":64,"column":8},"end":{"line":64,"column":72}},"type":"if","locations":[{"start":{"line":64,"column":8},"end":{"line":64,"column":72}},{"start":{},"end":{}}],"line":64},"3":{"loc":{"start":{"line":74,"column":8},"end":{"line":74,"column":72}},"type":"if","locations":[{"start":{"line":74,"column":8},"end":{"line":74,"column":72}},{"start":{},"end":{}}],"line":74}},"s":{"0":1,"1":1,"2":0,"3":0,"4":1,"5":0,"6":0,"7":0,"8":0,"9":1,"10":0,"11":0,"12":0,"13":0,"14":0,"15":0,"16":0,"17":1,"18":0,"19":0,"20":0,"21":0,"22":1,"23":0,"24":0,"25":0,"26":0,"27":0,"28":0,"29":0},"f":{"0":0,"1":0,"2":0,"3":0,"4":0},"b":{"0":[0,0],"1":[0,0],"2":[0,0],"3":[0,0]},"_coverageSchema":"1a1c01bbd47fc00a2c39e90264f33305004495a9","hash":"780cede5f01d47579056ab7987b42ccfe8fff36d"}
,"/Users/deepikazende/Projects/hcc-backend/routes/recordTypesRoutes.js": {"path":"/Users/deepikazende/Projects/hcc-backend/routes/recordTypesRoutes.js","statementMap":{"0":{"start":{"line":11,"column":15},"end":{"line":11,"column":31}},"1":{"start":{"line":13,"column":0},"end":{"line":16,"column":3}},"2":{"start":{"line":14,"column":24},"end":{"line":14,"column":60}},"3":{"start":{"line":15,"column":4},"end":{"line":15,"column":26}},"4":{"start":{"line":18,"column":0},"end":{"line":22,"column":3}},"5":{"start":{"line":19,"column":23},"end":{"line":19,"column":63}},"6":{"start":{"line":20,"column":4},"end":{"line":20,"column":71}},"7":{"start":{"line":20,"column":21},"end":{"line":20,"column":71}},"8":{"start":{"line":21,"column":4},"end":{"line":21,"column":25}},"9":{"start":{"line":24,"column":0},"end":{"line":36,"column":2}},"10":{"start":{"line":28,"column":25},"end":{"line":28,"column":74}},"11":{"start":{"line":29,"column":8},"end":{"line":30,"column":69}},"12":{"start":{"line":30,"column":12},"end":{"line":30,"column":69}},"13":{"start":{"line":32,"column":8},"end":{"line":32,"column":61}},"14":{"start":{"line":33,"column":8},"end":{"line":33,"column":32}},"15":{"start":{"line":34,"column":8},"end":{"line":34,"column":41}},"16":{"start":{"line":38,"column":0},"end":{"line":54,"column":2}},"17":{"start":{"line":42,"column":25},"end":{"line":42,"column":74}},"18":{"start":{"line":43,"column":8},"end":{"line":44,"column":69}},"19":{"start":{"line":44,"column":12},"end":{"line":44,"column":69}},"20":{"start":{"line":46,"column":8},"end":{"line":50,"column":10}},"21":{"start":{"line":51,"column":8},"end":{"line":51,"column":75}},"22":{"start":{"line":51,"column":25},"end":{"line":51,"column":75}},"23":{"start":{"line":52,"column":8},"end":{"line":52,"column":29}},"24":{"start":{"line":56,"column":0},"end":{"line":60,"column":3}},"25":{"start":{"line":57,"column":23},"end":{"line":57,"column":72}},"26":{"start":{"line":58,"column":4},"end":{"line":58,"column":71}},"27":{"start":{"line":58,"column":21},"end":{"line":58,"column":71}},"28":{"start":{"line":59,"column":4},"end":{"line":59,"column":25}}},"fnMap":{"0":{"name":"(anonymous_0)","decl":{"start":{"line":13,"column":16},"end":{"line":13,"column":17}},"loc":{"start":{"line":13,"column":36},"end":{"line":16,"column":1}},"line":13},"1":{"name":"(anonymous_1)","decl":{"start":{"line":18,"column":37},"end":{"line":18,"column":38}},"loc":{"start":{"line":18,"column":57},"end":{"line":22,"column":1}},"line":18},"2":{"name":"(anonymous_2)","decl":{"start":{"line":27,"column":4},"end":{"line":27,"column":5}},"loc":{"start":{"line":27,"column":24},"end":{"line":35,"column":5}},"line":27},"3":{"name":"(anonymous_3)","decl":{"start":{"line":41,"column":4},"end":{"line":41,"column":5}},"loc":{"start":{"line":41,"column":24},"end":{"line":53,"column":5}},"line":41},"4":{"name":"(anonymous_4)","decl":{"start":{"line":56,"column":56},"end":{"line":56,"column":57}},"loc":{"start":{"line":56,"column":76},"end":{"line":60,"column":1}},"line":56}},"branchMap":{"0":{"loc":{"start":{"line":20,"column":4},"end":{"line":20,"column":71}},"type":"if","locations":[{"start":{"line":20,"column":4},"end":{"line":20,"column":71}},{"start":{},"end":{}}],"line":20},"1":{"loc":{"start":{"line":29,"column":8},"end":{"line":30,"column":69}},"type":"if","locations":[{"start":{"line":29,"column":8},"end":{"line":30,"column":69}},{"start":{},"end":{}}],"line":29},"2":{"loc":{"start":{"line":43,"column":8},"end":{"line":44,"column":69}},"type":"if","locations":[{"start":{"line":43,"column":8},"end":{"line":44,"column":69}},{"start":{},"end":{}}],"line":43},"3":{"loc":{"start":{"line":51,"column":8},"end":{"line":51,"column":75}},"type":"if","locations":[{"start":{"line":51,"column":8},"end":{"line":51,"column":75}},{"start":{},"end":{}}],"line":51},"4":{"loc":{"start":{"line":58,"column":4},"end":{"line":58,"column":71}},"type":"if","locations":[{"start":{"line":58,"column":4},"end":{"line":58,"column":71}},{"start":{},"end":{}}],"line":58}},"s":{"0":1,"1":1,"2":0,"3":0,"4":1,"5":0,"6":0,"7":0,"8":0,"9":1,"10":0,"11":0,"12":0,"13":0,"14":0,"15":0,"16":1,"17":0,"18":0,"19":0,"20":0,"21":0,"22":0,"23":0,"24":1,"25":0,"26":0,"27":0,"28":0},"f":{"0":0,"1":0,"2":0,"3":0,"4":0},"b":{"0":[0,0],"1":[0,0],"2":[0,0],"3":[0,0],"4":[0,0]},"_coverageSchema":"1a1c01bbd47fc00a2c39e90264f33305004495a9","hash":"d51e9b6c1689afce68014957cb50c5914aa4ada0"}
,"/Users/deepikazende/Projects/hcc-backend/routes/specializationsRoutes.js": {"path":"/Users/deepikazende/Projects/hcc-backend/routes/specializationsRoutes.js","statementMap":{"0":{"start":{"line":11,"column":15},"end":{"line":11,"column":31}},"1":{"start":{"line":13,"column":0},"end":{"line":16,"column":3}},"2":{"start":{"line":14,"column":28},"end":{"line":14,"column":68}},"3":{"start":{"line":15,"column":4},"end":{"line":15,"column":30}},"4":{"start":{"line":18,"column":0},"end":{"line":22,"column":3}},"5":{"start":{"line":19,"column":27},"end":{"line":19,"column":71}},"6":{"start":{"line":20,"column":4},"end":{"line":20,"column":75}},"7":{"start":{"line":20,"column":25},"end":{"line":20,"column":75}},"8":{"start":{"line":21,"column":4},"end":{"line":21,"column":29}},"9":{"start":{"line":24,"column":0},"end":{"line":38,"column":2}},"10":{"start":{"line":28,"column":29},"end":{"line":30,"column":10}},"11":{"start":{"line":31,"column":8},"end":{"line":32,"column":73}},"12":{"start":{"line":32,"column":12},"end":{"line":32,"column":73}},"13":{"start":{"line":34,"column":8},"end":{"line":34,"column":69}},"14":{"start":{"line":35,"column":8},"end":{"line":35,"column":36}},"15":{"start":{"line":36,"column":8},"end":{"line":36,"column":45}},"16":{"start":{"line":40,"column":0},"end":{"line":58,"column":2}},"17":{"start":{"line":44,"column":29},"end":{"line":46,"column":10}},"18":{"start":{"line":47,"column":8},"end":{"line":48,"column":73}},"19":{"start":{"line":48,"column":12},"end":{"line":48,"column":73}},"20":{"start":{"line":50,"column":8},"end":{"line":54,"column":10}},"21":{"start":{"line":55,"column":8},"end":{"line":55,"column":79}},"22":{"start":{"line":55,"column":29},"end":{"line":55,"column":79}},"23":{"start":{"line":56,"column":8},"end":{"line":56,"column":33}},"24":{"start":{"line":60,"column":0},"end":{"line":66,"column":3}},"25":{"start":{"line":61,"column":27},"end":{"line":63,"column":5}},"26":{"start":{"line":64,"column":4},"end":{"line":64,"column":75}},"27":{"start":{"line":64,"column":25},"end":{"line":64,"column":75}},"28":{"start":{"line":65,"column":4},"end":{"line":65,"column":29}}},"fnMap":{"0":{"name":"(anonymous_0)","decl":{"start":{"line":13,"column":16},"end":{"line":13,"column":17}},"loc":{"start":{"line":13,"column":36},"end":{"line":16,"column":1}},"line":13},"1":{"name":"(anonymous_1)","decl":{"start":{"line":18,"column":37},"end":{"line":18,"column":38}},"loc":{"start":{"line":18,"column":57},"end":{"line":22,"column":1}},"line":18},"2":{"name":"(anonymous_2)","decl":{"start":{"line":27,"column":4},"end":{"line":27,"column":5}},"loc":{"start":{"line":27,"column":24},"end":{"line":37,"column":5}},"line":27},"3":{"name":"(anonymous_3)","decl":{"start":{"line":43,"column":4},"end":{"line":43,"column":5}},"loc":{"start":{"line":43,"column":24},"end":{"line":57,"column":5}},"line":43},"4":{"name":"(anonymous_4)","decl":{"start":{"line":60,"column":56},"end":{"line":60,"column":57}},"loc":{"start":{"line":60,"column":76},"end":{"line":66,"column":1}},"line":60}},"branchMap":{"0":{"loc":{"start":{"line":20,"column":4},"end":{"line":20,"column":75}},"type":"if","locations":[{"start":{"line":20,"column":4},"end":{"line":20,"column":75}},{"start":{},"end":{}}],"line":20},"1":{"loc":{"start":{"line":31,"column":8},"end":{"line":32,"column":73}},"type":"if","locations":[{"start":{"line":31,"column":8},"end":{"line":32,"column":73}},{"start":{},"end":{}}],"line":31},"2":{"loc":{"start":{"line":47,"column":8},"end":{"line":48,"column":73}},"type":"if","locations":[{"start":{"line":47,"column":8},"end":{"line":48,"column":73}},{"start":{},"end":{}}],"line":47},"3":{"loc":{"start":{"line":55,"column":8},"end":{"line":55,"column":79}},"type":"if","locations":[{"start":{"line":55,"column":8},"end":{"line":55,"column":79}},{"start":{},"end":{}}],"line":55},"4":{"loc":{"start":{"line":64,"column":4},"end":{"line":64,"column":75}},"type":"if","locations":[{"start":{"line":64,"column":4},"end":{"line":64,"column":75}},{"start":{},"end":{}}],"line":64}},"s":{"0":1,"1":1,"2":0,"3":0,"4":1,"5":0,"6":0,"7":0,"8":0,"9":1,"10":0,"11":0,"12":0,"13":0,"14":0,"15":0,"16":1,"17":0,"18":0,"19":0,"20":0,"21":0,"22":0,"23":0,"24":1,"25":0,"26":0,"27":0,"28":0},"f":{"0":0,"1":0,"2":0,"3":0,"4":0},"b":{"0":[0,0],"1":[0,0],"2":[0,0],"3":[0,0],"4":[0,0]},"_coverageSchema":"1a1c01bbd47fc00a2c39e90264f33305004495a9","hash":"9af1917c900a18e1233a282b3531a8753781fafa"}
,"/Users/deepikazende/Projects/hcc-backend/startup/config.js": {"path":"/Users/deepikazende/Projects/hcc-backend/startup/config.js","statementMap":{"0":{"start":{"line":4,"column":4},"end":{"line":6,"column":5}},"1":{"start":{"line":5,"column":8},"end":{"line":5,"column":64}}},"fnMap":{"0":{"name":"checkConfigVariables","decl":{"start":{"line":3,"column":24},"end":{"line":3,"column":44}},"loc":{"start":{"line":3,"column":47},"end":{"line":10,"column":1}},"line":3}},"branchMap":{"0":{"loc":{"start":{"line":4,"column":4},"end":{"line":6,"column":5}},"type":"if","locations":[{"start":{"line":4,"column":4},"end":{"line":6,"column":5}},{"start":{},"end":{}}],"line":4}},"s":{"0":1,"1":0},"f":{"0":1},"b":{"0":[0,1]},"_coverageSchema":"1a1c01bbd47fc00a2c39e90264f33305004495a9","hash":"3ab1e797d174c509603195a1da9340f73ffcb441"}
,"/Users/deepikazende/Projects/hcc-backend/startup/logger.js": {"path":"/Users/deepikazende/Projects/hcc-backend/startup/logger.js","statementMap":{"0":{"start":{"line":5,"column":46},"end":{"line":5,"column":52}},"1":{"start":{"line":7,"column":17},"end":{"line":9,"column":2}},"2":{"start":{"line":8,"column":4},"end":{"line":8,"column":58}},"3":{"start":{"line":11,"column":22},"end":{"line":32,"column":2}}},"fnMap":{"0":{"name":"(anonymous_0)","decl":{"start":{"line":7,"column":24},"end":{"line":7,"column":25}},"loc":{"start":{"line":7,"column":66},"end":{"line":9,"column":1}},"line":7}},"branchMap":{},"s":{"0":1,"1":1,"2":3,"3":1},"f":{"0":3},"b":{},"_coverageSchema":"1a1c01bbd47fc00a2c39e90264f33305004495a9","hash":"fcd73da59ecea10a4073ba713355aaff90d3ee72"}
,"/Users/deepikazende/Projects/hcc-backend/startup/mongo.js": {"path":"/Users/deepikazende/Projects/hcc-backend/startup/mongo.js","statementMap":{"0":{"start":{"line":5,"column":32},"end":{"line":5,"column":48}},"1":{"start":{"line":12,"column":4},"end":{"line":17,"column":71}},"2":{"start":{"line":17,"column":20},"end":{"line":17,"column":69}},"3":{"start":{"line":19,"column":20},"end":{"line":19,"column":39}}},"fnMap":{"0":{"name":"initialiseDb","decl":{"start":{"line":11,"column":24},"end":{"line":11,"column":36}},"loc":{"start":{"line":11,"column":39},"end":{"line":18,"column":1}},"line":11},"1":{"name":"(anonymous_1)","decl":{"start":{"line":17,"column":14},"end":{"line":17,"column":15}},"loc":{"start":{"line":17,"column":20},"end":{"line":17,"column":69}},"line":17}},"branchMap":{},"s":{"0":1,"1":1,"2":1,"3":1},"f":{"0":1,"1":1},"b":{},"_coverageSchema":"1a1c01bbd47fc00a2c39e90264f33305004495a9","hash":"cafdd514a6f7fa1bab453d329f2c911af4600fba"}
,"/Users/deepikazende/Projects/hcc-backend/startup/routes.js": {"path":"/Users/deepikazende/Projects/hcc-backend/startup/routes.js","statementMap":{"0":{"start":{"line":20,"column":4},"end":{"line":20,"column":20}},"1":{"start":{"line":21,"column":4},"end":{"line":21,"column":28}},"2":{"start":{"line":23,"column":4},"end":{"line":23,"column":38}},"3":{"start":{"line":24,"column":4},"end":{"line":24,"column":22}},"4":{"start":{"line":26,"column":4},"end":{"line":26,"column":34}},"5":{"start":{"line":27,"column":4},"end":{"line":27,"column":28}},"6":{"start":{"line":29,"column":4},"end":{"line":29,"column":31}},"7":{"start":{"line":30,"column":4},"end":{"line":30,"column":39}},"8":{"start":{"line":31,"column":4},"end":{"line":31,"column":39}},"9":{"start":{"line":32,"column":4},"end":{"line":32,"column":47}},"10":{"start":{"line":33,"column":4},"end":{"line":33,"column":37}},"11":{"start":{"line":34,"column":4},"end":{"line":34,"column":41}},"12":{"start":{"line":35,"column":4},"end":{"line":35,"column":51}},"13":{"start":{"line":36,"column":4},"end":{"line":36,"column":45}},"14":{"start":{"line":37,"column":4},"end":{"line":37,"column":53}},"15":{"start":{"line":38,"column":4},"end":{"line":38,"column":45}},"16":{"start":{"line":39,"column":4},"end":{"line":39,"column":49}},"17":{"start":{"line":41,"column":4},"end":{"line":41,"column":19}}},"fnMap":{"0":{"name":"initialiseRoutes","decl":{"start":{"line":19,"column":24},"end":{"line":19,"column":40}},"loc":{"start":{"line":19,"column":46},"end":{"line":42,"column":1}},"line":19}},"branchMap":{},"s":{"0":1,"1":1,"2":1,"3":1,"4":1,"5":1,"6":1,"7":1,"8":1,"9":1,"10":1,"11":1,"12":1,"13":1,"14":1,"15":1,"16":1,"17":1},"f":{"0":1},"b":{},"_coverageSchema":"1a1c01bbd47fc00a2c39e90264f33305004495a9","hash":"25ebe2e3e0373ab1823030c7b5f0dc68814c1bfc"}
}
