{"/Users/deepikazende/Projects/hcc-backend/index.js": {"path":"/Users/deepikazende/Projects/hcc-backend/index.js","statementMap":{"0":{"start":{"line":6,"column":12},"end":{"line":6,"column":21}},"1":{"start":{"line":8,"column":0},"end":{"line":8,"column":15}},"2":{"start":{"line":9,"column":0},"end":{"line":9,"column":22}},"3":{"start":{"line":10,"column":0},"end":{"line":10,"column":23}},"4":{"start":{"line":12,"column":13},"end":{"line":12,"column":37}},"5":{"start":{"line":13,"column":15},"end":{"line":15,"column":1}},"6":{"start":{"line":14,"column":4},"end":{"line":14,"column":46}}},"fnMap":{"0":{"name":"(anonymous_0)","decl":{"start":{"line":13,"column":32},"end":{"line":13,"column":33}},"loc":{"start":{"line":14,"column":4},"end":{"line":14,"column":46}},"line":14}},"branchMap":{"0":{"loc":{"start":{"line":12,"column":13},"end":{"line":12,"column":37}},"type":"binary-expr","locations":[{"start":{"line":12,"column":13},"end":{"line":12,"column":29}},{"start":{"line":12,"column":33},"end":{"line":12,"column":37}}],"line":12}},"s":{"0":10,"1":10,"2":10,"3":10,"4":10,"5":10,"6":10},"f":{"0":10},"b":{"0":[10,10]},"_coverageSchema":"1a1c01bbd47fc00a2c39e90264f33305004495a9","hash":"9437fb631681c0ee7ae5de649c3f4d7eb30fe41c"}
,"/Users/deepikazende/Projects/hcc-backend/middleware/admin.js": {"path":"/Users/deepikazende/Projects/hcc-backend/middleware/admin.js","statementMap":{"0":{"start":{"line":5,"column":4},"end":{"line":5,"column":50}},"1":{"start":{"line":5,"column":36},"end":{"line":5,"column":50}},"2":{"start":{"line":10,"column":4},"end":{"line":11,"column":53}},"3":{"start":{"line":11,"column":8},"end":{"line":11,"column":53}},"4":{"start":{"line":13,"column":4},"end":{"line":13,"column":11}}},"fnMap":{"0":{"name":"admin","decl":{"start":{"line":4,"column":16},"end":{"line":4,"column":21}},"loc":{"start":{"line":4,"column":38},"end":{"line":14,"column":1}},"line":4}},"branchMap":{"0":{"loc":{"start":{"line":5,"column":4},"end":{"line":5,"column":50}},"type":"if","locations":[{"start":{"line":5,"column":4},"end":{"line":5,"column":50}},{"start":{},"end":{}}],"line":5},"1":{"loc":{"start":{"line":10,"column":4},"end":{"line":11,"column":53}},"type":"if","locations":[{"start":{"line":10,"column":4},"end":{"line":11,"column":53}},{"start":{},"end":{}}],"line":10}},"s":{"0":46,"1":0,"2":46,"3":8,"4":38},"f":{"0":46},"b":{"0":[0,46],"1":[8,38]},"_coverageSchema":"1a1c01bbd47fc00a2c39e90264f33305004495a9","hash":"31737d61eee15fdc86444ac69995f0f9c6b1ae2b"}
,"/Users/deepikazende/Projects/hcc-backend/middleware/auth.js": {"path":"/Users/deepikazende/Projects/hcc-backend/middleware/auth.js","statementMap":{"0":{"start":{"line":5,"column":4},"end":{"line":5,"column":50}},"1":{"start":{"line":5,"column":36},"end":{"line":5,"column":50}},"2":{"start":{"line":7,"column":18},"end":{"line":7,"column":44}},"3":{"start":{"line":8,"column":4},"end":{"line":9,"column":73}},"4":{"start":{"line":9,"column":8},"end":{"line":9,"column":73}},"5":{"start":{"line":11,"column":4},"end":{"line":17,"column":5}},"6":{"start":{"line":12,"column":24},"end":{"line":12,"column":70}},"7":{"start":{"line":13,"column":8},"end":{"line":13,"column":30}},"8":{"start":{"line":14,"column":8},"end":{"line":14,"column":15}},"9":{"start":{"line":16,"column":8},"end":{"line":16,"column":47}}},"fnMap":{"0":{"name":"auth","decl":{"start":{"line":4,"column":16},"end":{"line":4,"column":20}},"loc":{"start":{"line":4,"column":37},"end":{"line":18,"column":1}},"line":4}},"branchMap":{"0":{"loc":{"start":{"line":5,"column":4},"end":{"line":5,"column":50}},"type":"if","locations":[{"start":{"line":5,"column":4},"end":{"line":5,"column":50}},{"start":{},"end":{}}],"line":5},"1":{"loc":{"start":{"line":8,"column":4},"end":{"line":9,"column":73}},"type":"if","locations":[{"start":{"line":8,"column":4},"end":{"line":9,"column":73}},{"start":{},"end":{}}],"line":8}},"s":{"0":383,"1":0,"2":383,"3":383,"4":37,"5":346,"6":346,"7":345,"8":345,"9":1},"f":{"0":383},"b":{"0":[0,383],"1":[37,346]},"_coverageSchema":"1a1c01bbd47fc00a2c39e90264f33305004495a9","hash":"96bbf5c6ce1e4ef264e267308a72fc54abef40ab"}
,"/Users/deepikazende/Projects/hcc-backend/middleware/checkAccess.js": {"path":"/Users/deepikazende/Projects/hcc-backend/middleware/checkAccess.js","statementMap":{"0":{"start":{"line":1,"column":27},"end":{"line":26,"column":1}},"1":{"start":{"line":2,"column":4},"end":{"line":25,"column":6}},"2":{"start":{"line":3,"column":8},"end":{"line":5,"column":9}},"3":{"start":{"line":4,"column":12},"end":{"line":4,"column":26}},"4":{"start":{"line":8,"column":20},"end":{"line":8,"column":55}},"5":{"start":{"line":9,"column":8},"end":{"line":11,"column":9}},"6":{"start":{"line":10,"column":12},"end":{"line":10,"column":62}},"7":{"start":{"line":13,"column":8},"end":{"line":18,"column":9}},"8":{"start":{"line":14,"column":12},"end":{"line":15,"column":31}},"9":{"start":{"line":14,"column":31},"end":{"line":14,"column":61}},"10":{"start":{"line":15,"column":17},"end":{"line":15,"column":31}},"11":{"start":{"line":17,"column":12},"end":{"line":17,"column":31}},"12":{"start":{"line":20,"column":8},"end":{"line":22,"column":9}},"13":{"start":{"line":21,"column":12},"end":{"line":21,"column":57}},"14":{"start":{"line":24,"column":8},"end":{"line":24,"column":15}}},"fnMap":{"0":{"name":"(anonymous_0)","decl":{"start":{"line":1,"column":27},"end":{"line":1,"column":28}},"loc":{"start":{"line":1,"column":77},"end":{"line":26,"column":1}},"line":1},"1":{"name":"(anonymous_1)","decl":{"start":{"line":2,"column":11},"end":{"line":2,"column":12}},"loc":{"start":{"line":2,"column":37},"end":{"line":25,"column":5}},"line":2}},"branchMap":{"0":{"loc":{"start":{"line":3,"column":8},"end":{"line":5,"column":9}},"type":"if","locations":[{"start":{"line":3,"column":8},"end":{"line":5,"column":9}},{"start":{},"end":{}}],"line":3},"1":{"loc":{"start":{"line":9,"column":8},"end":{"line":11,"column":9}},"type":"if","locations":[{"start":{"line":9,"column":8},"end":{"line":11,"column":9}},{"start":{},"end":{}}],"line":9},"2":{"loc":{"start":{"line":13,"column":8},"end":{"line":18,"column":9}},"type":"if","locations":[{"start":{"line":13,"column":8},"end":{"line":18,"column":9}},{"start":{"line":16,"column":15},"end":{"line":18,"column":9}}],"line":13},"3":{"loc":{"start":{"line":14,"column":12},"end":{"line":15,"column":31}},"type":"if","locations":[{"start":{"line":14,"column":12},"end":{"line":15,"column":31}},{"start":{"line":15,"column":17},"end":{"line":15,"column":31}}],"line":14},"4":{"loc":{"start":{"line":20,"column":8},"end":{"line":22,"column":9}},"type":"if","locations":[{"start":{"line":20,"column":8},"end":{"line":22,"column":9}},{"start":{},"end":{}}],"line":20}},"s":{"0":10,"1":50,"2":42,"3":6,"4":36,"5":36,"6":5,"7":31,"8":14,"9":12,"10":2,"11":17,"12":29,"13":5,"14":24},"f":{"0":50,"1":42},"b":{"0":[6,36],"1":[5,31],"2":[14,17],"3":[12,2],"4":[5,24]},"_coverageSchema":"1a1c01bbd47fc00a2c39e90264f33305004495a9","hash":"c50d4a27a8165932fbd3d38564e9f572e3333441"}
,"/Users/deepikazende/Projects/hcc-backend/middleware/checkOwner.js": {"path":"/Users/deepikazende/Projects/hcc-backend/middleware/checkOwner.js","statementMap":{"0":{"start":{"line":3,"column":26},"end":{"line":19,"column":1}},"1":{"start":{"line":4,"column":4},"end":{"line":18,"column":6}},"2":{"start":{"line":5,"column":8},"end":{"line":7,"column":9}},"3":{"start":{"line":6,"column":12},"end":{"line":6,"column":26}},"4":{"start":{"line":9,"column":20},"end":{"line":9,"column":55}},"5":{"start":{"line":10,"column":8},"end":{"line":12,"column":9}},"6":{"start":{"line":11,"column":12},"end":{"line":11,"column":62}},"7":{"start":{"line":14,"column":8},"end":{"line":16,"column":9}},"8":{"start":{"line":15,"column":12},"end":{"line":15,"column":57}},"9":{"start":{"line":17,"column":8},"end":{"line":17,"column":15}}},"fnMap":{"0":{"name":"(anonymous_0)","decl":{"start":{"line":3,"column":26},"end":{"line":3,"column":27}},"loc":{"start":{"line":3,"column":63},"end":{"line":19,"column":1}},"line":3},"1":{"name":"(anonymous_1)","decl":{"start":{"line":4,"column":11},"end":{"line":4,"column":12}},"loc":{"start":{"line":4,"column":37},"end":{"line":18,"column":5}},"line":4}},"branchMap":{"0":{"loc":{"start":{"line":5,"column":8},"end":{"line":7,"column":9}},"type":"if","locations":[{"start":{"line":5,"column":8},"end":{"line":7,"column":9}},{"start":{},"end":{}}],"line":5},"1":{"loc":{"start":{"line":10,"column":8},"end":{"line":12,"column":9}},"type":"if","locations":[{"start":{"line":10,"column":8},"end":{"line":12,"column":9}},{"start":{},"end":{}}],"line":10},"2":{"loc":{"start":{"line":14,"column":8},"end":{"line":16,"column":9}},"type":"if","locations":[{"start":{"line":14,"column":8},"end":{"line":16,"column":9}},{"start":{},"end":{}}],"line":14}},"s":{"0":10,"1":70,"2":53,"3":23,"4":30,"5":30,"6":4,"7":26,"8":7,"9":19},"f":{"0":70,"1":53},"b":{"0":[23,30],"1":[4,26],"2":[7,19]},"_coverageSchema":"1a1c01bbd47fc00a2c39e90264f33305004495a9","hash":"48064d32f4b82c894f89d8288ee739091c38f911"}
,"/Users/deepikazende/Projects/hcc-backend/middleware/doctor.js": {"path":"/Users/deepikazende/Projects/hcc-backend/middleware/doctor.js","statementMap":{"0":{"start":{"line":5,"column":4},"end":{"line":5,"column":50}},"1":{"start":{"line":5,"column":36},"end":{"line":5,"column":50}},"2":{"start":{"line":10,"column":4},"end":{"line":11,"column":53}},"3":{"start":{"line":11,"column":8},"end":{"line":11,"column":53}},"4":{"start":{"line":13,"column":4},"end":{"line":13,"column":11}}},"fnMap":{"0":{"name":"doctor","decl":{"start":{"line":4,"column":16},"end":{"line":4,"column":22}},"loc":{"start":{"line":4,"column":39},"end":{"line":14,"column":1}},"line":4}},"branchMap":{"0":{"loc":{"start":{"line":5,"column":4},"end":{"line":5,"column":50}},"type":"if","locations":[{"start":{"line":5,"column":4},"end":{"line":5,"column":50}},{"start":{},"end":{}}],"line":5},"1":{"loc":{"start":{"line":10,"column":4},"end":{"line":11,"column":53}},"type":"if","locations":[{"start":{"line":10,"column":4},"end":{"line":11,"column":53}},{"start":{},"end":{}}],"line":10}},"s":{"0":81,"1":0,"2":81,"3":14,"4":67},"f":{"0":81},"b":{"0":[0,81],"1":[14,67]},"_coverageSchema":"1a1c01bbd47fc00a2c39e90264f33305004495a9","hash":"b44e39d61318d8115efc851c2e156ae5e5865c7e"}
,"/Users/deepikazende/Projects/hcc-backend/middleware/error.js": {"path":"/Users/deepikazende/Projects/hcc-backend/middleware/error.js","statementMap":{"0":{"start":{"line":4,"column":2},"end":{"line":4,"column":33}},"1":{"start":{"line":6,"column":2},"end":{"line":6,"column":49}}},"fnMap":{"0":{"name":"error","decl":{"start":{"line":3,"column":16},"end":{"line":3,"column":21}},"loc":{"start":{"line":3,"column":43},"end":{"line":7,"column":1}},"line":3}},"branchMap":{},"s":{"0":2,"1":2},"f":{"0":2},"b":{},"_coverageSchema":"1a1c01bbd47fc00a2c39e90264f33305004495a9","hash":"21d053ee27527c0317fab9186d04c5b874dfbd53"}
,"/Users/deepikazende/Projects/hcc-backend/middleware/validate.js": {"path":"/Users/deepikazende/Projects/hcc-backend/middleware/validate.js","statementMap":{"0":{"start":{"line":3,"column":28},"end":{"line":12,"column":1}},"1":{"start":{"line":4,"column":4},"end":{"line":11,"column":6}},"2":{"start":{"line":5,"column":26},"end":{"line":5,"column":57}},"3":{"start":{"line":6,"column":8},"end":{"line":9,"column":9}},"4":{"start":{"line":7,"column":12},"end":{"line":8,"column":56}},"5":{"start":{"line":10,"column":8},"end":{"line":10,"column":15}},"6":{"start":{"line":14,"column":37},"end":{"line":27,"column":1}},"7":{"start":{"line":15,"column":4},"end":{"line":26,"column":6}},"8":{"start":{"line":16,"column":8},"end":{"line":24,"column":9}},"9":{"start":{"line":17,"column":12},"end":{"line":21,"column":13}},"10":{"start":{"line":18,"column":16},"end":{"line":20,"column":73}},"11":{"start":{"line":19,"column":20},"end":{"line":19,"column":59}},"12":{"start":{"line":20,"column":23},"end":{"line":20,"column":73}},"13":{"start":{"line":23,"column":12},"end":{"line":23,"column":53}},"14":{"start":{"line":25,"column":8},"end":{"line":25,"column":15}}},"fnMap":{"0":{"name":"(anonymous_0)","decl":{"start":{"line":3,"column":28},"end":{"line":3,"column":29}},"loc":{"start":{"line":3,"column":46},"end":{"line":12,"column":1}},"line":3},"1":{"name":"(anonymous_1)","decl":{"start":{"line":4,"column":11},"end":{"line":4,"column":12}},"loc":{"start":{"line":4,"column":31},"end":{"line":11,"column":5}},"line":4},"2":{"name":"(anonymous_2)","decl":{"start":{"line":14,"column":37},"end":{"line":14,"column":38}},"loc":{"start":{"line":14,"column":49},"end":{"line":27,"column":1}},"line":14},"3":{"name":"(anonymous_3)","decl":{"start":{"line":15,"column":11},"end":{"line":15,"column":12}},"loc":{"start":{"line":15,"column":31},"end":{"line":26,"column":5}},"line":15}},"branchMap":{"0":{"loc":{"start":{"line":6,"column":8},"end":{"line":9,"column":9}},"type":"if","locations":[{"start":{"line":6,"column":8},"end":{"line":9,"column":9}},{"start":{},"end":{}}],"line":6},"1":{"loc":{"start":{"line":18,"column":16},"end":{"line":20,"column":73}},"type":"if","locations":[{"start":{"line":18,"column":16},"end":{"line":20,"column":73}},{"start":{"line":20,"column":23},"end":{"line":20,"column":73}}],"line":18}},"s":{"0":10,"1":170,"2":231,"3":231,"4":142,"5":89,"6":10,"7":50,"8":68,"9":68,"10":192,"11":183,"12":9,"13":32,"14":27},"f":{"0":170,"1":231,"2":50,"3":68},"b":{"0":[142,89],"1":[183,9]},"_coverageSchema":"1a1c01bbd47fc00a2c39e90264f33305004495a9","hash":"7c8e623ac4877be9c0790bda25abdb9ac8734ee0"}
,"/Users/deepikazende/Projects/hcc-backend/middleware/validateObjectId.js": {"path":"/Users/deepikazende/Projects/hcc-backend/middleware/validateObjectId.js","statementMap":{"0":{"start":{"line":4,"column":4},"end":{"line":6,"column":5}},"1":{"start":{"line":5,"column":8},"end":{"line":5,"column":50}},"2":{"start":{"line":8,"column":4},"end":{"line":8,"column":11}}},"fnMap":{"0":{"name":"(anonymous_0)","decl":{"start":{"line":3,"column":15},"end":{"line":3,"column":16}},"loc":{"start":{"line":3,"column":41},"end":{"line":9,"column":1}},"line":3}},"branchMap":{"0":{"loc":{"start":{"line":4,"column":4},"end":{"line":6,"column":5}},"type":"if","locations":[{"start":{"line":4,"column":4},"end":{"line":6,"column":5}},{"start":{},"end":{}}],"line":4}},"s":{"0":217,"1":25,"2":192},"f":{"0":217},"b":{"0":[25,192]},"_coverageSchema":"1a1c01bbd47fc00a2c39e90264f33305004495a9","hash":"7a478d27ee7c31fbb157b688349acde4200f10c6"}
,"/Users/deepikazende/Projects/hcc-backend/models/accountModel.js": {"path":"/Users/deepikazende/Projects/hcc-backend/models/accountModel.js","statementMap":{"0":{"start":{"line":8,"column":26},"end":{"line":16,"column":1}},"1":{"start":{"line":18,"column":21},"end":{"line":22,"column":1}},"2":{"start":{"line":24,"column":29},"end":{"line":41,"column":1}},"3":{"start":{"line":42,"column":35},"end":{"line":42,"column":60}},"4":{"start":{"line":44,"column":17},"end":{"line":73,"column":2}},"5":{"start":{"line":61,"column":12},"end":{"line":61,"column":52}},"6":{"start":{"line":75,"column":0},"end":{"line":88,"column":2}},"7":{"start":{"line":76,"column":18},"end":{"line":86,"column":5}},"8":{"start":{"line":87,"column":4},"end":{"line":87,"column":17}},"9":{"start":{"line":90,"column":23},"end":{"line":90,"column":49}}},"fnMap":{"0":{"name":"(anonymous_0)","decl":{"start":{"line":60,"column":18},"end":{"line":60,"column":19}},"loc":{"start":{"line":60,"column":30},"end":{"line":62,"column":9}},"line":60},"1":{"name":"(anonymous_1)","decl":{"start":{"line":75,"column":37},"end":{"line":75,"column":38}},"loc":{"start":{"line":75,"column":49},"end":{"line":88,"column":1}},"line":75}},"branchMap":{},"s":{"0":17,"1":17,"2":17,"3":17,"4":17,"5":311,"6":17,"7":473,"8":473,"9":17},"f":{"0":311,"1":473},"b":{},"_coverageSchema":"1a1c01bbd47fc00a2c39e90264f33305004495a9","hash":"ab1609ebd4192f1d12bcffd342d534acf9a88d68"}
,"/Users/deepikazende/Projects/hcc-backend/models/appointmentModel.js": {"path":"/Users/deepikazende/Projects/hcc-backend/models/appointmentModel.js","statementMap":{"0":{"start":{"line":5,"column":33},"end":{"line":19,"column":1}},"1":{"start":{"line":21,"column":39},"end":{"line":21,"column":68}},"2":{"start":{"line":23,"column":26},"end":{"line":27,"column":1}},"3":{"start":{"line":29,"column":39},"end":{"line":29,"column":68}},"4":{"start":{"line":31,"column":30},"end":{"line":38,"column":1}},"5":{"start":{"line":40,"column":43},"end":{"line":40,"column":76}},"6":{"start":{"line":42,"column":36},"end":{"line":49,"column":1}},"7":{"start":{"line":51,"column":49},"end":{"line":53,"column":1}},"8":{"start":{"line":55,"column":17},"end":{"line":73,"column":2}},"9":{"start":{"line":69,"column":12},"end":{"line":69,"column":34}},"10":{"start":{"line":75,"column":27},"end":{"line":75,"column":57}}},"fnMap":{"0":{"name":"(anonymous_0)","decl":{"start":{"line":68,"column":18},"end":{"line":68,"column":19}},"loc":{"start":{"line":68,"column":30},"end":{"line":70,"column":9}},"line":68}},"branchMap":{},"s":{"0":10,"1":10,"2":10,"3":10,"4":10,"5":10,"6":10,"7":10,"8":10,"9":108,"10":10},"f":{"0":108},"b":{},"_coverageSchema":"1a1c01bbd47fc00a2c39e90264f33305004495a9","hash":"f2a9a0e13a8a36827d657be60328b7ec5b8e8ff2"}
,"/Users/deepikazende/Projects/hcc-backend/models/authmodel.js": {"path":"/Users/deepikazende/Projects/hcc-backend/models/authmodel.js","statementMap":{"0":{"start":{"line":3,"column":19},"end":{"line":6,"column":1}},"1":{"start":{"line":7,"column":32},"end":{"line":7,"column":54}}},"fnMap":{},"branchMap":{},"s":{"0":10,"1":10},"f":{},"b":{},"_coverageSchema":"1a1c01bbd47fc00a2c39e90264f33305004495a9","hash":"3a21ff6694a1b38f21017bf52f0508c777969cad"}
,"/Users/deepikazende/Projects/hcc-backend/models/fieldModel.js": {"path":"/Users/deepikazende/Projects/hcc-backend/models/fieldModel.js","statementMap":{"0":{"start":{"line":4,"column":27},"end":{"line":6,"column":1}},"1":{"start":{"line":8,"column":33},"end":{"line":8,"column":56}},"2":{"start":{"line":10,"column":17},"end":{"line":12,"column":2}},"3":{"start":{"line":14,"column":21},"end":{"line":14,"column":45}}},"fnMap":{},"branchMap":{},"s":{"0":10,"1":10,"2":10,"3":10},"f":{},"b":{},"_coverageSchema":"1a1c01bbd47fc00a2c39e90264f33305004495a9","hash":"c23621628a3a1df3b72952be80c2e63b3a50a5b1"}
,"/Users/deepikazende/Projects/hcc-backend/models/medicalRecordModel.js": {"path":"/Users/deepikazende/Projects/hcc-backend/models/medicalRecordModel.js","statementMap":{"0":{"start":{"line":7,"column":35},"end":{"line":31,"column":1}},"1":{"start":{"line":32,"column":41},"end":{"line":32,"column":72}},"2":{"start":{"line":34,"column":17},"end":{"line":76,"column":2}},"3":{"start":{"line":66,"column":16},"end":{"line":66,"column":38}},"4":{"start":{"line":78,"column":29},"end":{"line":78,"column":61}}},"fnMap":{"0":{"name":"(anonymous_0)","decl":{"start":{"line":65,"column":12},"end":{"line":65,"column":13}},"loc":{"start":{"line":65,"column":27},"end":{"line":67,"column":13}},"line":65}},"branchMap":{},"s":{"0":10,"1":10,"2":10,"3":32,"4":10},"f":{"0":32},"b":{},"_coverageSchema":"1a1c01bbd47fc00a2c39e90264f33305004495a9","hash":"bfd0d911fd1c1a137e96b498bff4da3a5d57dada"}
,"/Users/deepikazende/Projects/hcc-backend/models/medicationModel.js": {"path":"/Users/deepikazende/Projects/hcc-backend/models/medicationModel.js","statementMap":{"0":{"start":{"line":4,"column":32},"end":{"line":6,"column":1}},"1":{"start":{"line":8,"column":38},"end":{"line":8,"column":66}},"2":{"start":{"line":10,"column":17},"end":{"line":12,"column":2}},"3":{"start":{"line":14,"column":26},"end":{"line":14,"column":55}}},"fnMap":{},"branchMap":{},"s":{"0":10,"1":10,"2":10,"3":10},"f":{},"b":{},"_coverageSchema":"1a1c01bbd47fc00a2c39e90264f33305004495a9","hash":"88c92571c3b18b297f5652299c0e9e4d6a3b50c4"}
,"/Users/deepikazende/Projects/hcc-backend/models/patientModel.js": {"path":"/Users/deepikazende/Projects/hcc-backend/models/patientModel.js","statementMap":{"0":{"start":{"line":5,"column":29},"end":{"line":12,"column":1}},"1":{"start":{"line":13,"column":35},"end":{"line":13,"column":60}},"2":{"start":{"line":15,"column":17},"end":{"line":27,"column":2}},"3":{"start":{"line":29,"column":23},"end":{"line":29,"column":49}}},"fnMap":{},"branchMap":{},"s":{"0":10,"1":10,"2":10,"3":10},"f":{},"b":{},"_coverageSchema":"1a1c01bbd47fc00a2c39e90264f33305004495a9","hash":"2b936a5467ebf014968d835b65a13d3636ca2115"}
,"/Users/deepikazende/Projects/hcc-backend/models/prescriptionModel.js": {"path":"/Users/deepikazende/Projects/hcc-backend/models/prescriptionModel.js","statementMap":{"0":{"start":{"line":7,"column":34},"end":{"line":36,"column":1}},"1":{"start":{"line":37,"column":40},"end":{"line":37,"column":70}},"2":{"start":{"line":39,"column":17},"end":{"line":88,"column":2}},"3":{"start":{"line":90,"column":28},"end":{"line":90,"column":59}}},"fnMap":{},"branchMap":{},"s":{"0":10,"1":10,"2":10,"3":10},"f":{},"b":{},"_coverageSchema":"1a1c01bbd47fc00a2c39e90264f33305004495a9","hash":"be13eaddb93a0137a55516a50bf86e83dab908ca"}
,"/Users/deepikazende/Projects/hcc-backend/models/purposeModel.js": {"path":"/Users/deepikazende/Projects/hcc-backend/models/purposeModel.js","statementMap":{"0":{"start":{"line":4,"column":29},"end":{"line":6,"column":1}},"1":{"start":{"line":8,"column":35},"end":{"line":8,"column":60}},"2":{"start":{"line":10,"column":17},"end":{"line":12,"column":2}},"3":{"start":{"line":14,"column":23},"end":{"line":14,"column":49}}},"fnMap":{},"branchMap":{},"s":{"0":10,"1":10,"2":10,"3":10},"f":{},"b":{},"_coverageSchema":"1a1c01bbd47fc00a2c39e90264f33305004495a9","hash":"d80f688dcbb8e41a3d18039101f031891603586e"}
,"/Users/deepikazende/Projects/hcc-backend/models/recordTypeModel.js": {"path":"/Users/deepikazende/Projects/hcc-backend/models/recordTypeModel.js","statementMap":{"0":{"start":{"line":4,"column":32},"end":{"line":6,"column":1}},"1":{"start":{"line":8,"column":38},"end":{"line":8,"column":66}},"2":{"start":{"line":10,"column":17},"end":{"line":12,"column":2}},"3":{"start":{"line":14,"column":26},"end":{"line":14,"column":55}}},"fnMap":{},"branchMap":{},"s":{"0":10,"1":10,"2":10,"3":10},"f":{},"b":{},"_coverageSchema":"1a1c01bbd47fc00a2c39e90264f33305004495a9","hash":"d9dd94a879eeeebe18770f9d5e1a951cc1009fb2"}
,"/Users/deepikazende/Projects/hcc-backend/routes/accountsRoutes.js": {"path":"/Users/deepikazende/Projects/hcc-backend/routes/accountsRoutes.js","statementMap":{"0":{"start":{"line":10,"column":15},"end":{"line":10,"column":31}},"1":{"start":{"line":12,"column":0},"end":{"line":18,"column":3}},"2":{"start":{"line":13,"column":20},"end":{"line":13,"column":79}},"3":{"start":{"line":14,"column":4},"end":{"line":16,"column":5}},"4":{"start":{"line":15,"column":8},"end":{"line":15,"column":57}},"5":{"start":{"line":17,"column":4},"end":{"line":17,"column":22}},"6":{"start":{"line":20,"column":0},"end":{"line":23,"column":3}},"7":{"start":{"line":21,"column":21},"end":{"line":21,"column":61}},"8":{"start":{"line":22,"column":4},"end":{"line":22,"column":23}},"9":{"start":{"line":25,"column":0},"end":{"line":50,"column":2}},"10":{"start":{"line":29,"column":22},"end":{"line":29,"column":70}},"11":{"start":{"line":30,"column":8},"end":{"line":30,"column":80}},"12":{"start":{"line":30,"column":21},"end":{"line":30,"column":80}},"13":{"start":{"line":32,"column":21},"end":{"line":32,"column":45}},"14":{"start":{"line":33,"column":25},"end":{"line":33,"column":67}},"15":{"start":{"line":34,"column":8},"end":{"line":37,"column":11}},"16":{"start":{"line":39,"column":8},"end":{"line":43,"column":9}},"17":{"start":{"line":40,"column":12},"end":{"line":40,"column":33}},"18":{"start":{"line":42,"column":12},"end":{"line":42,"column":79}},"19":{"start":{"line":42,"column":41},"end":{"line":42,"column":79}},"20":{"start":{"line":44,"column":22},"end":{"line":44,"column":49}},"21":{"start":{"line":45,"column":8},"end":{"line":48,"column":68}},"22":{"start":{"line":52,"column":0},"end":{"line":77,"column":2}},"23":{"start":{"line":56,"column":22},"end":{"line":56,"column":70}},"24":{"start":{"line":57,"column":8},"end":{"line":57,"column":80}},"25":{"start":{"line":57,"column":21},"end":{"line":57,"column":80}},"26":{"start":{"line":59,"column":21},"end":{"line":59,"column":45}},"27":{"start":{"line":60,"column":25},"end":{"line":60,"column":67}},"28":{"start":{"line":61,"column":8},"end":{"line":64,"column":11}},"29":{"start":{"line":66,"column":8},"end":{"line":70,"column":9}},"30":{"start":{"line":67,"column":12},"end":{"line":67,"column":33}},"31":{"start":{"line":69,"column":12},"end":{"line":69,"column":79}},"32":{"start":{"line":69,"column":41},"end":{"line":69,"column":79}},"33":{"start":{"line":71,"column":22},"end":{"line":71,"column":49}},"34":{"start":{"line":72,"column":8},"end":{"line":75,"column":68}},"35":{"start":{"line":79,"column":0},"end":{"line":116,"column":2}},"36":{"start":{"line":83,"column":8},"end":{"line":85,"column":9}},"37":{"start":{"line":84,"column":12},"end":{"line":84,"column":62}},"38":{"start":{"line":87,"column":22},"end":{"line":87,"column":70}},"39":{"start":{"line":88,"column":8},"end":{"line":88,"column":69}},"40":{"start":{"line":88,"column":22},"end":{"line":88,"column":69}},"41":{"start":{"line":90,"column":8},"end":{"line":92,"column":9}},"42":{"start":{"line":91,"column":12},"end":{"line":91,"column":69}},"43":{"start":{"line":93,"column":8},"end":{"line":95,"column":9}},"44":{"start":{"line":94,"column":12},"end":{"line":94,"column":69}},"45":{"start":{"line":97,"column":22},"end":{"line":100,"column":9}},"46":{"start":{"line":102,"column":8},"end":{"line":102,"column":68}},"47":{"start":{"line":102,"column":20},"end":{"line":102,"column":68}},"48":{"start":{"line":104,"column":21},"end":{"line":104,"column":45}},"49":{"start":{"line":105,"column":8},"end":{"line":105,"column":71}},"50":{"start":{"line":107,"column":8},"end":{"line":111,"column":10}},"51":{"start":{"line":112,"column":8},"end":{"line":112,"column":72}},"52":{"start":{"line":112,"column":22},"end":{"line":112,"column":72}},"53":{"start":{"line":114,"column":8},"end":{"line":114,"column":67}},"54":{"start":{"line":118,"column":0},"end":{"line":140,"column":2}},"55":{"start":{"line":122,"column":22},"end":{"line":122,"column":61}},"56":{"start":{"line":123,"column":8},"end":{"line":123,"column":71}},"57":{"start":{"line":123,"column":22},"end":{"line":123,"column":71}},"58":{"start":{"line":125,"column":8},"end":{"line":127,"column":9}},"59":{"start":{"line":126,"column":12},"end":{"line":126,"column":69}},"60":{"start":{"line":128,"column":21},"end":{"line":128,"column":45}},"61":{"start":{"line":129,"column":8},"end":{"line":129,"column":71}},"62":{"start":{"line":131,"column":8},"end":{"line":135,"column":10}},"63":{"start":{"line":136,"column":8},"end":{"line":136,"column":72}},"64":{"start":{"line":136,"column":22},"end":{"line":136,"column":72}},"65":{"start":{"line":138,"column":8},"end":{"line":138,"column":67}},"66":{"start":{"line":142,"column":0},"end":{"line":149,"column":3}},"67":{"start":{"line":143,"column":20},"end":{"line":145,"column":5}},"68":{"start":{"line":146,"column":4},"end":{"line":146,"column":68}},"69":{"start":{"line":146,"column":18},"end":{"line":146,"column":68}},"70":{"start":{"line":148,"column":4},"end":{"line":148,"column":22}}},"fnMap":{"0":{"name":"(anonymous_0)","decl":{"start":{"line":12,"column":24},"end":{"line":12,"column":25}},"loc":{"start":{"line":12,"column":44},"end":{"line":18,"column":1}},"line":12},"1":{"name":"(anonymous_1)","decl":{"start":{"line":20,"column":31},"end":{"line":20,"column":32}},"loc":{"start":{"line":20,"column":51},"end":{"line":23,"column":1}},"line":20},"2":{"name":"(anonymous_2)","decl":{"start":{"line":28,"column":4},"end":{"line":28,"column":5}},"loc":{"start":{"line":28,"column":24},"end":{"line":49,"column":5}},"line":28},"3":{"name":"(anonymous_3)","decl":{"start":{"line":55,"column":4},"end":{"line":55,"column":5}},"loc":{"start":{"line":55,"column":24},"end":{"line":76,"column":5}},"line":55},"4":{"name":"(anonymous_4)","decl":{"start":{"line":82,"column":4},"end":{"line":82,"column":5}},"loc":{"start":{"line":82,"column":24},"end":{"line":115,"column":5}},"line":82},"5":{"name":"(anonymous_5)","decl":{"start":{"line":121,"column":4},"end":{"line":121,"column":5}},"loc":{"start":{"line":121,"column":24},"end":{"line":139,"column":5}},"line":121},"6":{"name":"(anonymous_6)","decl":{"start":{"line":142,"column":55},"end":{"line":142,"column":56}},"loc":{"start":{"line":142,"column":75},"end":{"line":149,"column":1}},"line":142}},"branchMap":{"0":{"loc":{"start":{"line":14,"column":4},"end":{"line":16,"column":5}},"type":"if","locations":[{"start":{"line":14,"column":4},"end":{"line":16,"column":5}},{"start":{},"end":{}}],"line":14},"1":{"loc":{"start":{"line":30,"column":8},"end":{"line":30,"column":80}},"type":"if","locations":[{"start":{"line":30,"column":8},"end":{"line":30,"column":80}},{"start":{},"end":{}}],"line":30},"2":{"loc":{"start":{"line":57,"column":8},"end":{"line":57,"column":80}},"type":"if","locations":[{"start":{"line":57,"column":8},"end":{"line":57,"column":80}},{"start":{},"end":{}}],"line":57},"3":{"loc":{"start":{"line":83,"column":8},"end":{"line":85,"column":9}},"type":"if","locations":[{"start":{"line":83,"column":8},"end":{"line":85,"column":9}},{"start":{},"end":{}}],"line":83},"4":{"loc":{"start":{"line":88,"column":8},"end":{"line":88,"column":69}},"type":"if","locations":[{"start":{"line":88,"column":8},"end":{"line":88,"column":69}},{"start":{},"end":{}}],"line":88},"5":{"loc":{"start":{"line":90,"column":8},"end":{"line":92,"column":9}},"type":"if","locations":[{"start":{"line":90,"column":8},"end":{"line":92,"column":9}},{"start":{},"end":{}}],"line":90},"6":{"loc":{"start":{"line":93,"column":8},"end":{"line":95,"column":9}},"type":"if","locations":[{"start":{"line":93,"column":8},"end":{"line":95,"column":9}},{"start":{},"end":{}}],"line":93},"7":{"loc":{"start":{"line":102,"column":8},"end":{"line":102,"column":68}},"type":"if","locations":[{"start":{"line":102,"column":8},"end":{"line":102,"column":68}},{"start":{},"end":{}}],"line":102},"8":{"loc":{"start":{"line":112,"column":8},"end":{"line":112,"column":72}},"type":"if","locations":[{"start":{"line":112,"column":8},"end":{"line":112,"column":72}},{"start":{},"end":{}}],"line":112},"9":{"loc":{"start":{"line":123,"column":8},"end":{"line":123,"column":71}},"type":"if","locations":[{"start":{"line":123,"column":8},"end":{"line":123,"column":71}},{"start":{},"end":{}}],"line":123},"10":{"loc":{"start":{"line":125,"column":8},"end":{"line":127,"column":9}},"type":"if","locations":[{"start":{"line":125,"column":8},"end":{"line":127,"column":9}},{"start":{},"end":{}}],"line":125},"11":{"loc":{"start":{"line":136,"column":8},"end":{"line":136,"column":72}},"type":"if","locations":[{"start":{"line":136,"column":8},"end":{"line":136,"column":72}},{"start":{},"end":{}}],"line":136},"12":{"loc":{"start":{"line":146,"column":4},"end":{"line":146,"column":68}},"type":"if","locations":[{"start":{"line":146,"column":4},"end":{"line":146,"column":68}},{"start":{},"end":{}}],"line":146}},"s":{"0":10,"1":10,"2":3,"3":3,"4":1,"5":2,"6":10,"7":1,"8":1,"9":10,"10":3,"11":3,"12":1,"13":2,"14":2,"15":2,"16":2,"17":2,"18":0,"19":0,"20":2,"21":2,"22":10,"23":3,"24":3,"25":1,"26":2,"27":2,"28":2,"29":2,"30":2,"31":0,"32":0,"33":2,"34":2,"35":10,"36":7,"37":1,"38":6,"39":6,"40":1,"41":5,"42":1,"43":4,"44":1,"45":3,"46":3,"47":1,"48":2,"49":2,"50":2,"51":2,"52":0,"53":2,"54":10,"55":4,"56":4,"57":1,"58":3,"59":1,"60":2,"61":2,"62":2,"63":2,"64":0,"65":2,"66":10,"67":3,"68":3,"69":1,"70":2},"f":{"0":3,"1":1,"2":3,"3":3,"4":7,"5":4,"6":3},"b":{"0":[1,2],"1":[1,2],"2":[1,2],"3":[1,6],"4":[1,5],"5":[1,4],"6":[1,3],"7":[1,2],"8":[0,2],"9":[1,3],"10":[1,2],"11":[0,2],"12":[1,2]},"_coverageSchema":"1a1c01bbd47fc00a2c39e90264f33305004495a9","hash":"6374e06c7f8443d613517831ad9c53cab0c3b552"}
,"/Users/deepikazende/Projects/hcc-backend/routes/appointmentsRoutes.js": {"path":"/Users/deepikazende/Projects/hcc-backend/routes/appointmentsRoutes.js","statementMap":{"0":{"start":{"line":23,"column":15},"end":{"line":23,"column":31}},"1":{"start":{"line":25,"column":0},"end":{"line":38,"column":3}},"2":{"start":{"line":26,"column":19},"end":{"line":26,"column":51}},"3":{"start":{"line":27,"column":4},"end":{"line":30,"column":6}},"4":{"start":{"line":29,"column":19},"end":{"line":29,"column":30}},"5":{"start":{"line":31,"column":18},"end":{"line":31,"column":38}},"6":{"start":{"line":33,"column":4},"end":{"line":34,"column":51}},"7":{"start":{"line":34,"column":8},"end":{"line":34,"column":51}},"8":{"start":{"line":36,"column":25},"end":{"line":36,"column":54}},"9":{"start":{"line":37,"column":4},"end":{"line":37,"column":27}},"10":{"start":{"line":49,"column":0},"end":{"line":88,"column":2}},"11":{"start":{"line":53,"column":33},"end":{"line":53,"column":48}},"12":{"start":{"line":54,"column":8},"end":{"line":67,"column":9}},"13":{"start":{"line":55,"column":12},"end":{"line":59,"column":13}},"14":{"start":{"line":56,"column":16},"end":{"line":58,"column":64}},"15":{"start":{"line":61,"column":27},"end":{"line":61,"column":78}},"16":{"start":{"line":62,"column":12},"end":{"line":62,"column":75}},"17":{"start":{"line":62,"column":25},"end":{"line":62,"column":75}},"18":{"start":{"line":63,"column":12},"end":{"line":64,"column":65}},"19":{"start":{"line":64,"column":16},"end":{"line":64,"column":65}},"20":{"start":{"line":66,"column":12},"end":{"line":66,"column":44}},"21":{"start":{"line":69,"column":22},"end":{"line":69,"column":48}},"22":{"start":{"line":70,"column":20},"end":{"line":70,"column":44}},"23":{"start":{"line":71,"column":29},"end":{"line":71,"column":31}},"24":{"start":{"line":73,"column":8},"end":{"line":84,"column":9}},"25":{"start":{"line":74,"column":23},"end":{"line":74,"column":28}},"26":{"start":{"line":78,"column":12},"end":{"line":83,"column":14}},"27":{"start":{"line":86,"column":8},"end":{"line":86,"column":43}},"28":{"start":{"line":90,"column":0},"end":{"line":125,"column":2}},"29":{"start":{"line":103,"column":24},"end":{"line":103,"column":66}},"30":{"start":{"line":104,"column":8},"end":{"line":104,"column":71}},"31":{"start":{"line":104,"column":22},"end":{"line":104,"column":71}},"32":{"start":{"line":105,"column":24},"end":{"line":105,"column":66}},"33":{"start":{"line":106,"column":8},"end":{"line":106,"column":71}},"34":{"start":{"line":106,"column":22},"end":{"line":106,"column":71}},"35":{"start":{"line":108,"column":26},"end":{"line":108,"column":67}},"36":{"start":{"line":109,"column":8},"end":{"line":109,"column":69}},"37":{"start":{"line":109,"column":26},"end":{"line":109,"column":69}},"38":{"start":{"line":111,"column":8},"end":{"line":114,"column":66}},"39":{"start":{"line":112,"column":12},"end":{"line":114,"column":66}},"40":{"start":{"line":116,"column":8},"end":{"line":116,"column":44}},"41":{"start":{"line":117,"column":8},"end":{"line":117,"column":38}},"42":{"start":{"line":118,"column":8},"end":{"line":118,"column":33}},"43":{"start":{"line":120,"column":8},"end":{"line":120,"column":51}},"44":{"start":{"line":121,"column":8},"end":{"line":121,"column":29}},"45":{"start":{"line":123,"column":8},"end":{"line":123,"column":30}},"46":{"start":{"line":127,"column":0},"end":{"line":192,"column":2}},"47":{"start":{"line":146,"column":24},"end":{"line":146,"column":66}},"48":{"start":{"line":147,"column":8},"end":{"line":147,"column":71}},"49":{"start":{"line":147,"column":22},"end":{"line":147,"column":71}},"50":{"start":{"line":149,"column":29},"end":{"line":151,"column":9}},"51":{"start":{"line":152,"column":8},"end":{"line":152,"column":80}},"52":{"start":{"line":152,"column":29},"end":{"line":152,"column":80}},"53":{"start":{"line":154,"column":26},"end":{"line":154,"column":67}},"54":{"start":{"line":155,"column":8},"end":{"line":155,"column":69}},"55":{"start":{"line":155,"column":26},"end":{"line":155,"column":69}},"56":{"start":{"line":157,"column":8},"end":{"line":164,"column":9}},"57":{"start":{"line":161,"column":12},"end":{"line":163,"column":77}},"58":{"start":{"line":166,"column":8},"end":{"line":167,"column":79}},"59":{"start":{"line":167,"column":12},"end":{"line":167,"column":79}},"60":{"start":{"line":169,"column":8},"end":{"line":172,"column":70}},"61":{"start":{"line":170,"column":12},"end":{"line":172,"column":70}},"62":{"start":{"line":174,"column":24},"end":{"line":174,"column":69}},"63":{"start":{"line":175,"column":8},"end":{"line":178,"column":10}},"64":{"start":{"line":179,"column":8},"end":{"line":179,"column":54}},"65":{"start":{"line":180,"column":8},"end":{"line":180,"column":29}},"66":{"start":{"line":182,"column":8},"end":{"line":182,"column":57}},"67":{"start":{"line":183,"column":8},"end":{"line":183,"column":41}},"68":{"start":{"line":184,"column":8},"end":{"line":184,"column":36}},"69":{"start":{"line":186,"column":8},"end":{"line":186,"column":42}},"70":{"start":{"line":187,"column":8},"end":{"line":187,"column":40}},"71":{"start":{"line":188,"column":8},"end":{"line":188,"column":33}},"72":{"start":{"line":190,"column":8},"end":{"line":190,"column":33}},"73":{"start":{"line":194,"column":0},"end":{"line":242,"column":2}},"74":{"start":{"line":212,"column":28},"end":{"line":212,"column":69}},"75":{"start":{"line":213,"column":8},"end":{"line":213,"column":69}},"76":{"start":{"line":213,"column":26},"end":{"line":213,"column":69}},"77":{"start":{"line":215,"column":8},"end":{"line":218,"column":66}},"78":{"start":{"line":216,"column":12},"end":{"line":218,"column":66}},"79":{"start":{"line":220,"column":8},"end":{"line":223,"column":64}},"80":{"start":{"line":221,"column":12},"end":{"line":223,"column":64}},"81":{"start":{"line":225,"column":8},"end":{"line":225,"column":37}},"82":{"start":{"line":226,"column":8},"end":{"line":226,"column":33}},"83":{"start":{"line":228,"column":8},"end":{"line":231,"column":18}},"84":{"start":{"line":233,"column":24},"end":{"line":233,"column":69}},"85":{"start":{"line":234,"column":8},"end":{"line":237,"column":10}},"86":{"start":{"line":238,"column":8},"end":{"line":238,"column":29}},"87":{"start":{"line":240,"column":8},"end":{"line":240,"column":30}},"88":{"start":{"line":244,"column":0},"end":{"line":256,"column":3}},"89":{"start":{"line":245,"column":24},"end":{"line":245,"column":74}},"90":{"start":{"line":246,"column":4},"end":{"line":246,"column":72}},"91":{"start":{"line":246,"column":22},"end":{"line":246,"column":72}},"92":{"start":{"line":248,"column":20},"end":{"line":248,"column":65}},"93":{"start":{"line":249,"column":4},"end":{"line":252,"column":6}},"94":{"start":{"line":253,"column":4},"end":{"line":253,"column":25}},"95":{"start":{"line":255,"column":4},"end":{"line":255,"column":26}}},"fnMap":{"0":{"name":"(anonymous_0)","decl":{"start":{"line":25,"column":22},"end":{"line":25,"column":23}},"loc":{"start":{"line":25,"column":42},"end":{"line":38,"column":1}},"line":25},"1":{"name":"(anonymous_1)","decl":{"start":{"line":29,"column":8},"end":{"line":29,"column":9}},"loc":{"start":{"line":29,"column":19},"end":{"line":29,"column":30}},"line":29},"2":{"name":"(anonymous_2)","decl":{"start":{"line":52,"column":4},"end":{"line":52,"column":5}},"loc":{"start":{"line":52,"column":24},"end":{"line":87,"column":5}},"line":52},"3":{"name":"(anonymous_3)","decl":{"start":{"line":102,"column":4},"end":{"line":102,"column":5}},"loc":{"start":{"line":102,"column":24},"end":{"line":124,"column":5}},"line":102},"4":{"name":"(anonymous_4)","decl":{"start":{"line":145,"column":4},"end":{"line":145,"column":5}},"loc":{"start":{"line":145,"column":24},"end":{"line":191,"column":5}},"line":145},"5":{"name":"(anonymous_5)","decl":{"start":{"line":211,"column":4},"end":{"line":211,"column":5}},"loc":{"start":{"line":211,"column":24},"end":{"line":241,"column":5}},"line":211},"6":{"name":"(anonymous_6)","decl":{"start":{"line":244,"column":55},"end":{"line":244,"column":56}},"loc":{"start":{"line":244,"column":75},"end":{"line":256,"column":1}},"line":244}},"branchMap":{"0":{"loc":{"start":{"line":33,"column":4},"end":{"line":34,"column":51}},"type":"if","locations":[{"start":{"line":33,"column":4},"end":{"line":34,"column":51}},{"start":{},"end":{}}],"line":33},"1":{"loc":{"start":{"line":54,"column":8},"end":{"line":67,"column":9}},"type":"if","locations":[{"start":{"line":54,"column":8},"end":{"line":67,"column":9}},{"start":{},"end":{}}],"line":54},"2":{"loc":{"start":{"line":55,"column":12},"end":{"line":59,"column":13}},"type":"if","locations":[{"start":{"line":55,"column":12},"end":{"line":59,"column":13}},{"start":{},"end":{}}],"line":55},"3":{"loc":{"start":{"line":62,"column":12},"end":{"line":62,"column":75}},"type":"if","locations":[{"start":{"line":62,"column":12},"end":{"line":62,"column":75}},{"start":{},"end":{}}],"line":62},"4":{"loc":{"start":{"line":63,"column":12},"end":{"line":64,"column":65}},"type":"if","locations":[{"start":{"line":63,"column":12},"end":{"line":64,"column":65}},{"start":{},"end":{}}],"line":63},"5":{"loc":{"start":{"line":104,"column":8},"end":{"line":104,"column":71}},"type":"if","locations":[{"start":{"line":104,"column":8},"end":{"line":104,"column":71}},{"start":{},"end":{}}],"line":104},"6":{"loc":{"start":{"line":106,"column":8},"end":{"line":106,"column":71}},"type":"if","locations":[{"start":{"line":106,"column":8},"end":{"line":106,"column":71}},{"start":{},"end":{}}],"line":106},"7":{"loc":{"start":{"line":109,"column":8},"end":{"line":109,"column":69}},"type":"if","locations":[{"start":{"line":109,"column":8},"end":{"line":109,"column":69}},{"start":{},"end":{}}],"line":109},"8":{"loc":{"start":{"line":111,"column":8},"end":{"line":114,"column":66}},"type":"if","locations":[{"start":{"line":111,"column":8},"end":{"line":114,"column":66}},{"start":{},"end":{}}],"line":111},"9":{"loc":{"start":{"line":147,"column":8},"end":{"line":147,"column":71}},"type":"if","locations":[{"start":{"line":147,"column":8},"end":{"line":147,"column":71}},{"start":{},"end":{}}],"line":147},"10":{"loc":{"start":{"line":152,"column":8},"end":{"line":152,"column":80}},"type":"if","locations":[{"start":{"line":152,"column":8},"end":{"line":152,"column":80}},{"start":{},"end":{}}],"line":152},"11":{"loc":{"start":{"line":155,"column":8},"end":{"line":155,"column":69}},"type":"if","locations":[{"start":{"line":155,"column":8},"end":{"line":155,"column":69}},{"start":{},"end":{}}],"line":155},"12":{"loc":{"start":{"line":157,"column":8},"end":{"line":164,"column":9}},"type":"if","locations":[{"start":{"line":157,"column":8},"end":{"line":164,"column":9}},{"start":{},"end":{}}],"line":157},"13":{"loc":{"start":{"line":166,"column":8},"end":{"line":167,"column":79}},"type":"if","locations":[{"start":{"line":166,"column":8},"end":{"line":167,"column":79}},{"start":{},"end":{}}],"line":166},"14":{"loc":{"start":{"line":169,"column":8},"end":{"line":172,"column":70}},"type":"if","locations":[{"start":{"line":169,"column":8},"end":{"line":172,"column":70}},{"start":{},"end":{}}],"line":169},"15":{"loc":{"start":{"line":213,"column":8},"end":{"line":213,"column":69}},"type":"if","locations":[{"start":{"line":213,"column":8},"end":{"line":213,"column":69}},{"start":{},"end":{}}],"line":213},"16":{"loc":{"start":{"line":215,"column":8},"end":{"line":218,"column":66}},"type":"if","locations":[{"start":{"line":215,"column":8},"end":{"line":218,"column":66}},{"start":{},"end":{}}],"line":215},"17":{"loc":{"start":{"line":220,"column":8},"end":{"line":223,"column":64}},"type":"if","locations":[{"start":{"line":220,"column":8},"end":{"line":223,"column":64}},{"start":{},"end":{}}],"line":220},"18":{"loc":{"start":{"line":246,"column":4},"end":{"line":246,"column":72}},"type":"if","locations":[{"start":{"line":246,"column":4},"end":{"line":246,"column":72}},{"start":{},"end":{}}],"line":246}},"s":{"0":10,"1":10,"2":2,"3":2,"4":0,"5":2,"6":2,"7":1,"8":2,"9":2,"10":10,"11":6,"12":6,"13":4,"14":1,"15":3,"16":3,"17":1,"18":2,"19":1,"20":1,"21":3,"22":3,"23":3,"24":3,"25":3,"26":6,"27":3,"28":10,"29":8,"30":8,"31":1,"32":7,"33":7,"34":1,"35":6,"36":6,"37":1,"38":6,"39":1,"40":4,"41":4,"42":4,"43":4,"44":4,"45":4,"46":10,"47":10,"48":10,"49":1,"50":9,"51":9,"52":1,"53":9,"54":9,"55":0,"56":9,"57":1,"58":7,"59":1,"60":6,"61":1,"62":5,"63":5,"64":5,"65":5,"66":5,"67":5,"68":5,"69":5,"70":5,"71":5,"72":5,"73":10,"74":5,"75":5,"76":0,"77":5,"78":1,"79":4,"80":0,"81":4,"82":4,"83":4,"84":4,"85":4,"86":4,"87":4,"88":10,"89":4,"90":4,"91":1,"92":3,"93":3,"94":3,"95":3},"f":{"0":2,"1":0,"2":6,"3":8,"4":10,"5":5,"6":4},"b":{"0":[1,1],"1":[4,2],"2":[1,3],"3":[1,2],"4":[1,1],"5":[1,7],"6":[1,6],"7":[1,5],"8":[1,4],"9":[1,9],"10":[1,8],"11":[0,9],"12":[1,7],"13":[1,6],"14":[1,5],"15":[0,5],"16":[1,4],"17":[0,4],"18":[1,3]},"_coverageSchema":"1a1c01bbd47fc00a2c39e90264f33305004495a9","hash":"34893418676af65305e11f7c85bb5c1663983020"}
,"/Users/deepikazende/Projects/hcc-backend/routes/authRoutes.js": {"path":"/Users/deepikazende/Projects/hcc-backend/routes/authRoutes.js","statementMap":{"0":{"start":{"line":7,"column":15},"end":{"line":7,"column":31}},"1":{"start":{"line":9,"column":0},"end":{"line":22,"column":3}},"2":{"start":{"line":10,"column":20},"end":{"line":10,"column":68}},"3":{"start":{"line":11,"column":4},"end":{"line":11,"column":75}},"4":{"start":{"line":11,"column":18},"end":{"line":11,"column":75}},"5":{"start":{"line":13,"column":26},"end":{"line":16,"column":5}},"6":{"start":{"line":17,"column":4},"end":{"line":18,"column":65}},"7":{"start":{"line":18,"column":8},"end":{"line":18,"column":65}},"8":{"start":{"line":20,"column":18},"end":{"line":20,"column":45}},"9":{"start":{"line":21,"column":4},"end":{"line":21,"column":24}}},"fnMap":{"0":{"name":"(anonymous_0)","decl":{"start":{"line":9,"column":54},"end":{"line":9,"column":55}},"loc":{"start":{"line":9,"column":74},"end":{"line":22,"column":1}},"line":9}},"branchMap":{"0":{"loc":{"start":{"line":11,"column":4},"end":{"line":11,"column":75}},"type":"if","locations":[{"start":{"line":11,"column":4},"end":{"line":11,"column":75}},{"start":{},"end":{}}],"line":11},"1":{"loc":{"start":{"line":17,"column":4},"end":{"line":18,"column":65}},"type":"if","locations":[{"start":{"line":17,"column":4},"end":{"line":18,"column":65}},{"start":{},"end":{}}],"line":17}},"s":{"0":10,"1":10,"2":3,"3":3,"4":1,"5":2,"6":2,"7":1,"8":1,"9":1},"f":{"0":3},"b":{"0":[1,2],"1":[1,1]},"_coverageSchema":"1a1c01bbd47fc00a2c39e90264f33305004495a9","hash":"faa006625bb0806972213a08513aeac153847d90"}
,"/Users/deepikazende/Projects/hcc-backend/routes/fieldsRoutes.js": {"path":"/Users/deepikazende/Projects/hcc-backend/routes/fieldsRoutes.js","statementMap":{"0":{"start":{"line":11,"column":15},"end":{"line":11,"column":31}},"1":{"start":{"line":13,"column":0},"end":{"line":16,"column":3}},"2":{"start":{"line":14,"column":19},"end":{"line":14,"column":50}},"3":{"start":{"line":15,"column":4},"end":{"line":15,"column":21}},"4":{"start":{"line":18,"column":0},"end":{"line":22,"column":3}},"5":{"start":{"line":19,"column":18},"end":{"line":19,"column":53}},"6":{"start":{"line":20,"column":4},"end":{"line":20,"column":66}},"7":{"start":{"line":20,"column":16},"end":{"line":20,"column":66}},"8":{"start":{"line":21,"column":4},"end":{"line":21,"column":20}},"9":{"start":{"line":24,"column":0},"end":{"line":36,"column":2}},"10":{"start":{"line":28,"column":20},"end":{"line":28,"column":64}},"11":{"start":{"line":29,"column":8},"end":{"line":30,"column":64}},"12":{"start":{"line":30,"column":12},"end":{"line":30,"column":64}},"13":{"start":{"line":32,"column":8},"end":{"line":32,"column":51}},"14":{"start":{"line":33,"column":8},"end":{"line":33,"column":27}},"15":{"start":{"line":34,"column":8},"end":{"line":34,"column":36}},"16":{"start":{"line":38,"column":0},"end":{"line":54,"column":2}},"17":{"start":{"line":42,"column":20},"end":{"line":42,"column":64}},"18":{"start":{"line":43,"column":8},"end":{"line":44,"column":64}},"19":{"start":{"line":44,"column":12},"end":{"line":44,"column":64}},"20":{"start":{"line":46,"column":8},"end":{"line":50,"column":10}},"21":{"start":{"line":51,"column":8},"end":{"line":51,"column":70}},"22":{"start":{"line":51,"column":20},"end":{"line":51,"column":70}},"23":{"start":{"line":52,"column":8},"end":{"line":52,"column":24}},"24":{"start":{"line":56,"column":0},"end":{"line":60,"column":3}},"25":{"start":{"line":57,"column":18},"end":{"line":57,"column":62}},"26":{"start":{"line":58,"column":4},"end":{"line":58,"column":66}},"27":{"start":{"line":58,"column":16},"end":{"line":58,"column":66}},"28":{"start":{"line":59,"column":4},"end":{"line":59,"column":20}}},"fnMap":{"0":{"name":"(anonymous_0)","decl":{"start":{"line":13,"column":16},"end":{"line":13,"column":17}},"loc":{"start":{"line":13,"column":36},"end":{"line":16,"column":1}},"line":13},"1":{"name":"(anonymous_1)","decl":{"start":{"line":18,"column":37},"end":{"line":18,"column":38}},"loc":{"start":{"line":18,"column":57},"end":{"line":22,"column":1}},"line":18},"2":{"name":"(anonymous_2)","decl":{"start":{"line":27,"column":4},"end":{"line":27,"column":5}},"loc":{"start":{"line":27,"column":24},"end":{"line":35,"column":5}},"line":27},"3":{"name":"(anonymous_3)","decl":{"start":{"line":41,"column":4},"end":{"line":41,"column":5}},"loc":{"start":{"line":41,"column":24},"end":{"line":53,"column":5}},"line":41},"4":{"name":"(anonymous_4)","decl":{"start":{"line":56,"column":56},"end":{"line":56,"column":57}},"loc":{"start":{"line":56,"column":76},"end":{"line":60,"column":1}},"line":56}},"branchMap":{"0":{"loc":{"start":{"line":20,"column":4},"end":{"line":20,"column":66}},"type":"if","locations":[{"start":{"line":20,"column":4},"end":{"line":20,"column":66}},{"start":{},"end":{}}],"line":20},"1":{"loc":{"start":{"line":29,"column":8},"end":{"line":30,"column":64}},"type":"if","locations":[{"start":{"line":29,"column":8},"end":{"line":30,"column":64}},{"start":{},"end":{}}],"line":29},"2":{"loc":{"start":{"line":43,"column":8},"end":{"line":44,"column":64}},"type":"if","locations":[{"start":{"line":43,"column":8},"end":{"line":44,"column":64}},{"start":{},"end":{}}],"line":43},"3":{"loc":{"start":{"line":51,"column":8},"end":{"line":51,"column":70}},"type":"if","locations":[{"start":{"line":51,"column":8},"end":{"line":51,"column":70}},{"start":{},"end":{}}],"line":51},"4":{"loc":{"start":{"line":58,"column":4},"end":{"line":58,"column":66}},"type":"if","locations":[{"start":{"line":58,"column":4},"end":{"line":58,"column":66}},{"start":{},"end":{}}],"line":58}},"s":{"0":10,"1":10,"2":1,"3":1,"4":10,"5":2,"6":2,"7":1,"8":1,"9":10,"10":3,"11":3,"12":1,"13":2,"14":2,"15":2,"16":10,"17":4,"18":4,"19":1,"20":3,"21":3,"22":1,"23":2,"24":10,"25":3,"26":3,"27":1,"28":2},"f":{"0":1,"1":2,"2":3,"3":4,"4":3},"b":{"0":[1,1],"1":[1,2],"2":[1,3],"3":[1,2],"4":[1,2]},"_coverageSchema":"1a1c01bbd47fc00a2c39e90264f33305004495a9","hash":"25bc0d9150f325b8882e7d1bb0fd2b6b8eb395e3"}
,"/Users/deepikazende/Projects/hcc-backend/routes/medicalRecordsRoutes.js": {"path":"/Users/deepikazende/Projects/hcc-backend/routes/medicalRecordsRoutes.js","statementMap":{"0":{"start":{"line":17,"column":15},"end":{"line":17,"column":31}},"1":{"start":{"line":19,"column":0},"end":{"line":36,"column":3}},"2":{"start":{"line":20,"column":19},"end":{"line":20,"column":51}},"3":{"start":{"line":21,"column":4},"end":{"line":24,"column":6}},"4":{"start":{"line":23,"column":19},"end":{"line":23,"column":30}},"5":{"start":{"line":25,"column":18},"end":{"line":25,"column":38}},"6":{"start":{"line":27,"column":4},"end":{"line":33,"column":5}},"7":{"start":{"line":28,"column":8},"end":{"line":29,"column":68}},"8":{"start":{"line":29,"column":12},"end":{"line":29,"column":68}},"9":{"start":{"line":31,"column":8},"end":{"line":32,"column":55}},"10":{"start":{"line":32,"column":12},"end":{"line":32,"column":55}},"11":{"start":{"line":34,"column":27},"end":{"line":34,"column":58}},"12":{"start":{"line":35,"column":4},"end":{"line":35,"column":29}},"13":{"start":{"line":47,"column":0},"end":{"line":95,"column":2}},"14":{"start":{"line":51,"column":8},"end":{"line":54,"column":9}},"15":{"start":{"line":52,"column":12},"end":{"line":53,"column":61}},"16":{"start":{"line":53,"column":16},"end":{"line":53,"column":61}},"17":{"start":{"line":56,"column":24},"end":{"line":56,"column":66}},"18":{"start":{"line":57,"column":8},"end":{"line":57,"column":71}},"19":{"start":{"line":57,"column":22},"end":{"line":57,"column":71}},"20":{"start":{"line":59,"column":27},"end":{"line":59,"column":75}},"21":{"start":{"line":60,"column":8},"end":{"line":60,"column":77}},"22":{"start":{"line":60,"column":25},"end":{"line":60,"column":77}},"23":{"start":{"line":62,"column":22},"end":{"line":62,"column":60}},"24":{"start":{"line":63,"column":8},"end":{"line":63,"column":65}},"25":{"start":{"line":63,"column":20},"end":{"line":63,"column":65}},"26":{"start":{"line":65,"column":8},"end":{"line":65,"column":68}},"27":{"start":{"line":67,"column":28},"end":{"line":69,"column":10}},"28":{"start":{"line":70,"column":8},"end":{"line":71,"column":72}},"29":{"start":{"line":71,"column":12},"end":{"line":71,"column":72}},"30":{"start":{"line":73,"column":29},"end":{"line":73,"column":78}},"31":{"start":{"line":75,"column":8},"end":{"line":87,"column":11}},"32":{"start":{"line":88,"column":8},"end":{"line":88,"column":35}},"33":{"start":{"line":90,"column":8},"end":{"line":90,"column":55}},"34":{"start":{"line":91,"column":8},"end":{"line":91,"column":29}},"35":{"start":{"line":93,"column":8},"end":{"line":93,"column":44}},"36":{"start":{"line":97,"column":0},"end":{"line":150,"column":2}},"37":{"start":{"line":114,"column":21},"end":{"line":114,"column":73}},"38":{"start":{"line":116,"column":8},"end":{"line":121,"column":9}},"39":{"start":{"line":117,"column":31},"end":{"line":117,"column":79}},"40":{"start":{"line":118,"column":12},"end":{"line":119,"column":68}},"41":{"start":{"line":119,"column":16},"end":{"line":119,"column":68}},"42":{"start":{"line":120,"column":12},"end":{"line":120,"column":43}},"43":{"start":{"line":122,"column":8},"end":{"line":126,"column":9}},"44":{"start":{"line":123,"column":26},"end":{"line":123,"column":64}},"45":{"start":{"line":124,"column":12},"end":{"line":124,"column":71}},"46":{"start":{"line":124,"column":24},"end":{"line":124,"column":71}},"47":{"start":{"line":125,"column":12},"end":{"line":125,"column":33}},"48":{"start":{"line":128,"column":28},"end":{"line":134,"column":9}},"49":{"start":{"line":135,"column":8},"end":{"line":135,"column":71}},"50":{"start":{"line":135,"column":28},"end":{"line":135,"column":71}},"51":{"start":{"line":137,"column":8},"end":{"line":146,"column":9}},"52":{"start":{"line":138,"column":20},"end":{"line":138,"column":55}},"53":{"start":{"line":139,"column":12},"end":{"line":139,"column":25}},"54":{"start":{"line":140,"column":12},"end":{"line":140,"column":79}},"55":{"start":{"line":141,"column":23},"end":{"line":143,"column":14}},"56":{"start":{"line":144,"column":12},"end":{"line":144,"column":80}},"57":{"start":{"line":144,"column":20},"end":{"line":144,"column":80}},"58":{"start":{"line":145,"column":12},"end":{"line":145,"column":39}},"59":{"start":{"line":148,"column":8},"end":{"line":148,"column":32}},"60":{"start":{"line":152,"column":0},"end":{"line":174,"column":2}},"61":{"start":{"line":160,"column":30},"end":{"line":162,"column":9}},"62":{"start":{"line":163,"column":8},"end":{"line":163,"column":78}},"63":{"start":{"line":163,"column":28},"end":{"line":163,"column":78}},"64":{"start":{"line":165,"column":24},"end":{"line":165,"column":71}},"65":{"start":{"line":166,"column":8},"end":{"line":169,"column":10}},"66":{"start":{"line":170,"column":8},"end":{"line":170,"column":29}},"67":{"start":{"line":172,"column":8},"end":{"line":172,"column":32}}},"fnMap":{"0":{"name":"(anonymous_0)","decl":{"start":{"line":19,"column":22},"end":{"line":19,"column":23}},"loc":{"start":{"line":19,"column":42},"end":{"line":36,"column":1}},"line":19},"1":{"name":"(anonymous_1)","decl":{"start":{"line":23,"column":8},"end":{"line":23,"column":9}},"loc":{"start":{"line":23,"column":19},"end":{"line":23,"column":30}},"line":23},"2":{"name":"(anonymous_2)","decl":{"start":{"line":50,"column":4},"end":{"line":50,"column":5}},"loc":{"start":{"line":50,"column":24},"end":{"line":94,"column":5}},"line":50},"3":{"name":"(anonymous_3)","decl":{"start":{"line":113,"column":4},"end":{"line":113,"column":5}},"loc":{"start":{"line":113,"column":24},"end":{"line":149,"column":5}},"line":113},"4":{"name":"(anonymous_4)","decl":{"start":{"line":159,"column":4},"end":{"line":159,"column":5}},"loc":{"start":{"line":159,"column":24},"end":{"line":173,"column":5}},"line":159}},"branchMap":{"0":{"loc":{"start":{"line":27,"column":4},"end":{"line":33,"column":5}},"type":"if","locations":[{"start":{"line":27,"column":4},"end":{"line":33,"column":5}},{"start":{},"end":{}}],"line":27},"1":{"loc":{"start":{"line":28,"column":8},"end":{"line":29,"column":68}},"type":"if","locations":[{"start":{"line":28,"column":8},"end":{"line":29,"column":68}},{"start":{},"end":{}}],"line":28},"2":{"loc":{"start":{"line":31,"column":8},"end":{"line":32,"column":55}},"type":"if","locations":[{"start":{"line":31,"column":8},"end":{"line":32,"column":55}},{"start":{},"end":{}}],"line":31},"3":{"loc":{"start":{"line":51,"column":8},"end":{"line":54,"column":9}},"type":"if","locations":[{"start":{"line":51,"column":8},"end":{"line":54,"column":9}},{"start":{},"end":{}}],"line":51},"4":{"loc":{"start":{"line":52,"column":12},"end":{"line":53,"column":61}},"type":"if","locations":[{"start":{"line":52,"column":12},"end":{"line":53,"column":61}},{"start":{},"end":{}}],"line":52},"5":{"loc":{"start":{"line":57,"column":8},"end":{"line":57,"column":71}},"type":"if","locations":[{"start":{"line":57,"column":8},"end":{"line":57,"column":71}},{"start":{},"end":{}}],"line":57},"6":{"loc":{"start":{"line":60,"column":8},"end":{"line":60,"column":77}},"type":"if","locations":[{"start":{"line":60,"column":8},"end":{"line":60,"column":77}},{"start":{},"end":{}}],"line":60},"7":{"loc":{"start":{"line":63,"column":8},"end":{"line":63,"column":65}},"type":"if","locations":[{"start":{"line":63,"column":8},"end":{"line":63,"column":65}},{"start":{},"end":{}}],"line":63},"8":{"loc":{"start":{"line":70,"column":8},"end":{"line":71,"column":72}},"type":"if","locations":[{"start":{"line":70,"column":8},"end":{"line":71,"column":72}},{"start":{},"end":{}}],"line":70},"9":{"loc":{"start":{"line":73,"column":29},"end":{"line":73,"column":78}},"type":"binary-expr","locations":[{"start":{"line":73,"column":29},"end":{"line":73,"column":53}},{"start":{"line":73,"column":57},"end":{"line":73,"column":78}}],"line":73},"10":{"loc":{"start":{"line":116,"column":8},"end":{"line":121,"column":9}},"type":"if","locations":[{"start":{"line":116,"column":8},"end":{"line":121,"column":9}},{"start":{},"end":{}}],"line":116},"11":{"loc":{"start":{"line":118,"column":12},"end":{"line":119,"column":68}},"type":"if","locations":[{"start":{"line":118,"column":12},"end":{"line":119,"column":68}},{"start":{},"end":{}}],"line":118},"12":{"loc":{"start":{"line":122,"column":8},"end":{"line":126,"column":9}},"type":"if","locations":[{"start":{"line":122,"column":8},"end":{"line":126,"column":9}},{"start":{},"end":{}}],"line":122},"13":{"loc":{"start":{"line":124,"column":12},"end":{"line":124,"column":71}},"type":"if","locations":[{"start":{"line":124,"column":12},"end":{"line":124,"column":71}},{"start":{},"end":{}}],"line":124},"14":{"loc":{"start":{"line":135,"column":8},"end":{"line":135,"column":71}},"type":"if","locations":[{"start":{"line":135,"column":8},"end":{"line":135,"column":71}},{"start":{},"end":{}}],"line":135},"15":{"loc":{"start":{"line":137,"column":8},"end":{"line":146,"column":9}},"type":"if","locations":[{"start":{"line":137,"column":8},"end":{"line":146,"column":9}},{"start":{},"end":{}}],"line":137},"16":{"loc":{"start":{"line":144,"column":12},"end":{"line":144,"column":80}},"type":"if","locations":[{"start":{"line":144,"column":12},"end":{"line":144,"column":80}},{"start":{},"end":{}}],"line":144},"17":{"loc":{"start":{"line":163,"column":8},"end":{"line":163,"column":78}},"type":"if","locations":[{"start":{"line":163,"column":8},"end":{"line":163,"column":78}},{"start":{},"end":{}}],"line":163}},"s":{"0":10,"1":10,"2":3,"3":3,"4":0,"5":3,"6":3,"7":2,"8":1,"9":1,"10":0,"11":2,"12":2,"13":10,"14":9,"15":2,"16":1,"17":8,"18":8,"19":1,"20":7,"21":7,"22":1,"23":6,"24":6,"25":1,"26":5,"27":5,"28":5,"29":1,"30":4,"31":4,"32":4,"33":4,"34":4,"35":4,"36":10,"37":5,"38":5,"39":5,"40":5,"41":1,"42":4,"43":4,"44":4,"45":4,"46":1,"47":3,"48":3,"49":3,"50":0,"51":3,"52":3,"53":3,"54":3,"55":3,"56":3,"57":1,"58":2,"59":2,"60":10,"61":3,"62":3,"63":0,"64":3,"65":3,"66":3,"67":3},"f":{"0":3,"1":0,"2":9,"3":5,"4":3},"b":{"0":[2,1],"1":[1,1],"2":[0,1],"3":[2,7],"4":[1,1],"5":[1,7],"6":[1,6],"7":[1,5],"8":[1,4],"9":[4,1],"10":[5,0],"11":[1,4],"12":[4,0],"13":[1,3],"14":[0,3],"15":[3,0],"16":[1,2],"17":[0,3]},"_coverageSchema":"1a1c01bbd47fc00a2c39e90264f33305004495a9","hash":"921d90fc0c27e6ac17acb08194c99a68ef609dbf"}
,"/Users/deepikazende/Projects/hcc-backend/routes/medicationsRoutes.js": {"path":"/Users/deepikazende/Projects/hcc-backend/routes/medicationsRoutes.js","statementMap":{"0":{"start":{"line":11,"column":15},"end":{"line":11,"column":31}},"1":{"start":{"line":13,"column":0},"end":{"line":16,"column":3}},"2":{"start":{"line":14,"column":24},"end":{"line":14,"column":60}},"3":{"start":{"line":15,"column":4},"end":{"line":15,"column":26}},"4":{"start":{"line":18,"column":0},"end":{"line":22,"column":3}},"5":{"start":{"line":19,"column":23},"end":{"line":19,"column":63}},"6":{"start":{"line":20,"column":4},"end":{"line":20,"column":71}},"7":{"start":{"line":20,"column":21},"end":{"line":20,"column":71}},"8":{"start":{"line":21,"column":4},"end":{"line":21,"column":25}},"9":{"start":{"line":24,"column":0},"end":{"line":36,"column":2}},"10":{"start":{"line":28,"column":25},"end":{"line":28,"column":74}},"11":{"start":{"line":29,"column":8},"end":{"line":30,"column":69}},"12":{"start":{"line":30,"column":12},"end":{"line":30,"column":69}},"13":{"start":{"line":32,"column":8},"end":{"line":32,"column":61}},"14":{"start":{"line":33,"column":8},"end":{"line":33,"column":32}},"15":{"start":{"line":34,"column":8},"end":{"line":34,"column":41}},"16":{"start":{"line":38,"column":0},"end":{"line":54,"column":2}},"17":{"start":{"line":42,"column":25},"end":{"line":42,"column":74}},"18":{"start":{"line":43,"column":8},"end":{"line":44,"column":69}},"19":{"start":{"line":44,"column":12},"end":{"line":44,"column":69}},"20":{"start":{"line":46,"column":8},"end":{"line":50,"column":10}},"21":{"start":{"line":51,"column":8},"end":{"line":51,"column":75}},"22":{"start":{"line":51,"column":25},"end":{"line":51,"column":75}},"23":{"start":{"line":52,"column":8},"end":{"line":52,"column":29}},"24":{"start":{"line":56,"column":0},"end":{"line":60,"column":3}},"25":{"start":{"line":57,"column":23},"end":{"line":57,"column":72}},"26":{"start":{"line":58,"column":4},"end":{"line":58,"column":71}},"27":{"start":{"line":58,"column":21},"end":{"line":58,"column":71}},"28":{"start":{"line":59,"column":4},"end":{"line":59,"column":25}}},"fnMap":{"0":{"name":"(anonymous_0)","decl":{"start":{"line":13,"column":16},"end":{"line":13,"column":17}},"loc":{"start":{"line":13,"column":36},"end":{"line":16,"column":1}},"line":13},"1":{"name":"(anonymous_1)","decl":{"start":{"line":18,"column":37},"end":{"line":18,"column":38}},"loc":{"start":{"line":18,"column":57},"end":{"line":22,"column":1}},"line":18},"2":{"name":"(anonymous_2)","decl":{"start":{"line":27,"column":4},"end":{"line":27,"column":5}},"loc":{"start":{"line":27,"column":24},"end":{"line":35,"column":5}},"line":27},"3":{"name":"(anonymous_3)","decl":{"start":{"line":41,"column":4},"end":{"line":41,"column":5}},"loc":{"start":{"line":41,"column":24},"end":{"line":53,"column":5}},"line":41},"4":{"name":"(anonymous_4)","decl":{"start":{"line":56,"column":56},"end":{"line":56,"column":57}},"loc":{"start":{"line":56,"column":76},"end":{"line":60,"column":1}},"line":56}},"branchMap":{"0":{"loc":{"start":{"line":20,"column":4},"end":{"line":20,"column":71}},"type":"if","locations":[{"start":{"line":20,"column":4},"end":{"line":20,"column":71}},{"start":{},"end":{}}],"line":20},"1":{"loc":{"start":{"line":29,"column":8},"end":{"line":30,"column":69}},"type":"if","locations":[{"start":{"line":29,"column":8},"end":{"line":30,"column":69}},{"start":{},"end":{}}],"line":29},"2":{"loc":{"start":{"line":43,"column":8},"end":{"line":44,"column":69}},"type":"if","locations":[{"start":{"line":43,"column":8},"end":{"line":44,"column":69}},{"start":{},"end":{}}],"line":43},"3":{"loc":{"start":{"line":51,"column":8},"end":{"line":51,"column":75}},"type":"if","locations":[{"start":{"line":51,"column":8},"end":{"line":51,"column":75}},{"start":{},"end":{}}],"line":51},"4":{"loc":{"start":{"line":58,"column":4},"end":{"line":58,"column":71}},"type":"if","locations":[{"start":{"line":58,"column":4},"end":{"line":58,"column":71}},{"start":{},"end":{}}],"line":58}},"s":{"0":10,"1":10,"2":1,"3":1,"4":10,"5":2,"6":2,"7":1,"8":1,"9":10,"10":3,"11":3,"12":1,"13":2,"14":2,"15":2,"16":10,"17":4,"18":4,"19":1,"20":3,"21":3,"22":1,"23":2,"24":10,"25":3,"26":3,"27":1,"28":2},"f":{"0":1,"1":2,"2":3,"3":4,"4":3},"b":{"0":[1,1],"1":[1,2],"2":[1,3],"3":[1,2],"4":[1,2]},"_coverageSchema":"1a1c01bbd47fc00a2c39e90264f33305004495a9","hash":"a8aaba2e5037f46b084bef84f5c357239c0d3aa0"}
,"/Users/deepikazende/Projects/hcc-backend/routes/patientsRoutes.js": {"path":"/Users/deepikazende/Projects/hcc-backend/routes/patientsRoutes.js","statementMap":{"0":{"start":{"line":15,"column":15},"end":{"line":15,"column":31}},"1":{"start":{"line":17,"column":0},"end":{"line":20,"column":3}},"2":{"start":{"line":18,"column":21},"end":{"line":18,"column":41}},"3":{"start":{"line":19,"column":4},"end":{"line":19,"column":23}},"4":{"start":{"line":22,"column":0},"end":{"line":30,"column":2}},"5":{"start":{"line":26,"column":24},"end":{"line":26,"column":61}},"6":{"start":{"line":27,"column":8},"end":{"line":27,"column":72}},"7":{"start":{"line":27,"column":22},"end":{"line":27,"column":72}},"8":{"start":{"line":28,"column":8},"end":{"line":28,"column":26}},"9":{"start":{"line":32,"column":0},"end":{"line":46,"column":2}},"10":{"start":{"line":36,"column":24},"end":{"line":36,"column":66}},"11":{"start":{"line":37,"column":8},"end":{"line":37,"column":72}},"12":{"start":{"line":37,"column":22},"end":{"line":37,"column":72}},"13":{"start":{"line":39,"column":24},"end":{"line":39,"column":58}},"14":{"start":{"line":41,"column":8},"end":{"line":41,"column":43}},"15":{"start":{"line":42,"column":8},"end":{"line":42,"column":29}},"16":{"start":{"line":44,"column":8},"end":{"line":44,"column":38}},"17":{"start":{"line":48,"column":0},"end":{"line":67,"column":2}},"18":{"start":{"line":57,"column":24},"end":{"line":63,"column":9}},"19":{"start":{"line":64,"column":8},"end":{"line":64,"column":72}},"20":{"start":{"line":64,"column":22},"end":{"line":64,"column":72}},"21":{"start":{"line":65,"column":8},"end":{"line":65,"column":26}},"22":{"start":{"line":69,"column":0},"end":{"line":82,"column":2}},"23":{"start":{"line":73,"column":24},"end":{"line":73,"column":70}},"24":{"start":{"line":74,"column":8},"end":{"line":74,"column":72}},"25":{"start":{"line":74,"column":22},"end":{"line":74,"column":72}},"26":{"start":{"line":76,"column":24},"end":{"line":76,"column":65}},"27":{"start":{"line":77,"column":8},"end":{"line":77,"column":74}},"28":{"start":{"line":78,"column":8},"end":{"line":78,"column":29}},"29":{"start":{"line":80,"column":8},"end":{"line":80,"column":26}}},"fnMap":{"0":{"name":"(anonymous_0)","decl":{"start":{"line":17,"column":31},"end":{"line":17,"column":32}},"loc":{"start":{"line":17,"column":51},"end":{"line":20,"column":1}},"line":17},"1":{"name":"(anonymous_1)","decl":{"start":{"line":25,"column":4},"end":{"line":25,"column":5}},"loc":{"start":{"line":25,"column":24},"end":{"line":29,"column":5}},"line":25},"2":{"name":"(anonymous_2)","decl":{"start":{"line":35,"column":4},"end":{"line":35,"column":5}},"loc":{"start":{"line":35,"column":24},"end":{"line":45,"column":5}},"line":35},"3":{"name":"(anonymous_3)","decl":{"start":{"line":56,"column":4},"end":{"line":56,"column":5}},"loc":{"start":{"line":56,"column":24},"end":{"line":66,"column":5}},"line":56},"4":{"name":"(anonymous_4)","decl":{"start":{"line":72,"column":4},"end":{"line":72,"column":5}},"loc":{"start":{"line":72,"column":24},"end":{"line":81,"column":5}},"line":72}},"branchMap":{"0":{"loc":{"start":{"line":27,"column":8},"end":{"line":27,"column":72}},"type":"if","locations":[{"start":{"line":27,"column":8},"end":{"line":27,"column":72}},{"start":{},"end":{}}],"line":27},"1":{"loc":{"start":{"line":37,"column":8},"end":{"line":37,"column":72}},"type":"if","locations":[{"start":{"line":37,"column":8},"end":{"line":37,"column":72}},{"start":{},"end":{}}],"line":37},"2":{"loc":{"start":{"line":64,"column":8},"end":{"line":64,"column":72}},"type":"if","locations":[{"start":{"line":64,"column":8},"end":{"line":64,"column":72}},{"start":{},"end":{}}],"line":64},"3":{"loc":{"start":{"line":74,"column":8},"end":{"line":74,"column":72}},"type":"if","locations":[{"start":{"line":74,"column":8},"end":{"line":74,"column":72}},{"start":{},"end":{}}],"line":74}},"s":{"0":10,"1":10,"2":1,"3":1,"4":10,"5":2,"6":2,"7":0,"8":2,"9":10,"10":5,"11":5,"12":1,"13":4,"14":4,"15":4,"16":4,"17":10,"18":3,"19":3,"20":0,"21":3,"22":10,"23":4,"24":4,"25":0,"26":4,"27":4,"28":4,"29":4},"f":{"0":1,"1":2,"2":5,"3":3,"4":4},"b":{"0":[0,2],"1":[1,4],"2":[0,3],"3":[0,4]},"_coverageSchema":"1a1c01bbd47fc00a2c39e90264f33305004495a9","hash":"0cf6337fecebd82988396c9d28b30bd30c01822f"}
,"/Users/deepikazende/Projects/hcc-backend/routes/prescriptionsRoutes.js": {"path":"/Users/deepikazende/Projects/hcc-backend/routes/prescriptionsRoutes.js","statementMap":{"0":{"start":{"line":17,"column":15},"end":{"line":17,"column":31}},"1":{"start":{"line":19,"column":0},"end":{"line":36,"column":3}},"2":{"start":{"line":20,"column":19},"end":{"line":20,"column":51}},"3":{"start":{"line":21,"column":4},"end":{"line":24,"column":6}},"4":{"start":{"line":23,"column":19},"end":{"line":23,"column":30}},"5":{"start":{"line":25,"column":18},"end":{"line":25,"column":38}},"6":{"start":{"line":27,"column":4},"end":{"line":33,"column":5}},"7":{"start":{"line":28,"column":8},"end":{"line":29,"column":68}},"8":{"start":{"line":29,"column":12},"end":{"line":29,"column":68}},"9":{"start":{"line":31,"column":8},"end":{"line":32,"column":55}},"10":{"start":{"line":32,"column":12},"end":{"line":32,"column":55}},"11":{"start":{"line":34,"column":26},"end":{"line":34,"column":56}},"12":{"start":{"line":35,"column":4},"end":{"line":35,"column":28}},"13":{"start":{"line":47,"column":0},"end":{"line":107,"column":2}},"14":{"start":{"line":51,"column":8},"end":{"line":54,"column":9}},"15":{"start":{"line":52,"column":12},"end":{"line":53,"column":61}},"16":{"start":{"line":53,"column":16},"end":{"line":53,"column":61}},"17":{"start":{"line":56,"column":24},"end":{"line":56,"column":66}},"18":{"start":{"line":57,"column":8},"end":{"line":57,"column":71}},"19":{"start":{"line":57,"column":22},"end":{"line":57,"column":71}},"20":{"start":{"line":59,"column":22},"end":{"line":59,"column":60}},"21":{"start":{"line":60,"column":8},"end":{"line":60,"column":65}},"22":{"start":{"line":60,"column":20},"end":{"line":60,"column":65}},"23":{"start":{"line":62,"column":8},"end":{"line":62,"column":68}},"24":{"start":{"line":64,"column":27},"end":{"line":66,"column":10}},"25":{"start":{"line":67,"column":8},"end":{"line":68,"column":72}},"26":{"start":{"line":68,"column":12},"end":{"line":68,"column":72}},"27":{"start":{"line":70,"column":29},"end":{"line":70,"column":78}},"28":{"start":{"line":72,"column":28},"end":{"line":72,"column":30}},"29":{"start":{"line":74,"column":8},"end":{"line":84,"column":9}},"30":{"start":{"line":75,"column":12},"end":{"line":83,"column":13}},"31":{"start":{"line":76,"column":35},"end":{"line":76,"column":76}},"32":{"start":{"line":77,"column":16},"end":{"line":78,"column":72}},"33":{"start":{"line":78,"column":20},"end":{"line":78,"column":72}},"34":{"start":{"line":79,"column":16},"end":{"line":82,"column":19}},"35":{"start":{"line":86,"column":8},"end":{"line":99,"column":11}},"36":{"start":{"line":100,"column":8},"end":{"line":100,"column":34}},"37":{"start":{"line":102,"column":8},"end":{"line":102,"column":53}},"38":{"start":{"line":103,"column":8},"end":{"line":103,"column":29}},"39":{"start":{"line":105,"column":8},"end":{"line":105,"column":43}},"40":{"start":{"line":109,"column":0},"end":{"line":160,"column":2}},"41":{"start":{"line":126,"column":21},"end":{"line":130,"column":10}},"42":{"start":{"line":132,"column":8},"end":{"line":136,"column":9}},"43":{"start":{"line":133,"column":26},"end":{"line":133,"column":64}},"44":{"start":{"line":134,"column":12},"end":{"line":134,"column":71}},"45":{"start":{"line":134,"column":24},"end":{"line":134,"column":71}},"46":{"start":{"line":135,"column":12},"end":{"line":135,"column":33}},"47":{"start":{"line":138,"column":27},"end":{"line":144,"column":9}},"48":{"start":{"line":145,"column":8},"end":{"line":145,"column":70}},"49":{"start":{"line":145,"column":27},"end":{"line":145,"column":70}},"50":{"start":{"line":147,"column":8},"end":{"line":156,"column":9}},"51":{"start":{"line":148,"column":20},"end":{"line":148,"column":54}},"52":{"start":{"line":149,"column":12},"end":{"line":149,"column":25}},"53":{"start":{"line":150,"column":12},"end":{"line":150,"column":78}},"54":{"start":{"line":151,"column":23},"end":{"line":153,"column":14}},"55":{"start":{"line":154,"column":12},"end":{"line":154,"column":80}},"56":{"start":{"line":154,"column":20},"end":{"line":154,"column":80}},"57":{"start":{"line":155,"column":12},"end":{"line":155,"column":38}},"58":{"start":{"line":158,"column":8},"end":{"line":158,"column":31}},"59":{"start":{"line":162,"column":0},"end":{"line":184,"column":2}},"60":{"start":{"line":170,"column":29},"end":{"line":172,"column":9}},"61":{"start":{"line":173,"column":8},"end":{"line":173,"column":77}},"62":{"start":{"line":173,"column":27},"end":{"line":173,"column":77}},"63":{"start":{"line":175,"column":24},"end":{"line":175,"column":70}},"64":{"start":{"line":176,"column":8},"end":{"line":179,"column":10}},"65":{"start":{"line":180,"column":8},"end":{"line":180,"column":29}},"66":{"start":{"line":182,"column":8},"end":{"line":182,"column":31}}},"fnMap":{"0":{"name":"(anonymous_0)","decl":{"start":{"line":19,"column":22},"end":{"line":19,"column":23}},"loc":{"start":{"line":19,"column":42},"end":{"line":36,"column":1}},"line":19},"1":{"name":"(anonymous_1)","decl":{"start":{"line":23,"column":8},"end":{"line":23,"column":9}},"loc":{"start":{"line":23,"column":19},"end":{"line":23,"column":30}},"line":23},"2":{"name":"(anonymous_2)","decl":{"start":{"line":50,"column":4},"end":{"line":50,"column":5}},"loc":{"start":{"line":50,"column":24},"end":{"line":106,"column":5}},"line":50},"3":{"name":"(anonymous_3)","decl":{"start":{"line":125,"column":4},"end":{"line":125,"column":5}},"loc":{"start":{"line":125,"column":24},"end":{"line":159,"column":5}},"line":125},"4":{"name":"(anonymous_4)","decl":{"start":{"line":169,"column":4},"end":{"line":169,"column":5}},"loc":{"start":{"line":169,"column":24},"end":{"line":183,"column":5}},"line":169}},"branchMap":{"0":{"loc":{"start":{"line":27,"column":4},"end":{"line":33,"column":5}},"type":"if","locations":[{"start":{"line":27,"column":4},"end":{"line":33,"column":5}},{"start":{},"end":{}}],"line":27},"1":{"loc":{"start":{"line":28,"column":8},"end":{"line":29,"column":68}},"type":"if","locations":[{"start":{"line":28,"column":8},"end":{"line":29,"column":68}},{"start":{},"end":{}}],"line":28},"2":{"loc":{"start":{"line":31,"column":8},"end":{"line":32,"column":55}},"type":"if","locations":[{"start":{"line":31,"column":8},"end":{"line":32,"column":55}},{"start":{},"end":{}}],"line":31},"3":{"loc":{"start":{"line":51,"column":8},"end":{"line":54,"column":9}},"type":"if","locations":[{"start":{"line":51,"column":8},"end":{"line":54,"column":9}},{"start":{},"end":{}}],"line":51},"4":{"loc":{"start":{"line":52,"column":12},"end":{"line":53,"column":61}},"type":"if","locations":[{"start":{"line":52,"column":12},"end":{"line":53,"column":61}},{"start":{},"end":{}}],"line":52},"5":{"loc":{"start":{"line":57,"column":8},"end":{"line":57,"column":71}},"type":"if","locations":[{"start":{"line":57,"column":8},"end":{"line":57,"column":71}},{"start":{},"end":{}}],"line":57},"6":{"loc":{"start":{"line":60,"column":8},"end":{"line":60,"column":65}},"type":"if","locations":[{"start":{"line":60,"column":8},"end":{"line":60,"column":65}},{"start":{},"end":{}}],"line":60},"7":{"loc":{"start":{"line":67,"column":8},"end":{"line":68,"column":72}},"type":"if","locations":[{"start":{"line":67,"column":8},"end":{"line":68,"column":72}},{"start":{},"end":{}}],"line":67},"8":{"loc":{"start":{"line":70,"column":29},"end":{"line":70,"column":78}},"type":"binary-expr","locations":[{"start":{"line":70,"column":29},"end":{"line":70,"column":53}},{"start":{"line":70,"column":57},"end":{"line":70,"column":78}}],"line":70},"9":{"loc":{"start":{"line":74,"column":8},"end":{"line":84,"column":9}},"type":"if","locations":[{"start":{"line":74,"column":8},"end":{"line":84,"column":9}},{"start":{},"end":{}}],"line":74},"10":{"loc":{"start":{"line":77,"column":16},"end":{"line":78,"column":72}},"type":"if","locations":[{"start":{"line":77,"column":16},"end":{"line":78,"column":72}},{"start":{},"end":{}}],"line":77},"11":{"loc":{"start":{"line":132,"column":8},"end":{"line":136,"column":9}},"type":"if","locations":[{"start":{"line":132,"column":8},"end":{"line":136,"column":9}},{"start":{},"end":{}}],"line":132},"12":{"loc":{"start":{"line":134,"column":12},"end":{"line":134,"column":71}},"type":"if","locations":[{"start":{"line":134,"column":12},"end":{"line":134,"column":71}},{"start":{},"end":{}}],"line":134},"13":{"loc":{"start":{"line":145,"column":8},"end":{"line":145,"column":70}},"type":"if","locations":[{"start":{"line":145,"column":8},"end":{"line":145,"column":70}},{"start":{},"end":{}}],"line":145},"14":{"loc":{"start":{"line":147,"column":8},"end":{"line":156,"column":9}},"type":"if","locations":[{"start":{"line":147,"column":8},"end":{"line":156,"column":9}},{"start":{},"end":{}}],"line":147},"15":{"loc":{"start":{"line":154,"column":12},"end":{"line":154,"column":80}},"type":"if","locations":[{"start":{"line":154,"column":12},"end":{"line":154,"column":80}},{"start":{},"end":{}}],"line":154},"16":{"loc":{"start":{"line":173,"column":8},"end":{"line":173,"column":77}},"type":"if","locations":[{"start":{"line":173,"column":8},"end":{"line":173,"column":77}},{"start":{},"end":{}}],"line":173}},"s":{"0":10,"1":10,"2":3,"3":3,"4":0,"5":3,"6":3,"7":2,"8":1,"9":1,"10":0,"11":2,"12":2,"13":10,"14":9,"15":2,"16":1,"17":8,"18":8,"19":1,"20":7,"21":7,"22":1,"23":6,"24":6,"25":6,"26":1,"27":5,"28":5,"29":5,"30":5,"31":21,"32":21,"33":1,"34":20,"35":4,"36":4,"37":4,"38":4,"39":4,"40":10,"41":4,"42":4,"43":4,"44":4,"45":1,"46":3,"47":3,"48":3,"49":0,"50":3,"51":3,"52":3,"53":3,"54":3,"55":3,"56":1,"57":2,"58":2,"59":10,"60":3,"61":3,"62":0,"63":3,"64":3,"65":3,"66":3},"f":{"0":3,"1":0,"2":9,"3":4,"4":3},"b":{"0":[2,1],"1":[1,1],"2":[0,1],"3":[2,7],"4":[1,1],"5":[1,7],"6":[1,6],"7":[1,5],"8":[5,1],"9":[5,0],"10":[1,20],"11":[4,0],"12":[1,3],"13":[0,3],"14":[3,0],"15":[1,2],"16":[0,3]},"_coverageSchema":"1a1c01bbd47fc00a2c39e90264f33305004495a9","hash":"1e1e2caf9d59b0952c1cca824d1b8f9cb46e41a2"}
,"/Users/deepikazende/Projects/hcc-backend/routes/purposesRoutes.js": {"path":"/Users/deepikazende/Projects/hcc-backend/routes/purposesRoutes.js","statementMap":{"0":{"start":{"line":7,"column":15},"end":{"line":7,"column":31}},"1":{"start":{"line":9,"column":0},"end":{"line":12,"column":3}},"2":{"start":{"line":10,"column":21},"end":{"line":10,"column":54}},"3":{"start":{"line":11,"column":4},"end":{"line":11,"column":23}},"4":{"start":{"line":14,"column":0},"end":{"line":18,"column":3}},"5":{"start":{"line":15,"column":20},"end":{"line":15,"column":57}},"6":{"start":{"line":16,"column":4},"end":{"line":16,"column":68}},"7":{"start":{"line":16,"column":18},"end":{"line":16,"column":68}},"8":{"start":{"line":17,"column":4},"end":{"line":17,"column":22}},"9":{"start":{"line":20,"column":0},"end":{"line":31,"column":2}},"10":{"start":{"line":24,"column":22},"end":{"line":24,"column":68}},"11":{"start":{"line":25,"column":8},"end":{"line":25,"column":75}},"12":{"start":{"line":25,"column":21},"end":{"line":25,"column":75}},"13":{"start":{"line":27,"column":8},"end":{"line":27,"column":55}},"14":{"start":{"line":28,"column":8},"end":{"line":28,"column":29}},"15":{"start":{"line":29,"column":8},"end":{"line":29,"column":38}},"16":{"start":{"line":33,"column":0},"end":{"line":48,"column":2}},"17":{"start":{"line":37,"column":22},"end":{"line":37,"column":68}},"18":{"start":{"line":38,"column":8},"end":{"line":38,"column":75}},"19":{"start":{"line":38,"column":21},"end":{"line":38,"column":75}},"20":{"start":{"line":40,"column":8},"end":{"line":44,"column":10}},"21":{"start":{"line":45,"column":8},"end":{"line":45,"column":72}},"22":{"start":{"line":45,"column":22},"end":{"line":45,"column":72}},"23":{"start":{"line":46,"column":8},"end":{"line":46,"column":26}},"24":{"start":{"line":50,"column":0},"end":{"line":54,"column":3}},"25":{"start":{"line":51,"column":20},"end":{"line":51,"column":66}},"26":{"start":{"line":52,"column":4},"end":{"line":52,"column":68}},"27":{"start":{"line":52,"column":18},"end":{"line":52,"column":68}},"28":{"start":{"line":53,"column":4},"end":{"line":53,"column":22}}},"fnMap":{"0":{"name":"(anonymous_0)","decl":{"start":{"line":9,"column":16},"end":{"line":9,"column":17}},"loc":{"start":{"line":9,"column":36},"end":{"line":12,"column":1}},"line":9},"1":{"name":"(anonymous_1)","decl":{"start":{"line":14,"column":37},"end":{"line":14,"column":38}},"loc":{"start":{"line":14,"column":57},"end":{"line":18,"column":1}},"line":14},"2":{"name":"(anonymous_2)","decl":{"start":{"line":23,"column":4},"end":{"line":23,"column":5}},"loc":{"start":{"line":23,"column":24},"end":{"line":30,"column":5}},"line":23},"3":{"name":"(anonymous_3)","decl":{"start":{"line":36,"column":4},"end":{"line":36,"column":5}},"loc":{"start":{"line":36,"column":24},"end":{"line":47,"column":5}},"line":36},"4":{"name":"(anonymous_4)","decl":{"start":{"line":50,"column":55},"end":{"line":50,"column":56}},"loc":{"start":{"line":50,"column":75},"end":{"line":54,"column":1}},"line":50}},"branchMap":{"0":{"loc":{"start":{"line":16,"column":4},"end":{"line":16,"column":68}},"type":"if","locations":[{"start":{"line":16,"column":4},"end":{"line":16,"column":68}},{"start":{},"end":{}}],"line":16},"1":{"loc":{"start":{"line":25,"column":8},"end":{"line":25,"column":75}},"type":"if","locations":[{"start":{"line":25,"column":8},"end":{"line":25,"column":75}},{"start":{},"end":{}}],"line":25},"2":{"loc":{"start":{"line":38,"column":8},"end":{"line":38,"column":75}},"type":"if","locations":[{"start":{"line":38,"column":8},"end":{"line":38,"column":75}},{"start":{},"end":{}}],"line":38},"3":{"loc":{"start":{"line":45,"column":8},"end":{"line":45,"column":72}},"type":"if","locations":[{"start":{"line":45,"column":8},"end":{"line":45,"column":72}},{"start":{},"end":{}}],"line":45},"4":{"loc":{"start":{"line":52,"column":4},"end":{"line":52,"column":68}},"type":"if","locations":[{"start":{"line":52,"column":4},"end":{"line":52,"column":68}},{"start":{},"end":{}}],"line":52}},"s":{"0":10,"1":10,"2":1,"3":1,"4":10,"5":2,"6":2,"7":1,"8":1,"9":10,"10":4,"11":4,"12":1,"13":3,"14":3,"15":3,"16":10,"17":4,"18":4,"19":1,"20":3,"21":3,"22":1,"23":2,"24":10,"25":3,"26":3,"27":1,"28":2},"f":{"0":1,"1":2,"2":4,"3":4,"4":3},"b":{"0":[1,1],"1":[1,3],"2":[1,3],"3":[1,2],"4":[1,2]},"_coverageSchema":"1a1c01bbd47fc00a2c39e90264f33305004495a9","hash":"ee62412934dd8ceea95fd5503f45b0dbe7c09fc8"}
,"/Users/deepikazende/Projects/hcc-backend/routes/recordTypesRoutes.js": {"path":"/Users/deepikazende/Projects/hcc-backend/routes/recordTypesRoutes.js","statementMap":{"0":{"start":{"line":11,"column":15},"end":{"line":11,"column":31}},"1":{"start":{"line":13,"column":0},"end":{"line":16,"column":3}},"2":{"start":{"line":14,"column":24},"end":{"line":14,"column":60}},"3":{"start":{"line":15,"column":4},"end":{"line":15,"column":26}},"4":{"start":{"line":18,"column":0},"end":{"line":22,"column":3}},"5":{"start":{"line":19,"column":23},"end":{"line":19,"column":63}},"6":{"start":{"line":20,"column":4},"end":{"line":20,"column":71}},"7":{"start":{"line":20,"column":21},"end":{"line":20,"column":71}},"8":{"start":{"line":21,"column":4},"end":{"line":21,"column":25}},"9":{"start":{"line":24,"column":0},"end":{"line":36,"column":2}},"10":{"start":{"line":28,"column":25},"end":{"line":28,"column":74}},"11":{"start":{"line":29,"column":8},"end":{"line":30,"column":69}},"12":{"start":{"line":30,"column":12},"end":{"line":30,"column":69}},"13":{"start":{"line":32,"column":8},"end":{"line":32,"column":61}},"14":{"start":{"line":33,"column":8},"end":{"line":33,"column":32}},"15":{"start":{"line":34,"column":8},"end":{"line":34,"column":41}},"16":{"start":{"line":38,"column":0},"end":{"line":54,"column":2}},"17":{"start":{"line":42,"column":25},"end":{"line":42,"column":74}},"18":{"start":{"line":43,"column":8},"end":{"line":44,"column":69}},"19":{"start":{"line":44,"column":12},"end":{"line":44,"column":69}},"20":{"start":{"line":46,"column":8},"end":{"line":50,"column":10}},"21":{"start":{"line":51,"column":8},"end":{"line":51,"column":75}},"22":{"start":{"line":51,"column":25},"end":{"line":51,"column":75}},"23":{"start":{"line":52,"column":8},"end":{"line":52,"column":29}},"24":{"start":{"line":56,"column":0},"end":{"line":60,"column":3}},"25":{"start":{"line":57,"column":23},"end":{"line":57,"column":72}},"26":{"start":{"line":58,"column":4},"end":{"line":58,"column":71}},"27":{"start":{"line":58,"column":21},"end":{"line":58,"column":71}},"28":{"start":{"line":59,"column":4},"end":{"line":59,"column":25}}},"fnMap":{"0":{"name":"(anonymous_0)","decl":{"start":{"line":13,"column":16},"end":{"line":13,"column":17}},"loc":{"start":{"line":13,"column":36},"end":{"line":16,"column":1}},"line":13},"1":{"name":"(anonymous_1)","decl":{"start":{"line":18,"column":37},"end":{"line":18,"column":38}},"loc":{"start":{"line":18,"column":57},"end":{"line":22,"column":1}},"line":18},"2":{"name":"(anonymous_2)","decl":{"start":{"line":27,"column":4},"end":{"line":27,"column":5}},"loc":{"start":{"line":27,"column":24},"end":{"line":35,"column":5}},"line":27},"3":{"name":"(anonymous_3)","decl":{"start":{"line":41,"column":4},"end":{"line":41,"column":5}},"loc":{"start":{"line":41,"column":24},"end":{"line":53,"column":5}},"line":41},"4":{"name":"(anonymous_4)","decl":{"start":{"line":56,"column":56},"end":{"line":56,"column":57}},"loc":{"start":{"line":56,"column":76},"end":{"line":60,"column":1}},"line":56}},"branchMap":{"0":{"loc":{"start":{"line":20,"column":4},"end":{"line":20,"column":71}},"type":"if","locations":[{"start":{"line":20,"column":4},"end":{"line":20,"column":71}},{"start":{},"end":{}}],"line":20},"1":{"loc":{"start":{"line":29,"column":8},"end":{"line":30,"column":69}},"type":"if","locations":[{"start":{"line":29,"column":8},"end":{"line":30,"column":69}},{"start":{},"end":{}}],"line":29},"2":{"loc":{"start":{"line":43,"column":8},"end":{"line":44,"column":69}},"type":"if","locations":[{"start":{"line":43,"column":8},"end":{"line":44,"column":69}},{"start":{},"end":{}}],"line":43},"3":{"loc":{"start":{"line":51,"column":8},"end":{"line":51,"column":75}},"type":"if","locations":[{"start":{"line":51,"column":8},"end":{"line":51,"column":75}},{"start":{},"end":{}}],"line":51},"4":{"loc":{"start":{"line":58,"column":4},"end":{"line":58,"column":71}},"type":"if","locations":[{"start":{"line":58,"column":4},"end":{"line":58,"column":71}},{"start":{},"end":{}}],"line":58}},"s":{"0":10,"1":10,"2":1,"3":1,"4":10,"5":2,"6":2,"7":1,"8":1,"9":10,"10":3,"11":3,"12":1,"13":2,"14":2,"15":2,"16":10,"17":4,"18":4,"19":1,"20":3,"21":3,"22":1,"23":2,"24":10,"25":3,"26":3,"27":1,"28":2},"f":{"0":1,"1":2,"2":3,"3":4,"4":3},"b":{"0":[1,1],"1":[1,2],"2":[1,3],"3":[1,2],"4":[1,2]},"_coverageSchema":"1a1c01bbd47fc00a2c39e90264f33305004495a9","hash":"d51e9b6c1689afce68014957cb50c5914aa4ada0"}
,"/Users/deepikazende/Projects/hcc-backend/startup/config.js": {"path":"/Users/deepikazende/Projects/hcc-backend/startup/config.js","statementMap":{"0":{"start":{"line":4,"column":4},"end":{"line":6,"column":5}},"1":{"start":{"line":5,"column":8},"end":{"line":5,"column":64}}},"fnMap":{"0":{"name":"checkConfigVariables","decl":{"start":{"line":3,"column":24},"end":{"line":3,"column":44}},"loc":{"start":{"line":3,"column":47},"end":{"line":10,"column":1}},"line":3}},"branchMap":{"0":{"loc":{"start":{"line":4,"column":4},"end":{"line":6,"column":5}},"type":"if","locations":[{"start":{"line":4,"column":4},"end":{"line":6,"column":5}},{"start":{},"end":{}}],"line":4}},"s":{"0":10,"1":0},"f":{"0":10},"b":{"0":[0,10]},"_coverageSchema":"1a1c01bbd47fc00a2c39e90264f33305004495a9","hash":"3ab1e797d174c509603195a1da9340f73ffcb441"}
,"/Users/deepikazende/Projects/hcc-backend/startup/logger.js": {"path":"/Users/deepikazende/Projects/hcc-backend/startup/logger.js","statementMap":{"0":{"start":{"line":5,"column":46},"end":{"line":5,"column":52}},"1":{"start":{"line":7,"column":17},"end":{"line":9,"column":2}},"2":{"start":{"line":8,"column":4},"end":{"line":8,"column":58}},"3":{"start":{"line":11,"column":22},"end":{"line":32,"column":2}}},"fnMap":{"0":{"name":"(anonymous_0)","decl":{"start":{"line":7,"column":24},"end":{"line":7,"column":25}},"loc":{"start":{"line":7,"column":66},"end":{"line":9,"column":1}},"line":7}},"branchMap":{},"s":{"0":10,"1":10,"2":32,"3":10},"f":{"0":32},"b":{},"_coverageSchema":"1a1c01bbd47fc00a2c39e90264f33305004495a9","hash":"fcd73da59ecea10a4073ba713355aaff90d3ee72"}
,"/Users/deepikazende/Projects/hcc-backend/startup/mongo.js": {"path":"/Users/deepikazende/Projects/hcc-backend/startup/mongo.js","statementMap":{"0":{"start":{"line":5,"column":32},"end":{"line":5,"column":48}},"1":{"start":{"line":12,"column":4},"end":{"line":17,"column":71}},"2":{"start":{"line":17,"column":20},"end":{"line":17,"column":69}},"3":{"start":{"line":19,"column":20},"end":{"line":19,"column":39}}},"fnMap":{"0":{"name":"initialiseDb","decl":{"start":{"line":11,"column":24},"end":{"line":11,"column":36}},"loc":{"start":{"line":11,"column":39},"end":{"line":18,"column":1}},"line":11},"1":{"name":"(anonymous_1)","decl":{"start":{"line":17,"column":14},"end":{"line":17,"column":15}},"loc":{"start":{"line":17,"column":20},"end":{"line":17,"column":69}},"line":17}},"branchMap":{},"s":{"0":10,"1":10,"2":10,"3":10},"f":{"0":10,"1":10},"b":{},"_coverageSchema":"1a1c01bbd47fc00a2c39e90264f33305004495a9","hash":"cafdd514a6f7fa1bab453d329f2c911af4600fba"}
,"/Users/deepikazende/Projects/hcc-backend/startup/routes.js": {"path":"/Users/deepikazende/Projects/hcc-backend/startup/routes.js","statementMap":{"0":{"start":{"line":20,"column":4},"end":{"line":20,"column":20}},"1":{"start":{"line":21,"column":4},"end":{"line":21,"column":28}},"2":{"start":{"line":23,"column":4},"end":{"line":23,"column":38}},"3":{"start":{"line":24,"column":4},"end":{"line":24,"column":22}},"4":{"start":{"line":26,"column":4},"end":{"line":26,"column":34}},"5":{"start":{"line":27,"column":4},"end":{"line":27,"column":28}},"6":{"start":{"line":29,"column":4},"end":{"line":29,"column":31}},"7":{"start":{"line":30,"column":4},"end":{"line":30,"column":39}},"8":{"start":{"line":31,"column":4},"end":{"line":31,"column":39}},"9":{"start":{"line":32,"column":4},"end":{"line":32,"column":47}},"10":{"start":{"line":33,"column":4},"end":{"line":33,"column":39}},"11":{"start":{"line":34,"column":4},"end":{"line":34,"column":51}},"12":{"start":{"line":35,"column":4},"end":{"line":35,"column":45}},"13":{"start":{"line":36,"column":4},"end":{"line":36,"column":35}},"14":{"start":{"line":37,"column":4},"end":{"line":37,"column":45}},"15":{"start":{"line":38,"column":4},"end":{"line":38,"column":49}},"16":{"start":{"line":40,"column":4},"end":{"line":40,"column":19}}},"fnMap":{"0":{"name":"initialiseRoutes","decl":{"start":{"line":19,"column":24},"end":{"line":19,"column":40}},"loc":{"start":{"line":19,"column":46},"end":{"line":41,"column":1}},"line":19}},"branchMap":{},"s":{"0":10,"1":10,"2":10,"3":10,"4":10,"5":10,"6":10,"7":10,"8":10,"9":10,"10":10,"11":10,"12":10,"13":10,"14":10,"15":10,"16":10},"f":{"0":10},"b":{},"_coverageSchema":"1a1c01bbd47fc00a2c39e90264f33305004495a9","hash":"4240478be03fde874897717208c308c838af77ab"}
}
