TN:
SF:index.js
FN:13,(anonymous_0)
FNF:1
FNH:1
FNDA:10,(anonymous_0)
DA:6,10
DA:8,10
DA:9,10
DA:10,10
DA:12,10
DA:13,10
DA:14,10
LF:7
LH:7
BRDA:12,0,0,10
BRDA:12,0,1,10
BRF:2
BRH:2
end_of_record
TN:
SF:middleware/admin.js
FN:4,admin
FNF:1
FNH:1
FNDA:46,admin
DA:5,46
DA:10,46
DA:11,8
DA:13,38
LF:4
LH:4
BRDA:5,0,0,0
BRDA:5,0,1,46
BRDA:10,1,0,8
BRDA:10,1,1,38
BRF:4
BRH:3
end_of_record
TN:
SF:middleware/auth.js
FN:4,auth
FNF:1
FNH:1
FNDA:383,auth
DA:5,383
DA:7,383
DA:8,383
DA:9,37
DA:11,346
DA:12,346
DA:13,345
DA:14,345
DA:16,1
LF:9
LH:9
BRDA:5,0,0,0
BRDA:5,0,1,383
BRDA:8,1,0,37
BRDA:8,1,1,346
BRF:4
BRH:3
end_of_record
TN:
SF:middleware/checkAccess.js
FN:1,(anonymous_0)
FN:2,(anonymous_1)
FNF:2
FNH:2
FNDA:50,(anonymous_0)
FNDA:42,(anonymous_1)
DA:1,10
DA:2,50
DA:3,42
DA:4,6
DA:8,36
DA:9,36
DA:10,5
DA:13,31
DA:14,14
DA:15,2
DA:17,17
DA:20,29
DA:21,5
DA:24,24
LF:14
LH:14
BRDA:3,0,0,6
BRDA:3,0,1,36
BRDA:9,1,0,5
BRDA:9,1,1,31
BRDA:13,2,0,14
BRDA:13,2,1,17
BRDA:14,3,0,12
BRDA:14,3,1,2
BRDA:20,4,0,5
BRDA:20,4,1,24
BRF:10
BRH:10
end_of_record
TN:
SF:middleware/checkOwner.js
FN:3,(anonymous_0)
FN:4,(anonymous_1)
FNF:2
FNH:2
FNDA:70,(anonymous_0)
FNDA:53,(anonymous_1)
DA:3,10
DA:4,70
DA:5,53
DA:6,23
DA:9,30
DA:10,30
DA:11,4
DA:14,26
DA:15,7
DA:17,19
LF:10
LH:10
BRDA:5,0,0,23
BRDA:5,0,1,30
BRDA:10,1,0,4
BRDA:10,1,1,26
BRDA:14,2,0,7
BRDA:14,2,1,19
BRF:6
BRH:6
end_of_record
TN:
SF:middleware/doctor.js
FN:4,doctor
FNF:1
FNH:1
FNDA:81,doctor
DA:5,81
DA:10,81
DA:11,14
DA:13,67
LF:4
LH:4
BRDA:5,0,0,0
BRDA:5,0,1,81
BRDA:10,1,0,14
BRDA:10,1,1,67
BRF:4
BRH:3
end_of_record
TN:
SF:middleware/error.js
FN:3,error
FNF:1
FNH:1
FNDA:2,error
DA:4,2
DA:6,2
LF:2
LH:2
BRF:0
BRH:0
end_of_record
TN:
SF:middleware/validate.js
FN:3,(anonymous_0)
FN:4,(anonymous_1)
FN:14,(anonymous_2)
FN:15,(anonymous_3)
FNF:4
FNH:4
FNDA:170,(anonymous_0)
FNDA:231,(anonymous_1)
FNDA:50,(anonymous_2)
FNDA:68,(anonymous_3)
DA:3,10
DA:4,170
DA:5,231
DA:6,231
DA:7,142
DA:10,89
DA:14,10
DA:15,50
DA:16,68
DA:17,68
DA:18,192
DA:19,183
DA:20,9
DA:23,32
DA:25,27
LF:15
LH:15
BRDA:6,0,0,142
BRDA:6,0,1,89
BRDA:18,1,0,183
BRDA:18,1,1,9
BRF:4
BRH:4
end_of_record
TN:
SF:middleware/validateObjectId.js
FN:3,(anonymous_0)
FNF:1
FNH:1
FNDA:217,(anonymous_0)
DA:4,217
DA:5,25
DA:8,192
LF:3
LH:3
BRDA:4,0,0,25
BRDA:4,0,1,192
BRF:2
BRH:2
end_of_record
TN:
SF:models/accountModel.js
FN:60,(anonymous_0)
FN:75,(anonymous_1)
FNF:2
FNH:2
FNDA:311,(anonymous_0)
FNDA:473,(anonymous_1)
DA:8,17
DA:18,17
DA:24,17
DA:42,17
DA:44,17
DA:61,311
DA:75,17
DA:76,473
DA:87,473
DA:90,17
LF:10
LH:10
BRF:0
BRH:0
end_of_record
TN:
SF:models/appointmentModel.js
FN:68,(anonymous_0)
FNF:1
FNH:1
FNDA:108,(anonymous_0)
DA:5,10
DA:21,10
DA:23,10
DA:29,10
DA:31,10
DA:40,10
DA:42,10
DA:51,10
DA:55,10
DA:69,108
DA:75,10
LF:11
LH:11
BRF:0
BRH:0
end_of_record
TN:
SF:models/authmodel.js
FNF:0
FNH:0
DA:3,10
DA:7,10
LF:2
LH:2
BRF:0
BRH:0
end_of_record
TN:
SF:models/fieldModel.js
FNF:0
FNH:0
DA:4,10
DA:8,10
DA:10,10
DA:14,10
LF:4
LH:4
BRF:0
BRH:0
end_of_record
TN:
SF:models/medicalRecordModel.js
FN:65,(anonymous_0)
FNF:1
FNH:1
FNDA:32,(anonymous_0)
DA:7,10
DA:32,10
DA:34,10
DA:66,32
DA:78,10
LF:5
LH:5
BRF:0
BRH:0
end_of_record
TN:
SF:models/medicationModel.js
FNF:0
FNH:0
DA:4,10
DA:8,10
DA:10,10
DA:14,10
LF:4
LH:4
BRF:0
BRH:0
end_of_record
TN:
SF:models/patientModel.js
FNF:0
FNH:0
DA:5,10
DA:13,10
DA:15,10
DA:29,10
LF:4
LH:4
BRF:0
BRH:0
end_of_record
TN:
SF:models/prescriptionModel.js
FNF:0
FNH:0
DA:7,10
DA:37,10
DA:39,10
DA:90,10
LF:4
LH:4
BRF:0
BRH:0
end_of_record
TN:
SF:models/purposeModel.js
FNF:0
FNH:0
DA:4,10
DA:8,10
DA:10,10
DA:14,10
LF:4
LH:4
BRF:0
BRH:0
end_of_record
TN:
SF:models/recordTypeModel.js
FNF:0
FNH:0
DA:4,10
DA:8,10
DA:10,10
DA:14,10
LF:4
LH:4
BRF:0
BRH:0
end_of_record
TN:
SF:routes/accountsRoutes.js
FN:12,(anonymous_0)
FN:20,(anonymous_1)
FN:28,(anonymous_2)
FN:55,(anonymous_3)
FN:82,(anonymous_4)
FN:121,(anonymous_5)
FN:142,(anonymous_6)
FNF:7
FNH:7
FNDA:3,(anonymous_0)
FNDA:1,(anonymous_1)
FNDA:3,(anonymous_2)
FNDA:3,(anonymous_3)
FNDA:7,(anonymous_4)
FNDA:4,(anonymous_5)
FNDA:3,(anonymous_6)
DA:10,10
DA:12,10
DA:13,3
DA:14,3
DA:15,1
DA:17,2
DA:20,10
DA:21,1
DA:22,1
DA:25,10
DA:29,3
DA:30,3
DA:32,2
DA:33,2
DA:34,2
DA:39,2
DA:40,2
DA:42,0
DA:44,2
DA:45,2
DA:52,10
DA:56,3
DA:57,3
DA:59,2
DA:60,2
DA:61,2
DA:66,2
DA:67,2
DA:69,0
DA:71,2
DA:72,2
DA:79,10
DA:83,7
DA:84,1
DA:87,6
DA:88,6
DA:90,5
DA:91,1
DA:93,4
DA:94,1
DA:97,3
DA:102,3
DA:104,2
DA:105,2
DA:107,2
DA:112,2
DA:114,2
DA:118,10
DA:122,4
DA:123,4
DA:125,3
DA:126,1
DA:128,2
DA:129,2
DA:131,2
DA:136,2
DA:138,2
DA:142,10
DA:143,3
DA:146,3
DA:148,2
LF:61
LH:59
BRDA:14,0,0,1
BRDA:14,0,1,2
BRDA:30,1,0,1
BRDA:30,1,1,2
BRDA:57,2,0,1
BRDA:57,2,1,2
BRDA:83,3,0,1
BRDA:83,3,1,6
BRDA:88,4,0,1
BRDA:88,4,1,5
BRDA:90,5,0,1
BRDA:90,5,1,4
BRDA:93,6,0,1
BRDA:93,6,1,3
BRDA:102,7,0,1
BRDA:102,7,1,2
BRDA:112,8,0,0
BRDA:112,8,1,2
BRDA:123,9,0,1
BRDA:123,9,1,3
BRDA:125,10,0,1
BRDA:125,10,1,2
BRDA:136,11,0,0
BRDA:136,11,1,2
BRDA:146,12,0,1
BRDA:146,12,1,2
BRF:26
BRH:24
end_of_record
TN:
SF:routes/appointmentsRoutes.js
FN:25,(anonymous_0)
FN:29,(anonymous_1)
FN:52,(anonymous_2)
FN:102,(anonymous_3)
FN:145,(anonymous_4)
FN:211,(anonymous_5)
FN:244,(anonymous_6)
FNF:7
FNH:6
FNDA:2,(anonymous_0)
FNDA:0,(anonymous_1)
FNDA:6,(anonymous_2)
FNDA:8,(anonymous_3)
FNDA:10,(anonymous_4)
FNDA:5,(anonymous_5)
FNDA:4,(anonymous_6)
DA:23,10
DA:25,10
DA:26,2
DA:27,2
DA:29,0
DA:31,2
DA:33,2
DA:34,1
DA:36,2
DA:37,2
DA:49,10
DA:53,6
DA:54,6
DA:55,4
DA:56,1
DA:61,3
DA:62,3
DA:63,2
DA:64,1
DA:66,1
DA:69,3
DA:70,3
DA:71,3
DA:73,3
DA:74,3
DA:78,6
DA:86,3
DA:90,10
DA:103,8
DA:104,8
DA:105,7
DA:106,7
DA:108,6
DA:109,6
DA:111,6
DA:112,1
DA:116,4
DA:117,4
DA:118,4
DA:120,4
DA:121,4
DA:123,4
DA:127,10
DA:146,10
DA:147,10
DA:149,9
DA:152,9
DA:154,9
DA:155,9
DA:157,9
DA:161,1
DA:166,7
DA:167,1
DA:169,6
DA:170,1
DA:174,5
DA:175,5
DA:179,5
DA:180,5
DA:182,5
DA:183,5
DA:184,5
DA:186,5
DA:187,5
DA:188,5
DA:190,5
DA:194,10
DA:212,5
DA:213,5
DA:215,5
DA:216,1
DA:220,4
DA:221,0
DA:225,4
DA:226,4
DA:228,4
DA:233,4
DA:234,4
DA:238,4
DA:240,4
DA:244,10
DA:245,4
DA:246,4
DA:248,3
DA:249,3
DA:253,3
DA:255,3
LF:87
LH:85
BRDA:33,0,0,1
BRDA:33,0,1,1
BRDA:54,1,0,4
BRDA:54,1,1,2
BRDA:55,2,0,1
BRDA:55,2,1,3
BRDA:62,3,0,1
BRDA:62,3,1,2
BRDA:63,4,0,1
BRDA:63,4,1,1
BRDA:104,5,0,1
BRDA:104,5,1,7
BRDA:106,6,0,1
BRDA:106,6,1,6
BRDA:109,7,0,1
BRDA:109,7,1,5
BRDA:111,8,0,1
BRDA:111,8,1,4
BRDA:147,9,0,1
BRDA:147,9,1,9
BRDA:152,10,0,1
BRDA:152,10,1,8
BRDA:155,11,0,0
BRDA:155,11,1,9
BRDA:157,12,0,1
BRDA:157,12,1,7
BRDA:166,13,0,1
BRDA:166,13,1,6
BRDA:169,14,0,1
BRDA:169,14,1,5
BRDA:213,15,0,0
BRDA:213,15,1,5
BRDA:215,16,0,1
BRDA:215,16,1,4
BRDA:220,17,0,0
BRDA:220,17,1,4
BRDA:246,18,0,1
BRDA:246,18,1,3
BRF:38
BRH:35
end_of_record
TN:
SF:routes/authRoutes.js
FN:9,(anonymous_0)
FNF:1
FNH:1
FNDA:3,(anonymous_0)
DA:7,10
DA:9,10
DA:10,3
DA:11,3
DA:13,2
DA:17,2
DA:18,1
DA:20,1
DA:21,1
LF:9
LH:9
BRDA:11,0,0,1
BRDA:11,0,1,2
BRDA:17,1,0,1
BRDA:17,1,1,1
BRF:4
BRH:4
end_of_record
TN:
SF:routes/fieldsRoutes.js
FN:13,(anonymous_0)
FN:18,(anonymous_1)
FN:27,(anonymous_2)
FN:41,(anonymous_3)
FN:56,(anonymous_4)
FNF:5
FNH:5
FNDA:1,(anonymous_0)
FNDA:2,(anonymous_1)
FNDA:3,(anonymous_2)
FNDA:4,(anonymous_3)
FNDA:3,(anonymous_4)
DA:11,10
DA:13,10
DA:14,1
DA:15,1
DA:18,10
DA:19,2
DA:20,2
DA:21,1
DA:24,10
DA:28,3
DA:29,3
DA:30,1
DA:32,2
DA:33,2
DA:34,2
DA:38,10
DA:42,4
DA:43,4
DA:44,1
DA:46,3
DA:51,3
DA:52,2
DA:56,10
DA:57,3
DA:58,3
DA:59,2
LF:26
LH:26
BRDA:20,0,0,1
BRDA:20,0,1,1
BRDA:29,1,0,1
BRDA:29,1,1,2
BRDA:43,2,0,1
BRDA:43,2,1,3
BRDA:51,3,0,1
BRDA:51,3,1,2
BRDA:58,4,0,1
BRDA:58,4,1,2
BRF:10
BRH:10
end_of_record
TN:
SF:routes/medicalRecordsRoutes.js
FN:19,(anonymous_0)
FN:23,(anonymous_1)
FN:50,(anonymous_2)
FN:113,(anonymous_3)
FN:159,(anonymous_4)
FNF:5
FNH:4
FNDA:3,(anonymous_0)
FNDA:0,(anonymous_1)
FNDA:9,(anonymous_2)
FNDA:5,(anonymous_3)
FNDA:3,(anonymous_4)
DA:17,10
DA:19,10
DA:20,3
DA:21,3
DA:23,0
DA:25,3
DA:27,3
DA:28,2
DA:29,1
DA:31,1
DA:32,0
DA:34,2
DA:35,2
DA:47,10
DA:51,9
DA:52,2
DA:53,1
DA:56,8
DA:57,8
DA:59,7
DA:60,7
DA:62,6
DA:63,6
DA:65,5
DA:67,5
DA:70,5
DA:71,1
DA:73,4
DA:75,4
DA:88,4
DA:90,4
DA:91,4
DA:93,4
DA:97,10
DA:114,5
DA:116,5
DA:117,5
DA:118,5
DA:119,1
DA:120,4
DA:122,4
DA:123,4
DA:124,4
DA:125,3
DA:128,3
DA:135,3
DA:137,3
DA:138,3
DA:139,3
DA:140,3
DA:141,3
DA:144,3
DA:145,2
DA:148,2
DA:152,10
DA:160,3
DA:163,3
DA:165,3
DA:166,3
DA:170,3
DA:172,3
LF:61
LH:59
BRDA:27,0,0,2
BRDA:27,0,1,1
BRDA:28,1,0,1
BRDA:28,1,1,1
BRDA:31,2,0,0
BRDA:31,2,1,1
BRDA:51,3,0,2
BRDA:51,3,1,7
BRDA:52,4,0,1
BRDA:52,4,1,1
BRDA:57,5,0,1
BRDA:57,5,1,7
BRDA:60,6,0,1
BRDA:60,6,1,6
BRDA:63,7,0,1
BRDA:63,7,1,5
BRDA:70,8,0,1
BRDA:70,8,1,4
BRDA:73,9,0,4
BRDA:73,9,1,1
BRDA:116,10,0,5
BRDA:116,10,1,0
BRDA:118,11,0,1
BRDA:118,11,1,4
BRDA:122,12,0,4
BRDA:122,12,1,0
BRDA:124,13,0,1
BRDA:124,13,1,3
BRDA:135,14,0,0
BRDA:135,14,1,3
BRDA:137,15,0,3
BRDA:137,15,1,0
BRDA:144,16,0,1
BRDA:144,16,1,2
BRDA:163,17,0,0
BRDA:163,17,1,3
BRF:36
BRH:30
end_of_record
TN:
SF:routes/medicationsRoutes.js
FN:13,(anonymous_0)
FN:18,(anonymous_1)
FN:27,(anonymous_2)
FN:41,(anonymous_3)
FN:56,(anonymous_4)
FNF:5
FNH:5
FNDA:1,(anonymous_0)
FNDA:2,(anonymous_1)
FNDA:3,(anonymous_2)
FNDA:4,(anonymous_3)
FNDA:3,(anonymous_4)
DA:11,10
DA:13,10
DA:14,1
DA:15,1
DA:18,10
DA:19,2
DA:20,2
DA:21,1
DA:24,10
DA:28,3
DA:29,3
DA:30,1
DA:32,2
DA:33,2
DA:34,2
DA:38,10
DA:42,4
DA:43,4
DA:44,1
DA:46,3
DA:51,3
DA:52,2
DA:56,10
DA:57,3
DA:58,3
DA:59,2
LF:26
LH:26
BRDA:20,0,0,1
BRDA:20,0,1,1
BRDA:29,1,0,1
BRDA:29,1,1,2
BRDA:43,2,0,1
BRDA:43,2,1,3
BRDA:51,3,0,1
BRDA:51,3,1,2
BRDA:58,4,0,1
BRDA:58,4,1,2
BRF:10
BRH:10
end_of_record
TN:
SF:routes/patientsRoutes.js
FN:17,(anonymous_0)
FN:25,(anonymous_1)
FN:35,(anonymous_2)
FN:56,(anonymous_3)
FN:72,(anonymous_4)
FNF:5
FNH:5
FNDA:1,(anonymous_0)
FNDA:2,(anonymous_1)
FNDA:5,(anonymous_2)
FNDA:3,(anonymous_3)
FNDA:4,(anonymous_4)
DA:15,10
DA:17,10
DA:18,1
DA:19,1
DA:22,10
DA:26,2
DA:27,2
DA:28,2
DA:32,10
DA:36,5
DA:37,5
DA:39,4
DA:41,4
DA:42,4
DA:44,4
DA:48,10
DA:57,3
DA:64,3
DA:65,3
DA:69,10
DA:73,4
DA:74,4
DA:76,4
DA:77,4
DA:78,4
DA:80,4
LF:26
LH:26
BRDA:27,0,0,0
BRDA:27,0,1,2
BRDA:37,1,0,1
BRDA:37,1,1,4
BRDA:64,2,0,0
BRDA:64,2,1,3
BRDA:74,3,0,0
BRDA:74,3,1,4
BRF:8
BRH:5
end_of_record
TN:
SF:routes/prescriptionsRoutes.js
FN:19,(anonymous_0)
FN:23,(anonymous_1)
FN:50,(anonymous_2)
FN:125,(anonymous_3)
FN:169,(anonymous_4)
FNF:5
FNH:4
FNDA:3,(anonymous_0)
FNDA:0,(anonymous_1)
FNDA:9,(anonymous_2)
FNDA:4,(anonymous_3)
FNDA:3,(anonymous_4)
DA:17,10
DA:19,10
DA:20,3
DA:21,3
DA:23,0
DA:25,3
DA:27,3
DA:28,2
DA:29,1
DA:31,1
DA:32,0
DA:34,2
DA:35,2
DA:47,10
DA:51,9
DA:52,2
DA:53,1
DA:56,8
DA:57,8
DA:59,7
DA:60,7
DA:62,6
DA:64,6
DA:67,6
DA:68,1
DA:70,5
DA:72,5
DA:74,5
DA:75,5
DA:76,21
DA:77,21
DA:78,1
DA:79,20
DA:86,4
DA:100,4
DA:102,4
DA:103,4
DA:105,4
DA:109,10
DA:126,4
DA:132,4
DA:133,4
DA:134,4
DA:135,3
DA:138,3
DA:145,3
DA:147,3
DA:148,3
DA:149,3
DA:150,3
DA:151,3
DA:154,3
DA:155,2
DA:158,2
DA:162,10
DA:170,3
DA:173,3
DA:175,3
DA:176,3
DA:180,3
DA:182,3
LF:61
LH:59
BRDA:27,0,0,2
BRDA:27,0,1,1
BRDA:28,1,0,1
BRDA:28,1,1,1
BRDA:31,2,0,0
BRDA:31,2,1,1
BRDA:51,3,0,2
BRDA:51,3,1,7
BRDA:52,4,0,1
BRDA:52,4,1,1
BRDA:57,5,0,1
BRDA:57,5,1,7
BRDA:60,6,0,1
BRDA:60,6,1,6
BRDA:67,7,0,1
BRDA:67,7,1,5
BRDA:70,8,0,5
BRDA:70,8,1,1
BRDA:74,9,0,5
BRDA:74,9,1,0
BRDA:77,10,0,1
BRDA:77,10,1,20
BRDA:132,11,0,4
BRDA:132,11,1,0
BRDA:134,12,0,1
BRDA:134,12,1,3
BRDA:145,13,0,0
BRDA:145,13,1,3
BRDA:147,14,0,3
BRDA:147,14,1,0
BRDA:154,15,0,1
BRDA:154,15,1,2
BRDA:173,16,0,0
BRDA:173,16,1,3
BRF:34
BRH:28
end_of_record
TN:
SF:routes/purposesRoutes.js
FN:9,(anonymous_0)
FN:14,(anonymous_1)
FN:23,(anonymous_2)
FN:36,(anonymous_3)
FN:50,(anonymous_4)
FNF:5
FNH:5
FNDA:1,(anonymous_0)
FNDA:2,(anonymous_1)
FNDA:4,(anonymous_2)
FNDA:4,(anonymous_3)
FNDA:3,(anonymous_4)
DA:7,10
DA:9,10
DA:10,1
DA:11,1
DA:14,10
DA:15,2
DA:16,2
DA:17,1
DA:20,10
DA:24,4
DA:25,4
DA:27,3
DA:28,3
DA:29,3
DA:33,10
DA:37,4
DA:38,4
DA:40,3
DA:45,3
DA:46,2
DA:50,10
DA:51,3
DA:52,3
DA:53,2
LF:24
LH:24
BRDA:16,0,0,1
BRDA:16,0,1,1
BRDA:25,1,0,1
BRDA:25,1,1,3
BRDA:38,2,0,1
BRDA:38,2,1,3
BRDA:45,3,0,1
BRDA:45,3,1,2
BRDA:52,4,0,1
BRDA:52,4,1,2
BRF:10
BRH:10
end_of_record
TN:
SF:routes/recordTypesRoutes.js
FN:13,(anonymous_0)
FN:18,(anonymous_1)
FN:27,(anonymous_2)
FN:41,(anonymous_3)
FN:56,(anonymous_4)
FNF:5
FNH:5
FNDA:1,(anonymous_0)
FNDA:2,(anonymous_1)
FNDA:3,(anonymous_2)
FNDA:4,(anonymous_3)
FNDA:3,(anonymous_4)
DA:11,10
DA:13,10
DA:14,1
DA:15,1
DA:18,10
DA:19,2
DA:20,2
DA:21,1
DA:24,10
DA:28,3
DA:29,3
DA:30,1
DA:32,2
DA:33,2
DA:34,2
DA:38,10
DA:42,4
DA:43,4
DA:44,1
DA:46,3
DA:51,3
DA:52,2
DA:56,10
DA:57,3
DA:58,3
DA:59,2
LF:26
LH:26
BRDA:20,0,0,1
BRDA:20,0,1,1
BRDA:29,1,0,1
BRDA:29,1,1,2
BRDA:43,2,0,1
BRDA:43,2,1,3
BRDA:51,3,0,1
BRDA:51,3,1,2
BRDA:58,4,0,1
BRDA:58,4,1,2
BRF:10
BRH:10
end_of_record
TN:
SF:startup/config.js
FN:3,checkConfigVariables
FNF:1
FNH:1
FNDA:10,checkConfigVariables
DA:4,10
DA:5,0
LF:2
LH:1
BRDA:4,0,0,0
BRDA:4,0,1,10
BRF:2
BRH:1
end_of_record
TN:
SF:startup/logger.js
FN:7,(anonymous_0)
FNF:1
FNH:1
FNDA:32,(anonymous_0)
DA:5,10
DA:7,10
DA:8,32
DA:11,10
LF:4
LH:4
BRF:0
BRH:0
end_of_record
TN:
SF:startup/mongo.js
FN:11,initialiseDb
FN:17,(anonymous_1)
FNF:2
FNH:2
FNDA:10,initialiseDb
FNDA:10,(anonymous_1)
DA:5,10
DA:12,10
DA:17,10
DA:19,10
LF:4
LH:4
BRF:0
BRH:0
end_of_record
TN:
SF:startup/routes.js
FN:19,initialiseRoutes
FNF:1
FNH:1
FNDA:10,initialiseRoutes
DA:20,10
DA:21,10
DA:23,10
DA:24,10
DA:26,10
DA:27,10
DA:29,10
DA:30,10
DA:31,10
DA:32,10
DA:33,10
DA:34,10
DA:35,10
DA:36,10
DA:37,10
DA:38,10
DA:40,10
LF:17
LH:17
BRF:0
BRH:0
end_of_record
